2015.02.27 04:05 B \action-black.svg --> studentweb.cencol.ca /lartyukh/portfolioWebsite/myMobileSite/jquery.mobile-1.4.2/demos/css/themes/default/images/icons-svg action-black.svg
2015.02.27 04:05 B \action-white.svg --> studentweb.cencol.ca /lartyukh/portfolioWebsite/myMobileSite/jquery.mobile-1.4.2/demos/css/themes/default/images/icons-svg action-white.svg
2015.02.27 04:05 B \alert-black.svg --> studentweb.cencol.ca /lartyukh/portfolioWebsite/myMobileSite/jquery.mobile-1.4.2/demos/css/themes/default/images/icons-svg alert-black.svg
2015.02.27 04:05 B \alert-white.svg --> studentweb.cencol.ca /lartyukh/portfolioWebsite/myMobileSite/jquery.mobile-1.4.2/demos/css/themes/default/images/icons-svg alert-white.svg
2015.02.27 04:05 B \arrow-d-black.svg --> studentweb.cencol.ca /lartyukh/portfolioWebsite/myMobileSite/jquery.mobile-1.4.2/demos/css/themes/default/images/icons-svg arrow-d-black.svg
2015.02.27 04:05 B \arrow-d-l-black.svg --> studentweb.cencol.ca /lartyukh/portfolioWebsite/myMobileSite/jquery.mobile-1.4.2/demos/css/themes/default/images/icons-svg arrow-d-l-black.svg
2015.02.27 04:05 B \arrow-d-l-white.svg --> studentweb.cencol.ca /lartyukh/portfolioWebsite/myMobileSite/jquery.mobile-1.4.2/demos/css/themes/default/images/icons-svg arrow-d-l-white.svg
2015.02.27 04:05 B \arrow-d-r-black.svg --> studentweb.cencol.ca /lartyukh/portfolioWebsite/myMobileSite/jquery.mobile-1.4.2/demos/css/themes/default/images/icons-svg arrow-d-r-black.svg
2015.02.27 04:05 B \arrow-d-r-white.svg --> studentweb.cencol.ca /lartyukh/portfolioWebsite/myMobileSite/jquery.mobile-1.4.2/demos/css/themes/default/images/icons-svg arrow-d-r-white.svg
2015.02.27 04:05 B \arrow-d-white.svg --> studentweb.cencol.ca /lartyukh/portfolioWebsite/myMobileSite/jquery.mobile-1.4.2/demos/css/themes/default/images/icons-svg arrow-d-white.svg
2015.02.27 04:05 B \arrow-l-black.svg --> studentweb.cencol.ca /lartyukh/portfolioWebsite/myMobileSite/jquery.mobile-1.4.2/demos/css/themes/default/images/icons-svg arrow-l-black.svg
2015.02.27 04:05 B \arrow-l-white.svg --> studentweb.cencol.ca /lartyukh/portfolioWebsite/myMobileSite/jquery.mobile-1.4.2/demos/css/themes/default/images/icons-svg arrow-l-white.svg
2015.02.27 04:05 B \arrow-r-black.svg --> studentweb.cencol.ca /lartyukh/portfolioWebsite/myMobileSite/jquery.mobile-1.4.2/demos/css/themes/default/images/icons-svg arrow-r-black.svg
2015.02.27 04:05 B \arrow-r-white.svg --> studentweb.cencol.ca /lartyukh/portfolioWebsite/myMobileSite/jquery.mobile-1.4.2/demos/css/themes/default/images/icons-svg arrow-r-white.svg
2015.02.27 04:05 B \arrow-u-black.svg --> studentweb.cencol.ca /lartyukh/portfolioWebsite/myMobileSite/jquery.mobile-1.4.2/demos/css/themes/default/images/icons-svg arrow-u-black.svg
2015.02.27 04:05 B \arrow-u-l-black.svg --> studentweb.cencol.ca /lartyukh/portfolioWebsite/myMobileSite/jquery.mobile-1.4.2/demos/css/themes/default/images/icons-svg arrow-u-l-black.svg
2015.02.27 04:05 B \arrow-u-l-white.svg --> studentweb.cencol.ca /lartyukh/portfolioWebsite/myMobileSite/jquery.mobile-1.4.2/demos/css/themes/default/images/icons-svg arrow-u-l-white.svg
2015.02.27 04:05 B \arrow-u-r-black.svg --> studentweb.cencol.ca /lartyukh/portfolioWebsite/myMobileSite/jquery.mobile-1.4.2/demos/css/themes/default/images/icons-svg arrow-u-r-black.svg
2015.02.27 04:05 B \arrow-u-r-white.svg --> studentweb.cencol.ca /lartyukh/portfolioWebsite/myMobileSite/jquery.mobile-1.4.2/demos/css/themes/default/images/icons-svg arrow-u-r-white.svg
2015.02.27 04:05 B \arrow-u-white.svg --> studentweb.cencol.ca /lartyukh/portfolioWebsite/myMobileSite/jquery.mobile-1.4.2/demos/css/themes/default/images/icons-svg arrow-u-white.svg
2015.02.27 04:05 B \audio-black.svg --> studentweb.cencol.ca /lartyukh/portfolioWebsite/myMobileSite/jquery.mobile-1.4.2/demos/css/themes/default/images/icons-svg audio-black.svg
2015.02.27 04:05 B \audio-white.svg --> studentweb.cencol.ca /lartyukh/portfolioWebsite/myMobileSite/jquery.mobile-1.4.2/demos/css/themes/default/images/icons-svg audio-white.svg
2015.02.27 04:05 B \back-black.svg --> studentweb.cencol.ca /lartyukh/portfolioWebsite/myMobileSite/jquery.mobile-1.4.2/demos/css/themes/default/images/icons-svg back-black.svg
2015.02.27 04:05 B \back-white.svg --> studentweb.cencol.ca /lartyukh/portfolioWebsite/myMobileSite/jquery.mobile-1.4.2/demos/css/themes/default/images/icons-svg back-white.svg
2015.02.27 04:05 B \bars-black.svg --> studentweb.cencol.ca /lartyukh/portfolioWebsite/myMobileSite/jquery.mobile-1.4.2/demos/css/themes/default/images/icons-svg bars-black.svg
2015.02.27 04:05 B \bars-white.svg --> studentweb.cencol.ca /lartyukh/portfolioWebsite/myMobileSite/jquery.mobile-1.4.2/demos/css/themes/default/images/icons-svg bars-white.svg
2015.02.27 04:05 B \bullets-black.svg --> studentweb.cencol.ca /lartyukh/portfolioWebsite/myMobileSite/jquery.mobile-1.4.2/demos/css/themes/default/images/icons-svg bullets-black.svg
2015.02.27 04:05 B \bullets-white.svg --> studentweb.cencol.ca /lartyukh/portfolioWebsite/myMobileSite/jquery.mobile-1.4.2/demos/css/themes/default/images/icons-svg bullets-white.svg
2015.02.27 04:05 B \calendar-black.svg --> studentweb.cencol.ca /lartyukh/portfolioWebsite/myMobileSite/jquery.mobile-1.4.2/demos/css/themes/default/images/icons-svg calendar-black.svg
2015.02.27 04:05 B \calendar-white.svg --> studentweb.cencol.ca /lartyukh/portfolioWebsite/myMobileSite/jquery.mobile-1.4.2/demos/css/themes/default/images/icons-svg calendar-white.svg
2015.02.27 04:05 B \camera-black.svg --> studentweb.cencol.ca /lartyukh/portfolioWebsite/myMobileSite/jquery.mobile-1.4.2/demos/css/themes/default/images/icons-svg camera-black.svg
2015.02.27 04:05 B \camera-white.svg --> studentweb.cencol.ca /lartyukh/portfolioWebsite/myMobileSite/jquery.mobile-1.4.2/demos/css/themes/default/images/icons-svg camera-white.svg
2015.02.27 04:05 B \carat-d-black.svg --> studentweb.cencol.ca /lartyukh/portfolioWebsite/myMobileSite/jquery.mobile-1.4.2/demos/css/themes/default/images/icons-svg carat-d-black.svg
2015.02.27 04:05 B \carat-d-white.svg --> studentweb.cencol.ca /lartyukh/portfolioWebsite/myMobileSite/jquery.mobile-1.4.2/demos/css/themes/default/images/icons-svg carat-d-white.svg
2015.02.27 04:05 B \carat-l-black.svg --> studentweb.cencol.ca /lartyukh/portfolioWebsite/myMobileSite/jquery.mobile-1.4.2/demos/css/themes/default/images/icons-svg carat-l-black.svg
2015.02.27 04:05 B \carat-l-white.svg --> studentweb.cencol.ca /lartyukh/portfolioWebsite/myMobileSite/jquery.mobile-1.4.2/demos/css/themes/default/images/icons-svg carat-l-white.svg
2015.02.27 04:05 B \carat-r-black.svg --> studentweb.cencol.ca /lartyukh/portfolioWebsite/myMobileSite/jquery.mobile-1.4.2/demos/css/themes/default/images/icons-svg carat-r-black.svg
2015.02.27 04:05 B \carat-r-white.svg --> studentweb.cencol.ca /lartyukh/portfolioWebsite/myMobileSite/jquery.mobile-1.4.2/demos/css/themes/default/images/icons-svg carat-r-white.svg
2015.02.27 04:05 B \carat-u-black.svg --> studentweb.cencol.ca /lartyukh/portfolioWebsite/myMobileSite/jquery.mobile-1.4.2/demos/css/themes/default/images/icons-svg carat-u-black.svg
2015.02.27 04:05 B \carat-u-white.svg --> studentweb.cencol.ca /lartyukh/portfolioWebsite/myMobileSite/jquery.mobile-1.4.2/demos/css/themes/default/images/icons-svg carat-u-white.svg
2015.02.27 04:05 B \check-black.svg --> studentweb.cencol.ca /lartyukh/portfolioWebsite/myMobileSite/jquery.mobile-1.4.2/demos/css/themes/default/images/icons-svg check-black.svg
2015.02.27 04:05 B \check-white.svg --> studentweb.cencol.ca /lartyukh/portfolioWebsite/myMobileSite/jquery.mobile-1.4.2/demos/css/themes/default/images/icons-svg check-white.svg
2015.02.27 04:05 B \clock-black.svg --> studentweb.cencol.ca /lartyukh/portfolioWebsite/myMobileSite/jquery.mobile-1.4.2/demos/css/themes/default/images/icons-svg clock-black.svg
2015.02.27 04:05 B \clock-white.svg --> studentweb.cencol.ca /lartyukh/portfolioWebsite/myMobileSite/jquery.mobile-1.4.2/demos/css/themes/default/images/icons-svg clock-white.svg
2015.02.27 04:05 B \cloud-black.svg --> studentweb.cencol.ca /lartyukh/portfolioWebsite/myMobileSite/jquery.mobile-1.4.2/demos/css/themes/default/images/icons-svg cloud-black.svg
2015.02.27 04:05 B \cloud-white.svg --> studentweb.cencol.ca /lartyukh/portfolioWebsite/myMobileSite/jquery.mobile-1.4.2/demos/css/themes/default/images/icons-svg cloud-white.svg
2015.02.27 04:05 B \comment-black.svg --> studentweb.cencol.ca /lartyukh/portfolioWebsite/myMobileSite/jquery.mobile-1.4.2/demos/css/themes/default/images/icons-svg comment-black.svg
2015.02.27 04:05 B \comment-white.svg --> studentweb.cencol.ca /lartyukh/portfolioWebsite/myMobileSite/jquery.mobile-1.4.2/demos/css/themes/default/images/icons-svg comment-white.svg
2015.02.27 04:05 B \delete-black.svg --> studentweb.cencol.ca /lartyukh/portfolioWebsite/myMobileSite/jquery.mobile-1.4.2/demos/css/themes/default/images/icons-svg delete-black.svg
2015.02.27 04:05 B \delete-white.svg --> studentweb.cencol.ca /lartyukh/portfolioWebsite/myMobileSite/jquery.mobile-1.4.2/demos/css/themes/default/images/icons-svg delete-white.svg
2015.02.27 04:05 B \edit-black.svg --> studentweb.cencol.ca /lartyukh/portfolioWebsite/myMobileSite/jquery.mobile-1.4.2/demos/css/themes/default/images/icons-svg edit-black.svg
2015.02.27 04:05 B \edit-white.svg --> studentweb.cencol.ca /lartyukh/portfolioWebsite/myMobileSite/jquery.mobile-1.4.2/demos/css/themes/default/images/icons-svg edit-white.svg
2015.02.27 04:05 B \eye-black.svg --> studentweb.cencol.ca /lartyukh/portfolioWebsite/myMobileSite/jquery.mobile-1.4.2/demos/css/themes/default/images/icons-svg eye-black.svg
2015.02.27 04:05 B \eye-white.svg --> studentweb.cencol.ca /lartyukh/portfolioWebsite/myMobileSite/jquery.mobile-1.4.2/demos/css/themes/default/images/icons-svg eye-white.svg
2015.02.27 04:05 B \forbidden-black.svg --> studentweb.cencol.ca /lartyukh/portfolioWebsite/myMobileSite/jquery.mobile-1.4.2/demos/css/themes/default/images/icons-svg forbidden-black.svg
2015.02.27 04:05 B \forbidden-white.svg --> studentweb.cencol.ca /lartyukh/portfolioWebsite/myMobileSite/jquery.mobile-1.4.2/demos/css/themes/default/images/icons-svg forbidden-white.svg
2015.02.27 04:05 B \forward-black.svg --> studentweb.cencol.ca /lartyukh/portfolioWebsite/myMobileSite/jquery.mobile-1.4.2/demos/css/themes/default/images/icons-svg forward-black.svg
2015.02.27 04:05 B \forward-white.svg --> studentweb.cencol.ca /lartyukh/portfolioWebsite/myMobileSite/jquery.mobile-1.4.2/demos/css/themes/default/images/icons-svg forward-white.svg
2015.02.27 04:05 B \gear-black.svg --> studentweb.cencol.ca /lartyukh/portfolioWebsite/myMobileSite/jquery.mobile-1.4.2/demos/css/themes/default/images/icons-svg gear-black.svg
2015.02.27 04:05 B \gear-white.svg --> studentweb.cencol.ca /lartyukh/portfolioWebsite/myMobileSite/jquery.mobile-1.4.2/demos/css/themes/default/images/icons-svg gear-white.svg
2015.02.27 04:05 B \grid-black.svg --> studentweb.cencol.ca /lartyukh/portfolioWebsite/myMobileSite/jquery.mobile-1.4.2/demos/css/themes/default/images/icons-svg grid-black.svg
2015.02.27 04:05 B \grid-white.svg --> studentweb.cencol.ca /lartyukh/portfolioWebsite/myMobileSite/jquery.mobile-1.4.2/demos/css/themes/default/images/icons-svg grid-white.svg
2015.02.27 04:05 B \heart-black.svg --> studentweb.cencol.ca /lartyukh/portfolioWebsite/myMobileSite/jquery.mobile-1.4.2/demos/css/themes/default/images/icons-svg heart-black.svg
2015.02.27 04:05 B \heart-white.svg --> studentweb.cencol.ca /lartyukh/portfolioWebsite/myMobileSite/jquery.mobile-1.4.2/demos/css/themes/default/images/icons-svg heart-white.svg
2015.02.27 04:05 B \home-black.svg --> studentweb.cencol.ca /lartyukh/portfolioWebsite/myMobileSite/jquery.mobile-1.4.2/demos/css/themes/default/images/icons-svg home-black.svg
2015.02.27 04:05 B \home-white.svg --> studentweb.cencol.ca /lartyukh/portfolioWebsite/myMobileSite/jquery.mobile-1.4.2/demos/css/themes/default/images/icons-svg home-white.svg
2015.02.27 04:05 B \info-black.svg --> studentweb.cencol.ca /lartyukh/portfolioWebsite/myMobileSite/jquery.mobile-1.4.2/demos/css/themes/default/images/icons-svg info-black.svg
2015.02.27 04:05 B \info-white.svg --> studentweb.cencol.ca /lartyukh/portfolioWebsite/myMobileSite/jquery.mobile-1.4.2/demos/css/themes/default/images/icons-svg info-white.svg
2015.02.27 04:05 B \location-black.svg --> studentweb.cencol.ca /lartyukh/portfolioWebsite/myMobileSite/jquery.mobile-1.4.2/demos/css/themes/default/images/icons-svg location-black.svg
2015.02.27 04:05 B \location-white.svg --> studentweb.cencol.ca /lartyukh/portfolioWebsite/myMobileSite/jquery.mobile-1.4.2/demos/css/themes/default/images/icons-svg location-white.svg
2015.02.27 04:05 B \lock-black.svg --> studentweb.cencol.ca /lartyukh/portfolioWebsite/myMobileSite/jquery.mobile-1.4.2/demos/css/themes/default/images/icons-svg lock-black.svg
2015.02.27 04:05 B \lock-white.svg --> studentweb.cencol.ca /lartyukh/portfolioWebsite/myMobileSite/jquery.mobile-1.4.2/demos/css/themes/default/images/icons-svg lock-white.svg
2015.02.27 04:05 B \mail-black.svg --> studentweb.cencol.ca /lartyukh/portfolioWebsite/myMobileSite/jquery.mobile-1.4.2/demos/css/themes/default/images/icons-svg mail-black.svg
2015.02.27 04:05 B \mail-white.svg --> studentweb.cencol.ca /lartyukh/portfolioWebsite/myMobileSite/jquery.mobile-1.4.2/demos/css/themes/default/images/icons-svg mail-white.svg
2015.02.27 04:05 B \minus-black.svg --> studentweb.cencol.ca /lartyukh/portfolioWebsite/myMobileSite/jquery.mobile-1.4.2/demos/css/themes/default/images/icons-svg minus-black.svg
2015.02.27 04:05 B \minus-white.svg --> studentweb.cencol.ca /lartyukh/portfolioWebsite/myMobileSite/jquery.mobile-1.4.2/demos/css/themes/default/images/icons-svg minus-white.svg
2015.02.27 04:05 B \navigation-black.svg --> studentweb.cencol.ca /lartyukh/portfolioWebsite/myMobileSite/jquery.mobile-1.4.2/demos/css/themes/default/images/icons-svg navigation-black.svg
2015.02.27 04:05 B \navigation-white.svg --> studentweb.cencol.ca /lartyukh/portfolioWebsite/myMobileSite/jquery.mobile-1.4.2/demos/css/themes/default/images/icons-svg navigation-white.svg
2015.02.27 04:05 B \phone-black.svg --> studentweb.cencol.ca /lartyukh/portfolioWebsite/myMobileSite/jquery.mobile-1.4.2/demos/css/themes/default/images/icons-svg phone-black.svg
2015.02.27 04:05 B \phone-white.svg --> studentweb.cencol.ca /lartyukh/portfolioWebsite/myMobileSite/jquery.mobile-1.4.2/demos/css/themes/default/images/icons-svg phone-white.svg
2015.02.27 04:05 B \plus-black.svg --> studentweb.cencol.ca /lartyukh/portfolioWebsite/myMobileSite/jquery.mobile-1.4.2/demos/css/themes/default/images/icons-svg plus-black.svg
2015.02.27 04:05 B \plus-white.svg --> studentweb.cencol.ca /lartyukh/portfolioWebsite/myMobileSite/jquery.mobile-1.4.2/demos/css/themes/default/images/icons-svg plus-white.svg
2015.02.27 04:05 B \power-black.svg --> studentweb.cencol.ca /lartyukh/portfolioWebsite/myMobileSite/jquery.mobile-1.4.2/demos/css/themes/default/images/icons-svg power-black.svg
2015.02.27 04:05 B \power-white.svg --> studentweb.cencol.ca /lartyukh/portfolioWebsite/myMobileSite/jquery.mobile-1.4.2/demos/css/themes/default/images/icons-svg power-white.svg
2015.02.27 04:05 B \recycle-black.svg --> studentweb.cencol.ca /lartyukh/portfolioWebsite/myMobileSite/jquery.mobile-1.4.2/demos/css/themes/default/images/icons-svg recycle-black.svg
2015.02.27 04:05 B \recycle-white.svg --> studentweb.cencol.ca /lartyukh/portfolioWebsite/myMobileSite/jquery.mobile-1.4.2/demos/css/themes/default/images/icons-svg recycle-white.svg
2015.02.27 04:05 B \refresh-black.svg --> studentweb.cencol.ca /lartyukh/portfolioWebsite/myMobileSite/jquery.mobile-1.4.2/demos/css/themes/default/images/icons-svg refresh-black.svg
2015.02.27 04:05 B \refresh-white.svg --> studentweb.cencol.ca /lartyukh/portfolioWebsite/myMobileSite/jquery.mobile-1.4.2/demos/css/themes/default/images/icons-svg refresh-white.svg
2015.02.27 04:05 B \search-black.svg --> studentweb.cencol.ca /lartyukh/portfolioWebsite/myMobileSite/jquery.mobile-1.4.2/demos/css/themes/default/images/icons-svg search-black.svg
2015.02.27 04:05 B \search-white.svg --> studentweb.cencol.ca /lartyukh/portfolioWebsite/myMobileSite/jquery.mobile-1.4.2/demos/css/themes/default/images/icons-svg search-white.svg
2015.02.27 04:05 B \shop-black.svg --> studentweb.cencol.ca /lartyukh/portfolioWebsite/myMobileSite/jquery.mobile-1.4.2/demos/css/themes/default/images/icons-svg shop-black.svg
2015.02.27 04:05 B \shop-white.svg --> studentweb.cencol.ca /lartyukh/portfolioWebsite/myMobileSite/jquery.mobile-1.4.2/demos/css/themes/default/images/icons-svg shop-white.svg
2015.02.27 04:05 B \star-black.svg --> studentweb.cencol.ca /lartyukh/portfolioWebsite/myMobileSite/jquery.mobile-1.4.2/demos/css/themes/default/images/icons-svg star-black.svg
2015.02.27 04:05 B \star-white.svg --> studentweb.cencol.ca /lartyukh/portfolioWebsite/myMobileSite/jquery.mobile-1.4.2/demos/css/themes/default/images/icons-svg star-white.svg
2015.02.27 04:05 B \tag-black.svg --> studentweb.cencol.ca /lartyukh/portfolioWebsite/myMobileSite/jquery.mobile-1.4.2/demos/css/themes/default/images/icons-svg tag-black.svg
2015.02.27 04:05 B \tag-white.svg --> studentweb.cencol.ca /lartyukh/portfolioWebsite/myMobileSite/jquery.mobile-1.4.2/demos/css/themes/default/images/icons-svg tag-white.svg
2015.02.27 04:05 B \user-black.svg --> studentweb.cencol.ca /lartyukh/portfolioWebsite/myMobileSite/jquery.mobile-1.4.2/demos/css/themes/default/images/icons-svg user-black.svg
2015.02.27 04:05 B \user-white.svg --> studentweb.cencol.ca /lartyukh/portfolioWebsite/myMobileSite/jquery.mobile-1.4.2/demos/css/themes/default/images/icons-svg user-white.svg
2015.02.27 04:05 B \video-black.svg --> studentweb.cencol.ca /lartyukh/portfolioWebsite/myMobileSite/jquery.mobile-1.4.2/demos/css/themes/default/images/icons-svg video-black.svg
2015.02.27 04:05 B \video-white.svg --> studentweb.cencol.ca /lartyukh/portfolioWebsite/myMobileSite/jquery.mobile-1.4.2/demos/css/themes/default/images/icons-svg video-white.svg
2015.02.28 15:32 B H:\PROJECTS\web\website\portfolioWebsite\myMobileSite\jquery.mobile-1.4.2\demos\css\themes\default\images\icons-svg\action-black.svg --> studentweb.cencol.ca /lartyukh/portfolioWebsite/myMobileSite/jquery.mobile-1.4.2/demos/css/themes/default/images/icons-svg action-black.svg
2015.02.28 15:32 B H:\PROJECTS\web\website\portfolioWebsite\myMobileSite\jquery.mobile-1.4.2\demos\css\themes\default\images\icons-svg\action-white.svg --> studentweb.cencol.ca /lartyukh/portfolioWebsite/myMobileSite/jquery.mobile-1.4.2/demos/css/themes/default/images/icons-svg action-white.svg
2015.02.28 15:32 B H:\PROJECTS\web\website\portfolioWebsite\myMobileSite\jquery.mobile-1.4.2\demos\css\themes\default\images\icons-svg\alert-black.svg --> studentweb.cencol.ca /lartyukh/portfolioWebsite/myMobileSite/jquery.mobile-1.4.2/demos/css/themes/default/images/icons-svg alert-black.svg
2015.02.28 15:32 B H:\PROJECTS\web\website\portfolioWebsite\myMobileSite\jquery.mobile-1.4.2\demos\css\themes\default\images\icons-svg\alert-white.svg --> studentweb.cencol.ca /lartyukh/portfolioWebsite/myMobileSite/jquery.mobile-1.4.2/demos/css/themes/default/images/icons-svg alert-white.svg
2015.02.28 15:32 B H:\PROJECTS\web\website\portfolioWebsite\myMobileSite\jquery.mobile-1.4.2\demos\css\themes\default\images\icons-svg\arrow-d-black.svg --> studentweb.cencol.ca /lartyukh/portfolioWebsite/myMobileSite/jquery.mobile-1.4.2/demos/css/themes/default/images/icons-svg arrow-d-black.svg
2015.02.28 15:32 B H:\PROJECTS\web\website\portfolioWebsite\myMobileSite\jquery.mobile-1.4.2\demos\css\themes\default\images\icons-svg\arrow-d-l-black.svg --> studentweb.cencol.ca /lartyukh/portfolioWebsite/myMobileSite/jquery.mobile-1.4.2/demos/css/themes/default/images/icons-svg arrow-d-l-black.svg
2015.02.28 15:32 B H:\PROJECTS\web\website\portfolioWebsite\myMobileSite\jquery.mobile-1.4.2\demos\css\themes\default\images\icons-svg\arrow-d-l-white.svg --> studentweb.cencol.ca /lartyukh/portfolioWebsite/myMobileSite/jquery.mobile-1.4.2/demos/css/themes/default/images/icons-svg arrow-d-l-white.svg
2015.02.28 15:32 B H:\PROJECTS\web\website\portfolioWebsite\myMobileSite\jquery.mobile-1.4.2\demos\css\themes\default\images\icons-svg\arrow-d-r-black.svg --> studentweb.cencol.ca /lartyukh/portfolioWebsite/myMobileSite/jquery.mobile-1.4.2/demos/css/themes/default/images/icons-svg arrow-d-r-black.svg
2015.02.28 15:32 B H:\PROJECTS\web\website\portfolioWebsite\myMobileSite\jquery.mobile-1.4.2\demos\css\themes\default\images\icons-svg\arrow-d-r-white.svg --> studentweb.cencol.ca /lartyukh/portfolioWebsite/myMobileSite/jquery.mobile-1.4.2/demos/css/themes/default/images/icons-svg arrow-d-r-white.svg
2015.02.28 15:32 B H:\PROJECTS\web\website\portfolioWebsite\myMobileSite\jquery.mobile-1.4.2\demos\css\themes\default\images\icons-svg\arrow-d-white.svg --> studentweb.cencol.ca /lartyukh/portfolioWebsite/myMobileSite/jquery.mobile-1.4.2/demos/css/themes/default/images/icons-svg arrow-d-white.svg
2015.02.28 15:32 B H:\PROJECTS\web\website\portfolioWebsite\myMobileSite\jquery.mobile-1.4.2\demos\css\themes\default\images\icons-svg\arrow-l-black.svg --> studentweb.cencol.ca /lartyukh/portfolioWebsite/myMobileSite/jquery.mobile-1.4.2/demos/css/themes/default/images/icons-svg arrow-l-black.svg
2015.02.28 15:32 B H:\PROJECTS\web\website\portfolioWebsite\myMobileSite\jquery.mobile-1.4.2\demos\css\themes\default\images\icons-svg\arrow-l-white.svg --> studentweb.cencol.ca /lartyukh/portfolioWebsite/myMobileSite/jquery.mobile-1.4.2/demos/css/themes/default/images/icons-svg arrow-l-white.svg
2015.02.28 15:32 B H:\PROJECTS\web\website\portfolioWebsite\myMobileSite\jquery.mobile-1.4.2\demos\css\themes\default\images\icons-svg\arrow-r-black.svg --> studentweb.cencol.ca /lartyukh/portfolioWebsite/myMobileSite/jquery.mobile-1.4.2/demos/css/themes/default/images/icons-svg arrow-r-black.svg
2015.02.28 15:32 B H:\PROJECTS\web\website\portfolioWebsite\myMobileSite\jquery.mobile-1.4.2\demos\css\themes\default\images\icons-svg\arrow-r-white.svg --> studentweb.cencol.ca /lartyukh/portfolioWebsite/myMobileSite/jquery.mobile-1.4.2/demos/css/themes/default/images/icons-svg arrow-r-white.svg
2015.02.28 15:32 B H:\PROJECTS\web\website\portfolioWebsite\myMobileSite\jquery.mobile-1.4.2\demos\css\themes\default\images\icons-svg\arrow-u-black.svg --> studentweb.cencol.ca /lartyukh/portfolioWebsite/myMobileSite/jquery.mobile-1.4.2/demos/css/themes/default/images/icons-svg arrow-u-black.svg
2015.02.28 15:32 B H:\PROJECTS\web\website\portfolioWebsite\myMobileSite\jquery.mobile-1.4.2\demos\css\themes\default\images\icons-svg\arrow-u-l-black.svg --> studentweb.cencol.ca /lartyukh/portfolioWebsite/myMobileSite/jquery.mobile-1.4.2/demos/css/themes/default/images/icons-svg arrow-u-l-black.svg
2015.02.28 15:32 B H:\PROJECTS\web\website\portfolioWebsite\myMobileSite\jquery.mobile-1.4.2\demos\css\themes\default\images\icons-svg\arrow-u-l-white.svg --> studentweb.cencol.ca /lartyukh/portfolioWebsite/myMobileSite/jquery.mobile-1.4.2/demos/css/themes/default/images/icons-svg arrow-u-l-white.svg
2015.02.28 15:32 B H:\PROJECTS\web\website\portfolioWebsite\myMobileSite\jquery.mobile-1.4.2\demos\css\themes\default\images\icons-svg\arrow-u-r-black.svg --> studentweb.cencol.ca /lartyukh/portfolioWebsite/myMobileSite/jquery.mobile-1.4.2/demos/css/themes/default/images/icons-svg arrow-u-r-black.svg
2015.02.28 15:32 B H:\PROJECTS\web\website\portfolioWebsite\myMobileSite\jquery.mobile-1.4.2\demos\css\themes\default\images\icons-svg\arrow-u-r-white.svg --> studentweb.cencol.ca /lartyukh/portfolioWebsite/myMobileSite/jquery.mobile-1.4.2/demos/css/themes/default/images/icons-svg arrow-u-r-white.svg
2015.02.28 15:32 B H:\PROJECTS\web\website\portfolioWebsite\myMobileSite\jquery.mobile-1.4.2\demos\css\themes\default\images\icons-svg\arrow-u-white.svg --> studentweb.cencol.ca /lartyukh/portfolioWebsite/myMobileSite/jquery.mobile-1.4.2/demos/css/themes/default/images/icons-svg arrow-u-white.svg
2015.02.28 15:32 B H:\PROJECTS\web\website\portfolioWebsite\myMobileSite\jquery.mobile-1.4.2\demos\css\themes\default\images\icons-svg\audio-black.svg --> studentweb.cencol.ca /lartyukh/portfolioWebsite/myMobileSite/jquery.mobile-1.4.2/demos/css/themes/default/images/icons-svg audio-black.svg
2015.02.28 15:32 B H:\PROJECTS\web\website\portfolioWebsite\myMobileSite\jquery.mobile-1.4.2\demos\css\themes\default\images\icons-svg\audio-white.svg --> studentweb.cencol.ca /lartyukh/portfolioWebsite/myMobileSite/jquery.mobile-1.4.2/demos/css/themes/default/images/icons-svg audio-white.svg
2015.02.28 15:32 B H:\PROJECTS\web\website\portfolioWebsite\myMobileSite\jquery.mobile-1.4.2\demos\css\themes\default\images\icons-svg\back-black.svg --> studentweb.cencol.ca /lartyukh/portfolioWebsite/myMobileSite/jquery.mobile-1.4.2/demos/css/themes/default/images/icons-svg back-black.svg
2015.02.28 15:32 B H:\PROJECTS\web\website\portfolioWebsite\myMobileSite\jquery.mobile-1.4.2\demos\css\themes\default\images\icons-svg\back-white.svg --> studentweb.cencol.ca /lartyukh/portfolioWebsite/myMobileSite/jquery.mobile-1.4.2/demos/css/themes/default/images/icons-svg back-white.svg
2015.02.28 15:32 B H:\PROJECTS\web\website\portfolioWebsite\myMobileSite\jquery.mobile-1.4.2\demos\css\themes\default\images\icons-svg\bars-black.svg --> studentweb.cencol.ca /lartyukh/portfolioWebsite/myMobileSite/jquery.mobile-1.4.2/demos/css/themes/default/images/icons-svg bars-black.svg
2015.02.28 15:32 B H:\PROJECTS\web\website\portfolioWebsite\myMobileSite\jquery.mobile-1.4.2\demos\css\themes\default\images\icons-svg\bars-white.svg --> studentweb.cencol.ca /lartyukh/portfolioWebsite/myMobileSite/jquery.mobile-1.4.2/demos/css/themes/default/images/icons-svg bars-white.svg
2015.02.28 15:32 B H:\PROJECTS\web\website\portfolioWebsite\myMobileSite\jquery.mobile-1.4.2\demos\css\themes\default\images\icons-svg\bullets-black.svg --> studentweb.cencol.ca /lartyukh/portfolioWebsite/myMobileSite/jquery.mobile-1.4.2/demos/css/themes/default/images/icons-svg bullets-black.svg
2015.02.28 15:32 B H:\PROJECTS\web\website\portfolioWebsite\myMobileSite\jquery.mobile-1.4.2\demos\css\themes\default\images\icons-svg\bullets-white.svg --> studentweb.cencol.ca /lartyukh/portfolioWebsite/myMobileSite/jquery.mobile-1.4.2/demos/css/themes/default/images/icons-svg bullets-white.svg
2015.02.28 15:32 B H:\PROJECTS\web\website\portfolioWebsite\myMobileSite\jquery.mobile-1.4.2\demos\css\themes\default\images\icons-svg\calendar-black.svg --> studentweb.cencol.ca /lartyukh/portfolioWebsite/myMobileSite/jquery.mobile-1.4.2/demos/css/themes/default/images/icons-svg calendar-black.svg
2015.02.28 15:32 B H:\PROJECTS\web\website\portfolioWebsite\myMobileSite\jquery.mobile-1.4.2\demos\css\themes\default\images\icons-svg\calendar-white.svg --> studentweb.cencol.ca /lartyukh/portfolioWebsite/myMobileSite/jquery.mobile-1.4.2/demos/css/themes/default/images/icons-svg calendar-white.svg
2015.02.28 15:32 B H:\PROJECTS\web\website\portfolioWebsite\myMobileSite\jquery.mobile-1.4.2\demos\css\themes\default\images\icons-svg\camera-black.svg --> studentweb.cencol.ca /lartyukh/portfolioWebsite/myMobileSite/jquery.mobile-1.4.2/demos/css/themes/default/images/icons-svg camera-black.svg
2015.02.28 15:32 B H:\PROJECTS\web\website\portfolioWebsite\myMobileSite\jquery.mobile-1.4.2\demos\css\themes\default\images\icons-svg\camera-white.svg --> studentweb.cencol.ca /lartyukh/portfolioWebsite/myMobileSite/jquery.mobile-1.4.2/demos/css/themes/default/images/icons-svg camera-white.svg
2015.02.28 15:32 B H:\PROJECTS\web\website\portfolioWebsite\myMobileSite\jquery.mobile-1.4.2\demos\css\themes\default\images\icons-svg\carat-d-black.svg --> studentweb.cencol.ca /lartyukh/portfolioWebsite/myMobileSite/jquery.mobile-1.4.2/demos/css/themes/default/images/icons-svg carat-d-black.svg
2015.02.28 15:32 B H:\PROJECTS\web\website\portfolioWebsite\myMobileSite\jquery.mobile-1.4.2\demos\css\themes\default\images\icons-svg\carat-d-white.svg --> studentweb.cencol.ca /lartyukh/portfolioWebsite/myMobileSite/jquery.mobile-1.4.2/demos/css/themes/default/images/icons-svg carat-d-white.svg
2015.02.28 15:32 B H:\PROJECTS\web\website\portfolioWebsite\myMobileSite\jquery.mobile-1.4.2\demos\css\themes\default\images\icons-svg\carat-l-black.svg --> studentweb.cencol.ca /lartyukh/portfolioWebsite/myMobileSite/jquery.mobile-1.4.2/demos/css/themes/default/images/icons-svg carat-l-black.svg
2015.02.28 15:32 B H:\PROJECTS\web\website\portfolioWebsite\myMobileSite\jquery.mobile-1.4.2\demos\css\themes\default\images\icons-svg\carat-l-white.svg --> studentweb.cencol.ca /lartyukh/portfolioWebsite/myMobileSite/jquery.mobile-1.4.2/demos/css/themes/default/images/icons-svg carat-l-white.svg
2015.02.28 15:32 B H:\PROJECTS\web\website\portfolioWebsite\myMobileSite\jquery.mobile-1.4.2\demos\css\themes\default\images\icons-svg\carat-r-black.svg --> studentweb.cencol.ca /lartyukh/portfolioWebsite/myMobileSite/jquery.mobile-1.4.2/demos/css/themes/default/images/icons-svg carat-r-black.svg
2015.02.28 15:32 B H:\PROJECTS\web\website\portfolioWebsite\myMobileSite\jquery.mobile-1.4.2\demos\css\themes\default\images\icons-svg\carat-r-white.svg --> studentweb.cencol.ca /lartyukh/portfolioWebsite/myMobileSite/jquery.mobile-1.4.2/demos/css/themes/default/images/icons-svg carat-r-white.svg
2015.02.28 15:32 B H:\PROJECTS\web\website\portfolioWebsite\myMobileSite\jquery.mobile-1.4.2\demos\css\themes\default\images\icons-svg\carat-u-black.svg --> studentweb.cencol.ca /lartyukh/portfolioWebsite/myMobileSite/jquery.mobile-1.4.2/demos/css/themes/default/images/icons-svg carat-u-black.svg
2015.02.28 15:32 B H:\PROJECTS\web\website\portfolioWebsite\myMobileSite\jquery.mobile-1.4.2\demos\css\themes\default\images\icons-svg\carat-u-white.svg --> studentweb.cencol.ca /lartyukh/portfolioWebsite/myMobileSite/jquery.mobile-1.4.2/demos/css/themes/default/images/icons-svg carat-u-white.svg
2015.02.28 15:32 B H:\PROJECTS\web\website\portfolioWebsite\myMobileSite\jquery.mobile-1.4.2\demos\css\themes\default\images\icons-svg\check-black.svg --> studentweb.cencol.ca /lartyukh/portfolioWebsite/myMobileSite/jquery.mobile-1.4.2/demos/css/themes/default/images/icons-svg check-black.svg
2015.02.28 15:32 B H:\PROJECTS\web\website\portfolioWebsite\myMobileSite\jquery.mobile-1.4.2\demos\css\themes\default\images\icons-svg\check-white.svg --> studentweb.cencol.ca /lartyukh/portfolioWebsite/myMobileSite/jquery.mobile-1.4.2/demos/css/themes/default/images/icons-svg check-white.svg
2015.02.28 15:32 B H:\PROJECTS\web\website\portfolioWebsite\myMobileSite\jquery.mobile-1.4.2\demos\css\themes\default\images\icons-svg\clock-black.svg --> studentweb.cencol.ca /lartyukh/portfolioWebsite/myMobileSite/jquery.mobile-1.4.2/demos/css/themes/default/images/icons-svg clock-black.svg
2015.02.28 15:32 B H:\PROJECTS\web\website\portfolioWebsite\myMobileSite\jquery.mobile-1.4.2\demos\css\themes\default\images\icons-svg\clock-white.svg --> studentweb.cencol.ca /lartyukh/portfolioWebsite/myMobileSite/jquery.mobile-1.4.2/demos/css/themes/default/images/icons-svg clock-white.svg
2015.02.28 15:32 B H:\PROJECTS\web\website\portfolioWebsite\myMobileSite\jquery.mobile-1.4.2\demos\css\themes\default\images\icons-svg\cloud-black.svg --> studentweb.cencol.ca /lartyukh/portfolioWebsite/myMobileSite/jquery.mobile-1.4.2/demos/css/themes/default/images/icons-svg cloud-black.svg
2015.02.28 15:32 B H:\PROJECTS\web\website\portfolioWebsite\myMobileSite\jquery.mobile-1.4.2\demos\css\themes\default\images\icons-svg\cloud-white.svg --> studentweb.cencol.ca /lartyukh/portfolioWebsite/myMobileSite/jquery.mobile-1.4.2/demos/css/themes/default/images/icons-svg cloud-white.svg
2015.02.28 15:32 B H:\PROJECTS\web\website\portfolioWebsite\myMobileSite\jquery.mobile-1.4.2\demos\css\themes\default\images\icons-svg\comment-black.svg --> studentweb.cencol.ca /lartyukh/portfolioWebsite/myMobileSite/jquery.mobile-1.4.2/demos/css/themes/default/images/icons-svg comment-black.svg
2015.02.28 15:32 B H:\PROJECTS\web\website\portfolioWebsite\myMobileSite\jquery.mobile-1.4.2\demos\css\themes\default\images\icons-svg\comment-white.svg --> studentweb.cencol.ca /lartyukh/portfolioWebsite/myMobileSite/jquery.mobile-1.4.2/demos/css/themes/default/images/icons-svg comment-white.svg
2015.02.28 15:32 B H:\PROJECTS\web\website\portfolioWebsite\myMobileSite\jquery.mobile-1.4.2\demos\css\themes\default\images\icons-svg\delete-black.svg --> studentweb.cencol.ca /lartyukh/portfolioWebsite/myMobileSite/jquery.mobile-1.4.2/demos/css/themes/default/images/icons-svg delete-black.svg
2015.02.28 15:32 B H:\PROJECTS\web\website\portfolioWebsite\myMobileSite\jquery.mobile-1.4.2\demos\css\themes\default\images\icons-svg\delete-white.svg --> studentweb.cencol.ca /lartyukh/portfolioWebsite/myMobileSite/jquery.mobile-1.4.2/demos/css/themes/default/images/icons-svg delete-white.svg
2015.02.28 15:32 B H:\PROJECTS\web\website\portfolioWebsite\myMobileSite\jquery.mobile-1.4.2\demos\css\themes\default\images\icons-svg\edit-black.svg --> studentweb.cencol.ca /lartyukh/portfolioWebsite/myMobileSite/jquery.mobile-1.4.2/demos/css/themes/default/images/icons-svg edit-black.svg
2015.02.28 15:32 B H:\PROJECTS\web\website\portfolioWebsite\myMobileSite\jquery.mobile-1.4.2\demos\css\themes\default\images\icons-svg\edit-white.svg --> studentweb.cencol.ca /lartyukh/portfolioWebsite/myMobileSite/jquery.mobile-1.4.2/demos/css/themes/default/images/icons-svg edit-white.svg
2015.02.28 15:32 B H:\PROJECTS\web\website\portfolioWebsite\myMobileSite\jquery.mobile-1.4.2\demos\css\themes\default\images\icons-svg\eye-black.svg --> studentweb.cencol.ca /lartyukh/portfolioWebsite/myMobileSite/jquery.mobile-1.4.2/demos/css/themes/default/images/icons-svg eye-black.svg
2015.02.28 15:32 B H:\PROJECTS\web\website\portfolioWebsite\myMobileSite\jquery.mobile-1.4.2\demos\css\themes\default\images\icons-svg\eye-white.svg --> studentweb.cencol.ca /lartyukh/portfolioWebsite/myMobileSite/jquery.mobile-1.4.2/demos/css/themes/default/images/icons-svg eye-white.svg
2015.02.28 15:32 B H:\PROJECTS\web\website\portfolioWebsite\myMobileSite\jquery.mobile-1.4.2\demos\css\themes\default\images\icons-svg\forbidden-black.svg --> studentweb.cencol.ca /lartyukh/portfolioWebsite/myMobileSite/jquery.mobile-1.4.2/demos/css/themes/default/images/icons-svg forbidden-black.svg
2015.02.28 15:32 B H:\PROJECTS\web\website\portfolioWebsite\myMobileSite\jquery.mobile-1.4.2\demos\css\themes\default\images\icons-svg\forbidden-white.svg --> studentweb.cencol.ca /lartyukh/portfolioWebsite/myMobileSite/jquery.mobile-1.4.2/demos/css/themes/default/images/icons-svg forbidden-white.svg
2015.02.28 15:32 B H:\PROJECTS\web\website\portfolioWebsite\myMobileSite\jquery.mobile-1.4.2\demos\css\themes\default\images\icons-svg\forward-black.svg --> studentweb.cencol.ca /lartyukh/portfolioWebsite/myMobileSite/jquery.mobile-1.4.2/demos/css/themes/default/images/icons-svg forward-black.svg
2015.02.28 15:32 B H:\PROJECTS\web\website\portfolioWebsite\myMobileSite\jquery.mobile-1.4.2\demos\css\themes\default\images\icons-svg\forward-white.svg --> studentweb.cencol.ca /lartyukh/portfolioWebsite/myMobileSite/jquery.mobile-1.4.2/demos/css/themes/default/images/icons-svg forward-white.svg
2015.02.28 15:32 B H:\PROJECTS\web\website\portfolioWebsite\myMobileSite\jquery.mobile-1.4.2\demos\css\themes\default\images\icons-svg\gear-black.svg --> studentweb.cencol.ca /lartyukh/portfolioWebsite/myMobileSite/jquery.mobile-1.4.2/demos/css/themes/default/images/icons-svg gear-black.svg
2015.02.28 15:32 B H:\PROJECTS\web\website\portfolioWebsite\myMobileSite\jquery.mobile-1.4.2\demos\css\themes\default\images\icons-svg\gear-white.svg --> studentweb.cencol.ca /lartyukh/portfolioWebsite/myMobileSite/jquery.mobile-1.4.2/demos/css/themes/default/images/icons-svg gear-white.svg
2015.02.28 15:32 B H:\PROJECTS\web\website\portfolioWebsite\myMobileSite\jquery.mobile-1.4.2\demos\css\themes\default\images\icons-svg\grid-black.svg --> studentweb.cencol.ca /lartyukh/portfolioWebsite/myMobileSite/jquery.mobile-1.4.2/demos/css/themes/default/images/icons-svg grid-black.svg
2015.02.28 15:32 B H:\PROJECTS\web\website\portfolioWebsite\myMobileSite\jquery.mobile-1.4.2\demos\css\themes\default\images\icons-svg\grid-white.svg --> studentweb.cencol.ca /lartyukh/portfolioWebsite/myMobileSite/jquery.mobile-1.4.2/demos/css/themes/default/images/icons-svg grid-white.svg
2015.02.28 15:32 B H:\PROJECTS\web\website\portfolioWebsite\myMobileSite\jquery.mobile-1.4.2\demos\css\themes\default\images\icons-svg\heart-black.svg --> studentweb.cencol.ca /lartyukh/portfolioWebsite/myMobileSite/jquery.mobile-1.4.2/demos/css/themes/default/images/icons-svg heart-black.svg
2015.02.28 15:32 B H:\PROJECTS\web\website\portfolioWebsite\myMobileSite\jquery.mobile-1.4.2\demos\css\themes\default\images\icons-svg\heart-white.svg --> studentweb.cencol.ca /lartyukh/portfolioWebsite/myMobileSite/jquery.mobile-1.4.2/demos/css/themes/default/images/icons-svg heart-white.svg
2015.02.28 15:32 B H:\PROJECTS\web\website\portfolioWebsite\myMobileSite\jquery.mobile-1.4.2\demos\css\themes\default\images\icons-svg\home-black.svg --> studentweb.cencol.ca /lartyukh/portfolioWebsite/myMobileSite/jquery.mobile-1.4.2/demos/css/themes/default/images/icons-svg home-black.svg
2015.02.28 15:32 B H:\PROJECTS\web\website\portfolioWebsite\myMobileSite\jquery.mobile-1.4.2\demos\css\themes\default\images\icons-svg\home-white.svg --> studentweb.cencol.ca /lartyukh/portfolioWebsite/myMobileSite/jquery.mobile-1.4.2/demos/css/themes/default/images/icons-svg home-white.svg
2015.02.28 15:32 B H:\PROJECTS\web\website\portfolioWebsite\myMobileSite\jquery.mobile-1.4.2\demos\css\themes\default\images\icons-svg\info-black.svg --> studentweb.cencol.ca /lartyukh/portfolioWebsite/myMobileSite/jquery.mobile-1.4.2/demos/css/themes/default/images/icons-svg info-black.svg
2015.02.28 15:32 B H:\PROJECTS\web\website\portfolioWebsite\myMobileSite\jquery.mobile-1.4.2\demos\css\themes\default\images\icons-svg\info-white.svg --> studentweb.cencol.ca /lartyukh/portfolioWebsite/myMobileSite/jquery.mobile-1.4.2/demos/css/themes/default/images/icons-svg info-white.svg
2015.02.28 15:32 B H:\PROJECTS\web\website\portfolioWebsite\myMobileSite\jquery.mobile-1.4.2\demos\css\themes\default\images\icons-svg\location-black.svg --> studentweb.cencol.ca /lartyukh/portfolioWebsite/myMobileSite/jquery.mobile-1.4.2/demos/css/themes/default/images/icons-svg location-black.svg
2015.02.28 15:32 B H:\PROJECTS\web\website\portfolioWebsite\myMobileSite\jquery.mobile-1.4.2\demos\css\themes\default\images\icons-svg\location-white.svg --> studentweb.cencol.ca /lartyukh/portfolioWebsite/myMobileSite/jquery.mobile-1.4.2/demos/css/themes/default/images/icons-svg location-white.svg
2015.02.28 15:32 B H:\PROJECTS\web\website\portfolioWebsite\myMobileSite\jquery.mobile-1.4.2\demos\css\themes\default\images\icons-svg\lock-black.svg --> studentweb.cencol.ca /lartyukh/portfolioWebsite/myMobileSite/jquery.mobile-1.4.2/demos/css/themes/default/images/icons-svg lock-black.svg
2015.02.28 15:32 B H:\PROJECTS\web\website\portfolioWebsite\myMobileSite\jquery.mobile-1.4.2\demos\css\themes\default\images\icons-svg\lock-white.svg --> studentweb.cencol.ca /lartyukh/portfolioWebsite/myMobileSite/jquery.mobile-1.4.2/demos/css/themes/default/images/icons-svg lock-white.svg
2015.02.28 15:32 B H:\PROJECTS\web\website\portfolioWebsite\myMobileSite\jquery.mobile-1.4.2\demos\css\themes\default\images\icons-svg\mail-black.svg --> studentweb.cencol.ca /lartyukh/portfolioWebsite/myMobileSite/jquery.mobile-1.4.2/demos/css/themes/default/images/icons-svg mail-black.svg
2015.02.28 15:32 B H:\PROJECTS\web\website\portfolioWebsite\myMobileSite\jquery.mobile-1.4.2\demos\css\themes\default\images\icons-svg\mail-white.svg --> studentweb.cencol.ca /lartyukh/portfolioWebsite/myMobileSite/jquery.mobile-1.4.2/demos/css/themes/default/images/icons-svg mail-white.svg
2015.02.28 15:32 B H:\PROJECTS\web\website\portfolioWebsite\myMobileSite\jquery.mobile-1.4.2\demos\css\themes\default\images\icons-svg\minus-black.svg --> studentweb.cencol.ca /lartyukh/portfolioWebsite/myMobileSite/jquery.mobile-1.4.2/demos/css/themes/default/images/icons-svg minus-black.svg
2015.02.28 15:32 B H:\PROJECTS\web\website\portfolioWebsite\myMobileSite\jquery.mobile-1.4.2\demos\css\themes\default\images\icons-svg\minus-white.svg --> studentweb.cencol.ca /lartyukh/portfolioWebsite/myMobileSite/jquery.mobile-1.4.2/demos/css/themes/default/images/icons-svg minus-white.svg
2015.02.28 15:32 B H:\PROJECTS\web\website\portfolioWebsite\myMobileSite\jquery.mobile-1.4.2\demos\css\themes\default\images\icons-svg\navigation-black.svg --> studentweb.cencol.ca /lartyukh/portfolioWebsite/myMobileSite/jquery.mobile-1.4.2/demos/css/themes/default/images/icons-svg navigation-black.svg
2015.02.28 15:32 B H:\PROJECTS\web\website\portfolioWebsite\myMobileSite\jquery.mobile-1.4.2\demos\css\themes\default\images\icons-svg\navigation-white.svg --> studentweb.cencol.ca /lartyukh/portfolioWebsite/myMobileSite/jquery.mobile-1.4.2/demos/css/themes/default/images/icons-svg navigation-white.svg
2015.02.28 15:32 B H:\PROJECTS\web\website\portfolioWebsite\myMobileSite\jquery.mobile-1.4.2\demos\css\themes\default\images\icons-svg\phone-black.svg --> studentweb.cencol.ca /lartyukh/portfolioWebsite/myMobileSite/jquery.mobile-1.4.2/demos/css/themes/default/images/icons-svg phone-black.svg
2015.02.28 15:32 B H:\PROJECTS\web\website\portfolioWebsite\myMobileSite\jquery.mobile-1.4.2\demos\css\themes\default\images\icons-svg\phone-white.svg --> studentweb.cencol.ca /lartyukh/portfolioWebsite/myMobileSite/jquery.mobile-1.4.2/demos/css/themes/default/images/icons-svg phone-white.svg
2015.02.28 15:32 B H:\PROJECTS\web\website\portfolioWebsite\myMobileSite\jquery.mobile-1.4.2\demos\css\themes\default\images\icons-svg\plus-black.svg --> studentweb.cencol.ca /lartyukh/portfolioWebsite/myMobileSite/jquery.mobile-1.4.2/demos/css/themes/default/images/icons-svg plus-black.svg
2015.02.28 15:32 B H:\PROJECTS\web\website\portfolioWebsite\myMobileSite\jquery.mobile-1.4.2\demos\css\themes\default\images\icons-svg\plus-white.svg --> studentweb.cencol.ca /lartyukh/portfolioWebsite/myMobileSite/jquery.mobile-1.4.2/demos/css/themes/default/images/icons-svg plus-white.svg
2015.02.28 15:32 B H:\PROJECTS\web\website\portfolioWebsite\myMobileSite\jquery.mobile-1.4.2\demos\css\themes\default\images\icons-svg\power-black.svg --> studentweb.cencol.ca /lartyukh/portfolioWebsite/myMobileSite/jquery.mobile-1.4.2/demos/css/themes/default/images/icons-svg power-black.svg
2015.02.28 15:32 B H:\PROJECTS\web\website\portfolioWebsite\myMobileSite\jquery.mobile-1.4.2\demos\css\themes\default\images\icons-svg\power-white.svg --> studentweb.cencol.ca /lartyukh/portfolioWebsite/myMobileSite/jquery.mobile-1.4.2/demos/css/themes/default/images/icons-svg power-white.svg
2015.02.28 15:32 B H:\PROJECTS\web\website\portfolioWebsite\myMobileSite\jquery.mobile-1.4.2\demos\css\themes\default\images\icons-svg\recycle-black.svg --> studentweb.cencol.ca /lartyukh/portfolioWebsite/myMobileSite/jquery.mobile-1.4.2/demos/css/themes/default/images/icons-svg recycle-black.svg
2015.02.28 15:32 B H:\PROJECTS\web\website\portfolioWebsite\myMobileSite\jquery.mobile-1.4.2\demos\css\themes\default\images\icons-svg\recycle-white.svg --> studentweb.cencol.ca /lartyukh/portfolioWebsite/myMobileSite/jquery.mobile-1.4.2/demos/css/themes/default/images/icons-svg recycle-white.svg
2015.02.28 15:32 B H:\PROJECTS\web\website\portfolioWebsite\myMobileSite\jquery.mobile-1.4.2\demos\css\themes\default\images\icons-svg\refresh-black.svg --> studentweb.cencol.ca /lartyukh/portfolioWebsite/myMobileSite/jquery.mobile-1.4.2/demos/css/themes/default/images/icons-svg refresh-black.svg
2015.02.28 15:32 B H:\PROJECTS\web\website\portfolioWebsite\myMobileSite\jquery.mobile-1.4.2\demos\css\themes\default\images\icons-svg\refresh-white.svg --> studentweb.cencol.ca /lartyukh/portfolioWebsite/myMobileSite/jquery.mobile-1.4.2/demos/css/themes/default/images/icons-svg refresh-white.svg
2015.02.28 15:32 B H:\PROJECTS\web\website\portfolioWebsite\myMobileSite\jquery.mobile-1.4.2\demos\css\themes\default\images\icons-svg\search-black.svg --> studentweb.cencol.ca /lartyukh/portfolioWebsite/myMobileSite/jquery.mobile-1.4.2/demos/css/themes/default/images/icons-svg search-black.svg
2015.02.28 15:32 B H:\PROJECTS\web\website\portfolioWebsite\myMobileSite\jquery.mobile-1.4.2\demos\css\themes\default\images\icons-svg\search-white.svg --> studentweb.cencol.ca /lartyukh/portfolioWebsite/myMobileSite/jquery.mobile-1.4.2/demos/css/themes/default/images/icons-svg search-white.svg
2015.02.28 15:32 B H:\PROJECTS\web\website\portfolioWebsite\myMobileSite\jquery.mobile-1.4.2\demos\css\themes\default\images\icons-svg\shop-black.svg --> studentweb.cencol.ca /lartyukh/portfolioWebsite/myMobileSite/jquery.mobile-1.4.2/demos/css/themes/default/images/icons-svg shop-black.svg
2015.02.28 15:32 B H:\PROJECTS\web\website\portfolioWebsite\myMobileSite\jquery.mobile-1.4.2\demos\css\themes\default\images\icons-svg\shop-white.svg --> studentweb.cencol.ca /lartyukh/portfolioWebsite/myMobileSite/jquery.mobile-1.4.2/demos/css/themes/default/images/icons-svg shop-white.svg
2015.02.28 15:32 B H:\PROJECTS\web\website\portfolioWebsite\myMobileSite\jquery.mobile-1.4.2\demos\css\themes\default\images\icons-svg\star-black.svg --> studentweb.cencol.ca /lartyukh/portfolioWebsite/myMobileSite/jquery.mobile-1.4.2/demos/css/themes/default/images/icons-svg star-black.svg
2015.02.28 15:32 B H:\PROJECTS\web\website\portfolioWebsite\myMobileSite\jquery.mobile-1.4.2\demos\css\themes\default\images\icons-svg\star-white.svg --> studentweb.cencol.ca /lartyukh/portfolioWebsite/myMobileSite/jquery.mobile-1.4.2/demos/css/themes/default/images/icons-svg star-white.svg
2015.02.28 15:32 B H:\PROJECTS\web\website\portfolioWebsite\myMobileSite\jquery.mobile-1.4.2\demos\css\themes\default\images\icons-svg\tag-black.svg --> studentweb.cencol.ca /lartyukh/portfolioWebsite/myMobileSite/jquery.mobile-1.4.2/demos/css/themes/default/images/icons-svg tag-black.svg
2015.02.28 15:32 B H:\PROJECTS\web\website\portfolioWebsite\myMobileSite\jquery.mobile-1.4.2\demos\css\themes\default\images\icons-svg\tag-white.svg --> studentweb.cencol.ca /lartyukh/portfolioWebsite/myMobileSite/jquery.mobile-1.4.2/demos/css/themes/default/images/icons-svg tag-white.svg
2015.02.28 15:32 B H:\PROJECTS\web\website\portfolioWebsite\myMobileSite\jquery.mobile-1.4.2\demos\css\themes\default\images\icons-svg\user-black.svg --> studentweb.cencol.ca /lartyukh/portfolioWebsite/myMobileSite/jquery.mobile-1.4.2/demos/css/themes/default/images/icons-svg user-black.svg
2015.02.28 15:32 B H:\PROJECTS\web\website\portfolioWebsite\myMobileSite\jquery.mobile-1.4.2\demos\css\themes\default\images\icons-svg\user-white.svg --> studentweb.cencol.ca /lartyukh/portfolioWebsite/myMobileSite/jquery.mobile-1.4.2/demos/css/themes/default/images/icons-svg user-white.svg
2015.02.28 15:32 B H:\PROJECTS\web\website\portfolioWebsite\myMobileSite\jquery.mobile-1.4.2\demos\css\themes\default\images\icons-svg\video-black.svg --> studentweb.cencol.ca /lartyukh/portfolioWebsite/myMobileSite/jquery.mobile-1.4.2/demos/css/themes/default/images/icons-svg video-black.svg
2015.02.28 15:32 B H:\PROJECTS\web\website\portfolioWebsite\myMobileSite\jquery.mobile-1.4.2\demos\css\themes\default\images\icons-svg\video-white.svg --> studentweb.cencol.ca /lartyukh/portfolioWebsite/myMobileSite/jquery.mobile-1.4.2/demos/css/themes/default/images/icons-svg video-white.svg
2015.04.27 09:04 B °ðB\WS_FTP.LOG <-- lil /lartyukh/portfolioWebsite/myMobileSite/jquery.mobile-1.4.2/demos/css/themes/default/images/icons-svg WS_FTP.LOG
