2015.02.27 04:03 B H:\111 winter 2015\Emerging technologies\responsive website\portfolioWebsite\myMobileSite\images\bakery_1.1.PNG --> studentweb.cencol.ca /lartyukh/portfolioWebsite/myMobileSite/images bakery_1.1.PNG
2015.02.27 04:03 B H:\111 winter 2015\Emerging technologies\responsive website\portfolioWebsite\myMobileSite\images\bakery_1.PNG --> studentweb.cencol.ca /lartyukh/portfolioWebsite/myMobileSite/images bakery_1.PNG
2015.02.27 04:03 B H:\111 winter 2015\Emerging technologies\responsive website\portfolioWebsite\myMobileSite\images\bakery_logo.jpg --> studentweb.cencol.ca /lartyukh/portfolioWebsite/myMobileSite/images bakery_logo.jpg
2015.02.27 04:03 B H:\111 winter 2015\Emerging technologies\responsive website\portfolioWebsite\myMobileSite\images\bakeryApp.PNG --> studentweb.cencol.ca /lartyukh/portfolioWebsite/myMobileSite/images bakeryApp.PNG
2015.02.27 04:03 B H:\111 winter 2015\Emerging technologies\responsive website\portfolioWebsite\myMobileSite\images\dataEzipin.png --> studentweb.cencol.ca /lartyukh/portfolioWebsite/myMobileSite/images dataEzipin.png
2015.02.27 04:03 B H:\111 winter 2015\Emerging technologies\responsive website\portfolioWebsite\myMobileSite\images\details for projects.png --> studentweb.cencol.ca /lartyukh/portfolioWebsite/myMobileSite/images details for projects.png
2015.02.27 04:03 B H:\111 winter 2015\Emerging technologies\responsive website\portfolioWebsite\myMobileSite\images\faceBook_darkBlue.png --> studentweb.cencol.ca /lartyukh/portfolioWebsite/myMobileSite/images faceBook_darkBlue.png
2015.02.27 04:03 B H:\111 winter 2015\Emerging technologies\responsive website\portfolioWebsite\myMobileSite\images\faceBook_darkBrown.png --> studentweb.cencol.ca /lartyukh/portfolioWebsite/myMobileSite/images faceBook_darkBrown.png
2015.02.27 04:03 B H:\111 winter 2015\Emerging technologies\responsive website\portfolioWebsite\myMobileSite\images\google_darkBlue.png --> studentweb.cencol.ca /lartyukh/portfolioWebsite/myMobileSite/images google_darkBlue.png
2015.02.27 04:03 B H:\111 winter 2015\Emerging technologies\responsive website\portfolioWebsite\myMobileSite\images\google_darkBrown.png --> studentweb.cencol.ca /lartyukh/portfolioWebsite/myMobileSite/images google_darkBrown.png
2015.02.27 04:03 B H:\111 winter 2015\Emerging technologies\responsive website\portfolioWebsite\myMobileSite\images\linkedIn_darkBlue.png --> studentweb.cencol.ca /lartyukh/portfolioWebsite/myMobileSite/images linkedIn_darkBlue.png
2015.02.27 04:03 B H:\111 winter 2015\Emerging technologies\responsive website\portfolioWebsite\myMobileSite\images\linkedIn_darkBrown.png --> studentweb.cencol.ca /lartyukh/portfolioWebsite/myMobileSite/images linkedIn_darkBrown.png
2015.02.27 04:03 B H:\111 winter 2015\Emerging technologies\responsive website\portfolioWebsite\myMobileSite\images\logo_small.png --> studentweb.cencol.ca /lartyukh/portfolioWebsite/myMobileSite/images logo_small.png
2015.02.27 04:03 B H:\111 winter 2015\Emerging technologies\responsive website\portfolioWebsite\myMobileSite\images\monsterGame.PNG --> studentweb.cencol.ca /lartyukh/portfolioWebsite/myMobileSite/images monsterGame.PNG
2015.02.27 04:03 B H:\111 winter 2015\Emerging technologies\responsive website\portfolioWebsite\myMobileSite\images\myphoto.PNG --> studentweb.cencol.ca /lartyukh/portfolioWebsite/myMobileSite/images myphoto.PNG
2015.02.27 04:03 B H:\111 winter 2015\Emerging technologies\responsive website\portfolioWebsite\myMobileSite\images\nem.PNG --> studentweb.cencol.ca /lartyukh/portfolioWebsite/myMobileSite/images nem.PNG
2015.02.27 04:03 B H:\111 winter 2015\Emerging technologies\responsive website\portfolioWebsite\myMobileSite\images\nemSite1.PNG --> studentweb.cencol.ca /lartyukh/portfolioWebsite/myMobileSite/images nemSite1.PNG
2015.02.27 04:03 B H:\111 winter 2015\Emerging technologies\responsive website\portfolioWebsite\myMobileSite\images\nemWeb.PNG --> studentweb.cencol.ca /lartyukh/portfolioWebsite/myMobileSite/images nemWeb.PNG
2015.02.27 04:03 B H:\111 winter 2015\Emerging technologies\responsive website\portfolioWebsite\myMobileSite\images\nemWebsite.PNG --> studentweb.cencol.ca /lartyukh/portfolioWebsite/myMobileSite/images nemWebsite.PNG
2015.02.27 04:03 B H:\111 winter 2015\Emerging technologies\responsive website\portfolioWebsite\myMobileSite\images\paymentSource.png --> studentweb.cencol.ca /lartyukh/portfolioWebsite/myMobileSite/images paymentSource.png
2015.02.27 04:03 B H:\111 winter 2015\Emerging technologies\responsive website\portfolioWebsite\myMobileSite\images\paymentSourceProject.png --> studentweb.cencol.ca /lartyukh/portfolioWebsite/myMobileSite/images paymentSourceProject.png
2015.02.27 04:03 B H:\111 winter 2015\Emerging technologies\responsive website\portfolioWebsite\myMobileSite\images\paySource.jpg --> studentweb.cencol.ca /lartyukh/portfolioWebsite/myMobileSite/images paySource.jpg
2015.02.27 04:03 B H:\111 winter 2015\Emerging technologies\responsive website\portfolioWebsite\myMobileSite\images\pig.gif --> studentweb.cencol.ca /lartyukh/portfolioWebsite/myMobileSite/images pig.gif
2015.02.27 04:03 B H:\111 winter 2015\Emerging technologies\responsive website\portfolioWebsite\myMobileSite\images\projects31.png --> studentweb.cencol.ca /lartyukh/portfolioWebsite/myMobileSite/images projects31.png
2015.02.27 04:03 B H:\111 winter 2015\Emerging technologies\responsive website\portfolioWebsite\myMobileSite\images\services31.png --> studentweb.cencol.ca /lartyukh/portfolioWebsite/myMobileSite/images services31.png
2015.02.27 04:03 B H:\111 winter 2015\Emerging technologies\responsive website\portfolioWebsite\myMobileSite\images\Slide10.PNG --> studentweb.cencol.ca /lartyukh/portfolioWebsite/myMobileSite/images Slide10.PNG
2015.02.27 04:03 B H:\111 winter 2015\Emerging technologies\responsive website\portfolioWebsite\myMobileSite\images\Slide11.PNG --> studentweb.cencol.ca /lartyukh/portfolioWebsite/myMobileSite/images Slide11.PNG
2015.02.27 04:03 B H:\111 winter 2015\Emerging technologies\responsive website\portfolioWebsite\myMobileSite\images\Slide12.PNG --> studentweb.cencol.ca /lartyukh/portfolioWebsite/myMobileSite/images Slide12.PNG
2015.02.27 04:03 B H:\111 winter 2015\Emerging technologies\responsive website\portfolioWebsite\myMobileSite\images\Slide9.PNG --> studentweb.cencol.ca /lartyukh/portfolioWebsite/myMobileSite/images Slide9.PNG
2015.02.27 04:03 B H:\111 winter 2015\Emerging technologies\responsive website\portfolioWebsite\myMobileSite\images\visa.jpg --> studentweb.cencol.ca /lartyukh/portfolioWebsite/myMobileSite/images visa.jpg
2015.02.27 04:03 B H:\111 winter 2015\Emerging technologies\responsive website\portfolioWebsite\myMobileSite\images\web5.PNG --> studentweb.cencol.ca /lartyukh/portfolioWebsite/myMobileSite/images web5.PNG
