2015.04.27 09:05 B °ğB\controls-in-header-footer.html <-- lil /lartyukh/portfolioWebsite/myMobileSite/jquery.mobile-1.4.2/demos/old-faq-pages controls-in-header-footer.html
2015.04.27 09:05 B °ğB\disabling-a-button-does-not-work.html <-- lil /lartyukh/portfolioWebsite/myMobileSite/jquery.mobile-1.4.2/demos/old-faq-pages disabling-a-button-does-not-work.html
2015.04.27 09:05 B °ğB\dom-ready-not-working.html <-- lil /lartyukh/portfolioWebsite/myMobileSite/jquery.mobile-1.4.2/demos/old-faq-pages dom-ready-not-working.html
2015.04.27 09:05 B °ğB\how-can-i-stop-auto-enhancement-of-a-block-of-elements.html <-- lil /lartyukh/portfolioWebsite/myMobileSite/jquery.mobile-1.4.2/demos/old-faq-pages how-can-i-stop-auto-enhancement-of-a-block-of-elements.html
2015.04.27 09:05 B °ğB\how-can-i-stop-auto-enhancement-of-elements.html <-- lil /lartyukh/portfolioWebsite/myMobileSite/jquery.mobile-1.4.2/demos/old-faq-pages how-can-i-stop-auto-enhancement-of-elements.html
2015.04.27 09:05 B °ğB\how-configure-phonegap-cordova.html <-- lil /lartyukh/portfolioWebsite/myMobileSite/jquery.mobile-1.4.2/demos/old-faq-pages how-configure-phonegap-cordova.html
2015.04.27 09:05 B °ğB\how-do-i-control-page-titles.html <-- lil /lartyukh/portfolioWebsite/myMobileSite/jquery.mobile-1.4.2/demos/old-faq-pages how-do-i-control-page-titles.html
2015.04.27 09:05 B °ğB\how-do-i-load-a-page.html <-- lil /lartyukh/portfolioWebsite/myMobileSite/jquery.mobile-1.4.2/demos/old-faq-pages how-do-i-load-a-page.html
2015.04.27 09:05 B °ğB\how-do-i-scroll-to-a-position.html <-- lil /lartyukh/portfolioWebsite/myMobileSite/jquery.mobile-1.4.2/demos/old-faq-pages how-do-i-scroll-to-a-position.html
2015.04.27 09:05 B °ğB\how-do-i-turn-off-url-hiding.html <-- lil /lartyukh/portfolioWebsite/myMobileSite/jquery.mobile-1.4.2/demos/old-faq-pages how-do-i-turn-off-url-hiding.html
2015.04.27 09:05 B °ğB\how-do-i-use-touch-mouse-events.html <-- lil /lartyukh/portfolioWebsite/myMobileSite/jquery.mobile-1.4.2/demos/old-faq-pages how-do-i-use-touch-mouse-events.html
2015.04.27 09:05 B °ğB\how-does-theming-work.html <-- lil /lartyukh/portfolioWebsite/myMobileSite/jquery.mobile-1.4.2/demos/old-faq-pages how-does-theming-work.html
2015.04.27 09:05 B °ğB\index.html <-- lil /lartyukh/portfolioWebsite/myMobileSite/jquery.mobile-1.4.2/demos/old-faq-pages index.html
2015.04.27 09:05 B °ğB\injected-content-is-not-enhanced.html <-- lil /lartyukh/portfolioWebsite/myMobileSite/jquery.mobile-1.4.2/demos/old-faq-pages injected-content-is-not-enhanced.html
2015.04.27 09:05 B °ğB\my-html-5-inputs-look-different-in-browsers.html <-- lil /lartyukh/portfolioWebsite/myMobileSite/jquery.mobile-1.4.2/demos/old-faq-pages my-html-5-inputs-look-different-in-browsers.html
2015.04.27 09:05 B °ğB\my-range-search-input-type-is-being-changed.html <-- lil /lartyukh/portfolioWebsite/myMobileSite/jquery.mobile-1.4.2/demos/old-faq-pages my-range-search-input-type-is-being-changed.html
2015.04.27 09:05 B °ğB\pass-query-params-to-page.html <-- lil /lartyukh/portfolioWebsite/myMobileSite/jquery.mobile-1.4.2/demos/old-faq-pages pass-query-params-to-page.html
2015.04.27 09:05 B °ğB\pass-via-the-hash-to-page.html <-- lil /lartyukh/portfolioWebsite/myMobileSite/jquery.mobile-1.4.2/demos/old-faq-pages pass-via-the-hash-to-page.html
2015.04.27 09:05 B °ğB\scripts-and-styles-not-loading.html <-- lil /lartyukh/portfolioWebsite/myMobileSite/jquery.mobile-1.4.2/demos/old-faq-pages scripts-and-styles-not-loading.html
2015.04.27 09:05 B °ğB\sometimes-custom-select-shows-as-dialog-popup.html <-- lil /lartyukh/portfolioWebsite/myMobileSite/jquery.mobile-1.4.2/demos/old-faq-pages sometimes-custom-select-shows-as-dialog-popup.html
2015.04.27 09:05 B °ğB\the-application-cache-is-not-working.html <-- lil /lartyukh/portfolioWebsite/myMobileSite/jquery.mobile-1.4.2/demos/old-faq-pages the-application-cache-is-not-working.html
2015.04.27 09:05 B °ğB\triggering-create-on-injected-content-does-not-work.html <-- lil /lartyukh/portfolioWebsite/myMobileSite/jquery.mobile-1.4.2/demos/old-faq-pages triggering-create-on-injected-content-does-not-work.html
2015.04.27 09:05 B °ğB\updating-the-value-of-enhanced-form-elements-does-not-work.html <-- lil /lartyukh/portfolioWebsite/myMobileSite/jquery.mobile-1.4.2/demos/old-faq-pages updating-the-value-of-enhanced-form-elements-does-not-work.html
2015.04.27 09:05 B °ğB\why-is-only-the-first-page-loaded.html <-- lil /lartyukh/portfolioWebsite/myMobileSite/jquery.mobile-1.4.2/demos/old-faq-pages why-is-only-the-first-page-loaded.html
2015.04.27 09:05 B °ğB\why-wont-my-css-styles-apply-correctly-to-a-widget.html <-- lil /lartyukh/portfolioWebsite/myMobileSite/jquery.mobile-1.4.2/demos/old-faq-pages why-wont-my-css-styles-apply-correctly-to-a-widget.html
