2015.02.27 04:09 B H:\111 winter 2015\Emerging technologies\responsive website\portfolioWebsite\scripts\detectmobilebrowser.js --> studentweb.cencol.ca /lartyukh/portfolioWebsite/scripts detectmobilebrowser.js
2015.02.27 04:14 B H:\111 winter 2015\Emerging technologies\responsive website\portfolioWebsite\scripts\detectmobilebrowser.js --> studentweb.cencol.ca /lartyukh/portfolioWebsite/scripts detectmobilebrowser.js
2015.02.27 04:24 B H:\PROJECTS\web\website\portfolioWebsite\scripts\detectmobilebrowser.js --> studentweb.cencol.ca /lartyukh/portfolioWebsite/scripts detectmobilebrowser.js
2015.02.27 04:28 B H:\PROJECTS\web\website\portfolioWebsite\scripts\detectmobilebrowser.js --> studentweb.cencol.ca /lartyukh/portfolioWebsite/scripts detectmobilebrowser.js
2015.02.27 04:30 B H:\PROJECTS\web\website\portfolioWebsite\scripts\detectmobilebrowser.js --> studentweb.cencol.ca /lartyukh/portfolioWebsite/scripts detectmobilebrowser.js
2015.02.27 04:34 B H:\PROJECTS\web\website\portfolioWebsite\scripts\detectmobilebrowser.js --> studentweb.cencol.ca /lartyukh/portfolioWebsite/scripts detectmobilebrowser.js
2015.02.27 04:35 B H:\PROJECTS\web\website\portfolioWebsite\scripts\detectmobilebrowser.js --> studentweb.cencol.ca /lartyukh/portfolioWebsite/scripts detectmobilebrowser.js
2015.02.27 04:45 B H:\PROJECTS\web\website\portfolioWebsite\scripts\detectmobilebrowser.js --> studentweb.cencol.ca /lartyukh/portfolioWebsite/scripts detectmobilebrowser.js
2015.03.20 20:51 B H:\PROJECTS\web\website\portfolioWebsite\scripts\javascript.js --> studentweb.cencol.ca /lartyukh/portfolioWebsite/scripts javascript.js
2015.03.20 20:51 B H:\PROJECTS\web\website\portfolioWebsite\scripts\portfolioJQuery.js --> studentweb.cencol.ca /lartyukh/portfolioWebsite/scripts portfolioJQuery.js
2015.03.20 20:51 B H:\PROJECTS\web\website\portfolioWebsite\scripts\styles.css --> studentweb.cencol.ca /lartyukh/portfolioWebsite/scripts styles.css
2015.03.20 20:51 B H:\PROJECTS\web\website\portfolioWebsite\scripts\WS_FTP.LOG --> studentweb.cencol.ca /lartyukh/portfolioWebsite/scripts WS_FTP.LOG
2015.03.21 23:53 B H:\PROJECTS\web\website\portfolioWebsite\scripts\javascript.js --> studentweb.cencol.ca /lartyukh/portfolioWebsite/scripts javascript.js
2015.03.21 23:53 B H:\PROJECTS\web\website\portfolioWebsite\scripts\portfolioJQuery.js --> studentweb.cencol.ca /lartyukh/portfolioWebsite/scripts portfolioJQuery.js
2015.03.21 23:53 B H:\PROJECTS\web\website\portfolioWebsite\scripts\styles.css --> studentweb.cencol.ca /lartyukh/portfolioWebsite/scripts styles.css
2015.03.21 23:53 B H:\PROJECTS\web\website\portfolioWebsite\scripts\WS_FTP.LOG --> studentweb.cencol.ca /lartyukh/portfolioWebsite/scripts WS_FTP.LOG
2015.03.22 02:55 B H:\PROJECTS\web\website\portfolioWebsite\scripts\portfolioJQuery.js --> studentweb.cencol.ca /lartyukh/portfolioWebsite/scripts portfolioJQuery.js
2015.03.22 02:55 B H:\PROJECTS\web\website\portfolioWebsite\scripts\styles.css --> studentweb.cencol.ca /lartyukh/portfolioWebsite/scripts styles.css
2015.03.22 02:55 B H:\PROJECTS\web\website\portfolioWebsite\scripts\WS_FTP.LOG --> studentweb.cencol.ca /lartyukh/portfolioWebsite/scripts WS_FTP.LOG
2015.03.22 16:27 B H:\PROJECTS\web\website\portfolioWebsite\scripts\modernizr-2.6.2.min.js --> studentweb.cencol.ca /lartyukh/portfolioWebsite/scripts modernizr-2.6.2.min.js
2015.03.22 16:27 B H:\PROJECTS\web\website\portfolioWebsite\scripts\portfolioJQuery.js --> studentweb.cencol.ca /lartyukh/portfolioWebsite/scripts portfolioJQuery.js
2015.03.22 16:27 B H:\PROJECTS\web\website\portfolioWebsite\scripts\styles.css --> studentweb.cencol.ca /lartyukh/portfolioWebsite/scripts styles.css
2015.03.22 16:27 B H:\PROJECTS\web\website\portfolioWebsite\scripts\WS_FTP.LOG --> studentweb.cencol.ca /lartyukh/portfolioWebsite/scripts WS_FTP.LOG
2015.03.22 16:37 B H:\PROJECTS\web\website\portfolioWebsite\scripts\portfolioJQuery.js --> studentweb.cencol.ca /lartyukh/portfolioWebsite/scripts portfolioJQuery.js
2015.03.22 16:37 B H:\PROJECTS\web\website\portfolioWebsite\scripts\WS_FTP.LOG --> studentweb.cencol.ca /lartyukh/portfolioWebsite/scripts WS_FTP.LOG
2015.03.22 16:49 B H:\PROJECTS\web\website\portfolioWebsite\scripts\portfolioJQuery.js --> studentweb.cencol.ca /lartyukh/portfolioWebsite/scripts portfolioJQuery.js
2015.03.22 16:49 B H:\PROJECTS\web\website\portfolioWebsite\scripts\WS_FTP.LOG --> studentweb.cencol.ca /lartyukh/portfolioWebsite/scripts WS_FTP.LOG
2015.03.22 17:24 B H:\PROJECTS\web\website\portfolioWebsite\scripts\portfolioJQuery.js --> studentweb.cencol.ca /lartyukh/portfolioWebsite/scripts portfolioJQuery.js
2015.03.22 17:24 B H:\PROJECTS\web\website\portfolioWebsite\scripts\WS_FTP.LOG --> studentweb.cencol.ca /lartyukh/portfolioWebsite/scripts WS_FTP.LOG
2015.03.22 17:32 B H:\PROJECTS\web\website\portfolioWebsite\scripts\portfolioJQuery.js --> studentweb.cencol.ca /lartyukh/portfolioWebsite/scripts portfolioJQuery.js
2015.03.22 17:32 B H:\PROJECTS\web\website\portfolioWebsite\scripts\WS_FTP.LOG --> studentweb.cencol.ca /lartyukh/portfolioWebsite/scripts WS_FTP.LOG
2015.03.22 17:36 B H:\PROJECTS\web\website\portfolioWebsite\scripts\portfolioJQuery.js --> studentweb.cencol.ca /lartyukh/portfolioWebsite/scripts portfolioJQuery.js
2015.03.22 17:36 B H:\PROJECTS\web\website\portfolioWebsite\scripts\WS_FTP.LOG --> studentweb.cencol.ca /lartyukh/portfolioWebsite/scripts WS_FTP.LOG
2015.03.22 17:48 B H:\PROJECTS\web\website\portfolioWebsite\scripts\portfolioJQuery.js --> studentweb.cencol.ca /lartyukh/portfolioWebsite/scripts portfolioJQuery.js
2015.03.22 17:48 B H:\PROJECTS\web\website\portfolioWebsite\scripts\WS_FTP.LOG --> studentweb.cencol.ca /lartyukh/portfolioWebsite/scripts WS_FTP.LOG
2015.03.22 18:11 B H:\PROJECTS\web\website\portfolioWebsite\scripts\portfolioJQuery.js --> studentweb.cencol.ca /lartyukh/portfolioWebsite/scripts portfolioJQuery.js
2015.03.22 18:11 B H:\PROJECTS\web\website\portfolioWebsite\scripts\WS_FTP.LOG --> studentweb.cencol.ca /lartyukh/portfolioWebsite/scripts WS_FTP.LOG
2015.03.22 18:19 B H:\PROJECTS\web\website\portfolioWebsite\scripts\WS_FTP.LOG --> studentweb.cencol.ca /lartyukh/portfolioWebsite/scripts WS_FTP.LOG
2015.03.22 18:19 B H:\PROJECTS\web\website\portfolioWebsite\scripts\portfolioJQuery.js --> studentweb.cencol.ca /lartyukh/portfolioWebsite/scripts portfolioJQuery.js
2015.03.22 18:19 B H:\PROJECTS\web\website\portfolioWebsite\scripts\WS_FTP.LOG --> studentweb.cencol.ca /lartyukh/portfolioWebsite/scripts WS_FTP.LOG
2015.03.22 18:20 B H:\PROJECTS\web\website\portfolioWebsite\scripts\portfolioJQuery.js --> studentweb.cencol.ca /lartyukh/portfolioWebsite/scripts portfolioJQuery.js
2015.03.22 18:20 B H:\PROJECTS\web\website\portfolioWebsite\scripts\WS_FTP.LOG --> studentweb.cencol.ca /lartyukh/portfolioWebsite/scripts WS_FTP.LOG
2015.03.22 18:27 B H:\PROJECTS\web\website\portfolioWebsite\scripts\portfolioJQuery.js --> studentweb.cencol.ca /lartyukh/portfolioWebsite/scripts portfolioJQuery.js
2015.03.22 18:27 B H:\PROJECTS\web\website\portfolioWebsite\scripts\WS_FTP.LOG --> studentweb.cencol.ca /lartyukh/portfolioWebsite/scripts WS_FTP.LOG
2015.03.22 18:33 B H:\PROJECTS\web\website\portfolioWebsite\scripts\portfolioJQuery.js --> studentweb.cencol.ca /lartyukh/portfolioWebsite/scripts portfolioJQuery.js
2015.03.22 18:33 B H:\PROJECTS\web\website\portfolioWebsite\scripts\WS_FTP.LOG --> studentweb.cencol.ca /lartyukh/portfolioWebsite/scripts WS_FTP.LOG
2015.03.22 18:54 B H:\PROJECTS\web\website\portfolioWebsite\scripts\portfolioJQuery.js --> studentweb.cencol.ca /lartyukh/portfolioWebsite/scripts portfolioJQuery.js
2015.03.22 18:54 B H:\PROJECTS\web\website\portfolioWebsite\scripts\WS_FTP.LOG --> studentweb.cencol.ca /lartyukh/portfolioWebsite/scripts WS_FTP.LOG
2015.03.22 19:18 B H:\PROJECTS\web\website\portfolioWebsite\scripts\WS_FTP.LOG --> studentweb.cencol.ca /lartyukh/portfolioWebsite/scripts WS_FTP.LOG
2015.03.22 19:39 B H:\PROJECTS\web\website\portfolioWebsite\scripts\WS_FTP.LOG --> studentweb.cencol.ca /lartyukh/portfolioWebsite/scripts WS_FTP.LOG
2015.03.22 19:58 B H:\PROJECTS\web\website\portfolioWebsite\scripts\WS_FTP.LOG --> studentweb.cencol.ca /lartyukh/portfolioWebsite/scripts WS_FTP.LOG
2015.03.22 21:16 B H:\PROJECTS\web\website\portfolioWebsite\scripts\WS_FTP.LOG --> studentweb.cencol.ca /lartyukh/portfolioWebsite/scripts WS_FTP.LOG
2015.03.22 21:18 B H:\PROJECTS\web\website\portfolioWebsite\scripts\WS_FTP.LOG --> studentweb.cencol.ca /lartyukh/portfolioWebsite/scripts WS_FTP.LOG
2015.03.22 21:49 B H:\PROJECTS\web\website\portfolioWebsite\scripts\WS_FTP.LOG --> studentweb.cencol.ca /lartyukh/portfolioWebsite/scripts WS_FTP.LOG
2015.03.22 21:54 B H:\PROJECTS\web\website\portfolioWebsite\scripts\WS_FTP.LOG --> studentweb.cencol.ca /lartyukh/portfolioWebsite/scripts WS_FTP.LOG
2015.03.22 22:05 B H:\PROJECTS\web\website\portfolioWebsite\scripts\isMobileScript.js --> studentweb.cencol.ca /lartyukh/portfolioWebsite/scripts isMobileScript.js
2015.03.22 22:05 B H:\PROJECTS\web\website\portfolioWebsite\scripts\portfolioJQuery.js --> studentweb.cencol.ca /lartyukh/portfolioWebsite/scripts portfolioJQuery.js
2015.03.22 22:05 B H:\PROJECTS\web\website\portfolioWebsite\scripts\WS_FTP.LOG --> studentweb.cencol.ca /lartyukh/portfolioWebsite/scripts WS_FTP.LOG
2015.03.22 22:07 B H:\PROJECTS\web\website\portfolioWebsite\scripts\WS_FTP.LOG --> studentweb.cencol.ca /lartyukh/portfolioWebsite/scripts WS_FTP.LOG
2015.03.22 22:12 B H:\PROJECTS\web\website\portfolioWebsite\scripts\isMobileScript.js --> studentweb.cencol.ca /lartyukh/portfolioWebsite/scripts isMobileScript.js
2015.03.22 22:12 B H:\PROJECTS\web\website\portfolioWebsite\scripts\WS_FTP.LOG --> studentweb.cencol.ca /lartyukh/portfolioWebsite/scripts WS_FTP.LOG
2015.03.22 22:15 B H:\PROJECTS\web\website\portfolioWebsite\scripts\isMobileScript.js --> studentweb.cencol.ca /lartyukh/portfolioWebsite/scripts isMobileScript.js
2015.03.22 22:15 B H:\PROJECTS\web\website\portfolioWebsite\scripts\portfolioJQuery.js --> studentweb.cencol.ca /lartyukh/portfolioWebsite/scripts portfolioJQuery.js
2015.03.22 22:15 B H:\PROJECTS\web\website\portfolioWebsite\scripts\WS_FTP.LOG --> studentweb.cencol.ca /lartyukh/portfolioWebsite/scripts WS_FTP.LOG
2015.03.22 22:18 B H:\PROJECTS\web\website\portfolioWebsite\scripts\portfolioJQuery.js --> studentweb.cencol.ca /lartyukh/portfolioWebsite/scripts portfolioJQuery.js
2015.03.22 22:18 B H:\PROJECTS\web\website\portfolioWebsite\scripts\WS_FTP.LOG --> studentweb.cencol.ca /lartyukh/portfolioWebsite/scripts WS_FTP.LOG
2015.03.22 22:19 B H:\PROJECTS\web\website\portfolioWebsite\scripts\portfolioJQuery.js --> studentweb.cencol.ca /lartyukh/portfolioWebsite/scripts portfolioJQuery.js
2015.03.22 22:19 B H:\PROJECTS\web\website\portfolioWebsite\scripts\WS_FTP.LOG --> studentweb.cencol.ca /lartyukh/portfolioWebsite/scripts WS_FTP.LOG
2015.03.22 22:23 B H:\PROJECTS\web\website\portfolioWebsite\scripts\portfolioJQuery.js --> studentweb.cencol.ca /lartyukh/portfolioWebsite/scripts portfolioJQuery.js
2015.03.22 22:23 B H:\PROJECTS\web\website\portfolioWebsite\scripts\WS_FTP.LOG --> studentweb.cencol.ca /lartyukh/portfolioWebsite/scripts WS_FTP.LOG
2015.03.22 22:25 B H:\PROJECTS\web\website\portfolioWebsite\scripts\styles.css --> studentweb.cencol.ca /lartyukh/portfolioWebsite/scripts styles.css
2015.03.22 22:25 B H:\PROJECTS\web\website\portfolioWebsite\scripts\WS_FTP.LOG --> studentweb.cencol.ca /lartyukh/portfolioWebsite/scripts WS_FTP.LOG
2015.03.22 22:27 B H:\PROJECTS\web\website\portfolioWebsite\scripts\isMobileScript.js --> studentweb.cencol.ca /lartyukh/portfolioWebsite/scripts isMobileScript.js
2015.03.22 22:27 B H:\PROJECTS\web\website\portfolioWebsite\scripts\portfolioJQuery.js --> studentweb.cencol.ca /lartyukh/portfolioWebsite/scripts portfolioJQuery.js
2015.03.22 22:27 B H:\PROJECTS\web\website\portfolioWebsite\scripts\WS_FTP.LOG --> studentweb.cencol.ca /lartyukh/portfolioWebsite/scripts WS_FTP.LOG
2015.03.22 22:29 B H:\PROJECTS\web\website\portfolioWebsite\scripts\isMobileScript.js --> studentweb.cencol.ca /lartyukh/portfolioWebsite/scripts isMobileScript.js
2015.03.22 22:29 B H:\PROJECTS\web\website\portfolioWebsite\scripts\portfolioJQuery.js --> studentweb.cencol.ca /lartyukh/portfolioWebsite/scripts portfolioJQuery.js
2015.03.22 22:29 B H:\PROJECTS\web\website\portfolioWebsite\scripts\WS_FTP.LOG --> studentweb.cencol.ca /lartyukh/portfolioWebsite/scripts WS_FTP.LOG
2015.03.22 22:32 B H:\PROJECTS\web\website\portfolioWebsite\scripts\WS_FTP.LOG --> studentweb.cencol.ca /lartyukh/portfolioWebsite/scripts WS_FTP.LOG
2015.03.22 22:36 B H:\PROJECTS\web\website\portfolioWebsite\scripts\portfolioJQuery.js --> studentweb.cencol.ca /lartyukh/portfolioWebsite/scripts portfolioJQuery.js
2015.03.22 22:36 B H:\PROJECTS\web\website\portfolioWebsite\scripts\WS_FTP.LOG --> studentweb.cencol.ca /lartyukh/portfolioWebsite/scripts WS_FTP.LOG
2015.03.22 22:39 B H:\PROJECTS\web\website\portfolioWebsite\scripts\WS_FTP.LOG --> studentweb.cencol.ca /lartyukh/portfolioWebsite/scripts WS_FTP.LOG
2015.03.22 22:46 B H:\PROJECTS\web\website\portfolioWebsite\scripts\portfolioJQuery.js --> studentweb.cencol.ca /lartyukh/portfolioWebsite/scripts portfolioJQuery.js
2015.03.22 22:46 B H:\PROJECTS\web\website\portfolioWebsite\scripts\WS_FTP.LOG --> studentweb.cencol.ca /lartyukh/portfolioWebsite/scripts WS_FTP.LOG
2015.03.22 23:08 B H:\PROJECTS\web\website\portfolioWebsite\scripts\portfolioJQuery.js --> studentweb.cencol.ca /lartyukh/portfolioWebsite/scripts portfolioJQuery.js
2015.03.22 23:08 B H:\PROJECTS\web\website\portfolioWebsite\scripts\WS_FTP.LOG --> studentweb.cencol.ca /lartyukh/portfolioWebsite/scripts WS_FTP.LOG
2015.03.22 23:09 B H:\PROJECTS\web\website\portfolioWebsite\scripts\portfolioJQuery.js --> studentweb.cencol.ca /lartyukh/portfolioWebsite/scripts portfolioJQuery.js
2015.03.22 23:09 B H:\PROJECTS\web\website\portfolioWebsite\scripts\WS_FTP.LOG --> studentweb.cencol.ca /lartyukh/portfolioWebsite/scripts WS_FTP.LOG
2015.03.22 23:10 B H:\PROJECTS\web\website\portfolioWebsite\scripts\portfolioJQuery.js --> studentweb.cencol.ca /lartyukh/portfolioWebsite/scripts portfolioJQuery.js
2015.04.27 09:10 B C:\Users\Liliya\Documents\1111 - semester 5 from ecentennial\my portfolio website\portfolioWebsite\scripts\WS_FTP.LOG <-- lil /lartyukh/portfolioWebsite/scripts WS_FTP.LOG
