2015.02.27 04:08 B H:\111 winter 2015\Emerging technologies\responsive website\portfolioWebsite\myMobileSite\jquery-1.11.0.js --> studentweb.cencol.ca /lartyukh/portfolioWebsite/myMobileSite jquery-1.11.0.js
2015.02.27 04:08 B H:\111 winter 2015\Emerging technologies\responsive website\portfolioWebsite\myMobileSite\jQueryMyMobileSite.js --> studentweb.cencol.ca /lartyukh/portfolioWebsite/myMobileSite jQueryMyMobileSite.js
2015.02.27 04:08 B H:\111 winter 2015\Emerging technologies\responsive website\portfolioWebsite\myMobileSite\myMobileCSS.cs --> studentweb.cencol.ca /lartyukh/portfolioWebsite/myMobileSite myMobileCSS.cs
2015.02.27 04:08 B H:\111 winter 2015\Emerging technologies\responsive website\portfolioWebsite\myMobileSite\myPortfolioMobile.html --> studentweb.cencol.ca /lartyukh/portfolioWebsite/myMobileSite myPortfolioMobile.html
2015.02.27 04:09 B H:\111 winter 2015\Emerging technologies\responsive website\portfolioWebsite\myMobileSite\Presentation1.pptx --> studentweb.cencol.ca /lartyukh/portfolioWebsite/myMobileSite Presentation1.pptx
2015.02.27 04:45 B H:\PROJECTS\web\website\portfolioWebsite\myMobileSite\index.html --> studentweb.cencol.ca /lartyukh/portfolioWebsite/myMobileSite index.html
2015.02.27 05:26 B H:\PROJECTS\web\website\portfolioWebsite\myMobileSite\index.html --> studentweb.cencol.ca /lartyukh/portfolioWebsite/myMobileSite index.html
2015.02.27 05:35 B H:\PROJECTS\web\website\portfolioWebsite\myMobileSite\index.html --> studentweb.cencol.ca /lartyukh/portfolioWebsite/myMobileSite index.html
2015.02.27 06:24 B H:\PROJECTS\web\website\portfolioWebsite\myMobileSite\index.html --> studentweb.cencol.ca /lartyukh/portfolioWebsite/myMobileSite index.html
2015.02.27 06:24 B H:\PROJECTS\web\website\portfolioWebsite\myMobileSite\jquery-1.11.0.js --> studentweb.cencol.ca /lartyukh/portfolioWebsite/myMobileSite jquery-1.11.0.js
2015.02.27 06:24 B H:\PROJECTS\web\website\portfolioWebsite\myMobileSite\jQueryMyMobileSite.js --> studentweb.cencol.ca /lartyukh/portfolioWebsite/myMobileSite jQueryMyMobileSite.js
2015.02.27 06:24 B H:\PROJECTS\web\website\portfolioWebsite\myMobileSite\myMobileCSS.cs --> studentweb.cencol.ca /lartyukh/portfolioWebsite/myMobileSite myMobileCSS.cs
2015.02.27 06:24 B H:\PROJECTS\web\website\portfolioWebsite\myMobileSite\Presentation1.pptx --> studentweb.cencol.ca /lartyukh/portfolioWebsite/myMobileSite Presentation1.pptx
2015.02.27 06:24 B H:\PROJECTS\web\website\portfolioWebsite\myMobileSite\sliderCSS.cs --> studentweb.cencol.ca /lartyukh/portfolioWebsite/myMobileSite sliderCSS.cs
2015.02.27 06:24 B H:\PROJECTS\web\website\portfolioWebsite\myMobileSite\sliderScipt.js --> studentweb.cencol.ca /lartyukh/portfolioWebsite/myMobileSite sliderScipt.js
2015.02.27 06:37 B H:\PROJECTS\web\website\portfolioWebsite\myMobileSite\index.html --> studentweb.cencol.ca /lartyukh/portfolioWebsite/myMobileSite index.html
2015.02.27 06:37 B H:\PROJECTS\web\website\portfolioWebsite\myMobileSite\jquery-1.11.0.js --> studentweb.cencol.ca /lartyukh/portfolioWebsite/myMobileSite jquery-1.11.0.js
2015.02.27 06:37 B H:\PROJECTS\web\website\portfolioWebsite\myMobileSite\jQueryMyMobileSite.js --> studentweb.cencol.ca /lartyukh/portfolioWebsite/myMobileSite jQueryMyMobileSite.js
2015.02.27 06:37 B H:\PROJECTS\web\website\portfolioWebsite\myMobileSite\myMobileCSS.cs --> studentweb.cencol.ca /lartyukh/portfolioWebsite/myMobileSite myMobileCSS.cs
2015.02.27 06:38 B H:\PROJECTS\web\website\portfolioWebsite\myMobileSite\Presentation1.pptx --> studentweb.cencol.ca /lartyukh/portfolioWebsite/myMobileSite Presentation1.pptx
2015.02.27 06:38 B H:\PROJECTS\web\website\portfolioWebsite\myMobileSite\sliderCSS.cs --> studentweb.cencol.ca /lartyukh/portfolioWebsite/myMobileSite sliderCSS.cs
2015.02.27 06:38 B H:\PROJECTS\web\website\portfolioWebsite\myMobileSite\sliderScipt.js --> studentweb.cencol.ca /lartyukh/portfolioWebsite/myMobileSite sliderScipt.js
2015.02.27 07:07 B H:\PROJECTS\web\website\portfolioWebsite\myMobileSite\index.html --> studentweb.cencol.ca /lartyukh/portfolioWebsite/myMobileSite index.html
2015.02.27 07:07 B H:\PROJECTS\web\website\portfolioWebsite\myMobileSite\jquery-1.11.0.js --> studentweb.cencol.ca /lartyukh/portfolioWebsite/myMobileSite jquery-1.11.0.js
2015.02.27 07:07 B H:\PROJECTS\web\website\portfolioWebsite\myMobileSite\jQueryMyMobileSite.js --> studentweb.cencol.ca /lartyukh/portfolioWebsite/myMobileSite jQueryMyMobileSite.js
2015.02.27 07:07 B H:\PROJECTS\web\website\portfolioWebsite\myMobileSite\myMobileCSS.cs --> studentweb.cencol.ca /lartyukh/portfolioWebsite/myMobileSite myMobileCSS.cs
2015.02.27 07:07 B H:\PROJECTS\web\website\portfolioWebsite\myMobileSite\Presentation1.pptx --> studentweb.cencol.ca /lartyukh/portfolioWebsite/myMobileSite Presentation1.pptx
2015.02.27 07:07 B H:\PROJECTS\web\website\portfolioWebsite\myMobileSite\sliderCSS.cs --> studentweb.cencol.ca /lartyukh/portfolioWebsite/myMobileSite sliderCSS.cs
2015.02.27 07:07 B H:\PROJECTS\web\website\portfolioWebsite\myMobileSite\sliderScipt.js --> studentweb.cencol.ca /lartyukh/portfolioWebsite/myMobileSite sliderScipt.js
2015.02.27 07:22 B H:\PROJECTS\web\website\portfolioWebsite\myMobileSite\index.html --> studentweb.cencol.ca /lartyukh/portfolioWebsite/myMobileSite index.html
2015.02.27 07:22 B H:\PROJECTS\web\website\portfolioWebsite\myMobileSite\Presentation1.pptx --> studentweb.cencol.ca /lartyukh/portfolioWebsite/myMobileSite Presentation1.pptx
