2015.02.27 05:25 B H:\PROJECTS\web\website\portfolioWebsite\myMobileSite\jquery.mobile-1.4.2\themes\images\icons-png\action-black.png --> studentweb.cencol.ca /lartyukh/portfolioWebsite/myMobileSite/jquery.mobile-1.4.2/themes/images/icons-png action-black.png
2015.02.27 05:25 B H:\PROJECTS\web\website\portfolioWebsite\myMobileSite\jquery.mobile-1.4.2\themes\images\icons-png\action-white.png --> studentweb.cencol.ca /lartyukh/portfolioWebsite/myMobileSite/jquery.mobile-1.4.2/themes/images/icons-png action-white.png
2015.02.27 05:25 B H:\PROJECTS\web\website\portfolioWebsite\myMobileSite\jquery.mobile-1.4.2\themes\images\icons-png\alert-black.png --> studentweb.cencol.ca /lartyukh/portfolioWebsite/myMobileSite/jquery.mobile-1.4.2/themes/images/icons-png alert-black.png
2015.02.27 05:25 B H:\PROJECTS\web\website\portfolioWebsite\myMobileSite\jquery.mobile-1.4.2\themes\images\icons-png\alert-white.png --> studentweb.cencol.ca /lartyukh/portfolioWebsite/myMobileSite/jquery.mobile-1.4.2/themes/images/icons-png alert-white.png
2015.02.27 05:25 B H:\PROJECTS\web\website\portfolioWebsite\myMobileSite\jquery.mobile-1.4.2\themes\images\icons-png\arrow-d-black.png --> studentweb.cencol.ca /lartyukh/portfolioWebsite/myMobileSite/jquery.mobile-1.4.2/themes/images/icons-png arrow-d-black.png
2015.02.27 05:25 B H:\PROJECTS\web\website\portfolioWebsite\myMobileSite\jquery.mobile-1.4.2\themes\images\icons-png\arrow-d-l-black.png --> studentweb.cencol.ca /lartyukh/portfolioWebsite/myMobileSite/jquery.mobile-1.4.2/themes/images/icons-png arrow-d-l-black.png
2015.02.27 05:25 B H:\PROJECTS\web\website\portfolioWebsite\myMobileSite\jquery.mobile-1.4.2\themes\images\icons-png\arrow-d-l-white.png --> studentweb.cencol.ca /lartyukh/portfolioWebsite/myMobileSite/jquery.mobile-1.4.2/themes/images/icons-png arrow-d-l-white.png
2015.02.27 05:25 B H:\PROJECTS\web\website\portfolioWebsite\myMobileSite\jquery.mobile-1.4.2\themes\images\icons-png\arrow-d-r-black.png --> studentweb.cencol.ca /lartyukh/portfolioWebsite/myMobileSite/jquery.mobile-1.4.2/themes/images/icons-png arrow-d-r-black.png
2015.02.27 05:25 B H:\PROJECTS\web\website\portfolioWebsite\myMobileSite\jquery.mobile-1.4.2\themes\images\icons-png\arrow-d-r-white.png --> studentweb.cencol.ca /lartyukh/portfolioWebsite/myMobileSite/jquery.mobile-1.4.2/themes/images/icons-png arrow-d-r-white.png
2015.02.27 05:25 B H:\PROJECTS\web\website\portfolioWebsite\myMobileSite\jquery.mobile-1.4.2\themes\images\icons-png\arrow-d-white.png --> studentweb.cencol.ca /lartyukh/portfolioWebsite/myMobileSite/jquery.mobile-1.4.2/themes/images/icons-png arrow-d-white.png
2015.02.27 05:25 B H:\PROJECTS\web\website\portfolioWebsite\myMobileSite\jquery.mobile-1.4.2\themes\images\icons-png\arrow-l-black.png --> studentweb.cencol.ca /lartyukh/portfolioWebsite/myMobileSite/jquery.mobile-1.4.2/themes/images/icons-png arrow-l-black.png
2015.02.27 05:25 B H:\PROJECTS\web\website\portfolioWebsite\myMobileSite\jquery.mobile-1.4.2\themes\images\icons-png\arrow-l-white.png --> studentweb.cencol.ca /lartyukh/portfolioWebsite/myMobileSite/jquery.mobile-1.4.2/themes/images/icons-png arrow-l-white.png
2015.02.27 05:25 B H:\PROJECTS\web\website\portfolioWebsite\myMobileSite\jquery.mobile-1.4.2\themes\images\icons-png\arrow-r-black.png --> studentweb.cencol.ca /lartyukh/portfolioWebsite/myMobileSite/jquery.mobile-1.4.2/themes/images/icons-png arrow-r-black.png
2015.02.27 05:25 B H:\PROJECTS\web\website\portfolioWebsite\myMobileSite\jquery.mobile-1.4.2\themes\images\icons-png\arrow-r-white.png --> studentweb.cencol.ca /lartyukh/portfolioWebsite/myMobileSite/jquery.mobile-1.4.2/themes/images/icons-png arrow-r-white.png
2015.02.27 05:25 B H:\PROJECTS\web\website\portfolioWebsite\myMobileSite\jquery.mobile-1.4.2\themes\images\icons-png\arrow-u-black.png --> studentweb.cencol.ca /lartyukh/portfolioWebsite/myMobileSite/jquery.mobile-1.4.2/themes/images/icons-png arrow-u-black.png
2015.02.27 05:25 B H:\PROJECTS\web\website\portfolioWebsite\myMobileSite\jquery.mobile-1.4.2\themes\images\icons-png\arrow-u-l-black.png --> studentweb.cencol.ca /lartyukh/portfolioWebsite/myMobileSite/jquery.mobile-1.4.2/themes/images/icons-png arrow-u-l-black.png
2015.02.27 05:25 B H:\PROJECTS\web\website\portfolioWebsite\myMobileSite\jquery.mobile-1.4.2\themes\images\icons-png\arrow-u-l-white.png --> studentweb.cencol.ca /lartyukh/portfolioWebsite/myMobileSite/jquery.mobile-1.4.2/themes/images/icons-png arrow-u-l-white.png
2015.02.27 05:25 B H:\PROJECTS\web\website\portfolioWebsite\myMobileSite\jquery.mobile-1.4.2\themes\images\icons-png\arrow-u-r-black.png --> studentweb.cencol.ca /lartyukh/portfolioWebsite/myMobileSite/jquery.mobile-1.4.2/themes/images/icons-png arrow-u-r-black.png
2015.02.27 05:25 B H:\PROJECTS\web\website\portfolioWebsite\myMobileSite\jquery.mobile-1.4.2\themes\images\icons-png\arrow-u-r-white.png --> studentweb.cencol.ca /lartyukh/portfolioWebsite/myMobileSite/jquery.mobile-1.4.2/themes/images/icons-png arrow-u-r-white.png
2015.02.27 05:25 B H:\PROJECTS\web\website\portfolioWebsite\myMobileSite\jquery.mobile-1.4.2\themes\images\icons-png\arrow-u-white.png --> studentweb.cencol.ca /lartyukh/portfolioWebsite/myMobileSite/jquery.mobile-1.4.2/themes/images/icons-png arrow-u-white.png
2015.02.27 05:25 B H:\PROJECTS\web\website\portfolioWebsite\myMobileSite\jquery.mobile-1.4.2\themes\images\icons-png\audio-black.png --> studentweb.cencol.ca /lartyukh/portfolioWebsite/myMobileSite/jquery.mobile-1.4.2/themes/images/icons-png audio-black.png
2015.02.27 05:25 B H:\PROJECTS\web\website\portfolioWebsite\myMobileSite\jquery.mobile-1.4.2\themes\images\icons-png\audio-white.png --> studentweb.cencol.ca /lartyukh/portfolioWebsite/myMobileSite/jquery.mobile-1.4.2/themes/images/icons-png audio-white.png
2015.02.27 05:25 B H:\PROJECTS\web\website\portfolioWebsite\myMobileSite\jquery.mobile-1.4.2\themes\images\icons-png\back-black.png --> studentweb.cencol.ca /lartyukh/portfolioWebsite/myMobileSite/jquery.mobile-1.4.2/themes/images/icons-png back-black.png
2015.02.27 05:25 B H:\PROJECTS\web\website\portfolioWebsite\myMobileSite\jquery.mobile-1.4.2\themes\images\icons-png\back-white.png --> studentweb.cencol.ca /lartyukh/portfolioWebsite/myMobileSite/jquery.mobile-1.4.2/themes/images/icons-png back-white.png
2015.02.27 05:25 B H:\PROJECTS\web\website\portfolioWebsite\myMobileSite\jquery.mobile-1.4.2\themes\images\icons-png\bars-black.png --> studentweb.cencol.ca /lartyukh/portfolioWebsite/myMobileSite/jquery.mobile-1.4.2/themes/images/icons-png bars-black.png
2015.02.27 05:25 B H:\PROJECTS\web\website\portfolioWebsite\myMobileSite\jquery.mobile-1.4.2\themes\images\icons-png\bars-white.png --> studentweb.cencol.ca /lartyukh/portfolioWebsite/myMobileSite/jquery.mobile-1.4.2/themes/images/icons-png bars-white.png
2015.02.27 05:25 B H:\PROJECTS\web\website\portfolioWebsite\myMobileSite\jquery.mobile-1.4.2\themes\images\icons-png\bullets-black.png --> studentweb.cencol.ca /lartyukh/portfolioWebsite/myMobileSite/jquery.mobile-1.4.2/themes/images/icons-png bullets-black.png
2015.02.27 05:25 B H:\PROJECTS\web\website\portfolioWebsite\myMobileSite\jquery.mobile-1.4.2\themes\images\icons-png\bullets-white.png --> studentweb.cencol.ca /lartyukh/portfolioWebsite/myMobileSite/jquery.mobile-1.4.2/themes/images/icons-png bullets-white.png
2015.02.27 05:25 B H:\PROJECTS\web\website\portfolioWebsite\myMobileSite\jquery.mobile-1.4.2\themes\images\icons-png\calendar-black.png --> studentweb.cencol.ca /lartyukh/portfolioWebsite/myMobileSite/jquery.mobile-1.4.2/themes/images/icons-png calendar-black.png
2015.02.27 05:25 B H:\PROJECTS\web\website\portfolioWebsite\myMobileSite\jquery.mobile-1.4.2\themes\images\icons-png\calendar-white.png --> studentweb.cencol.ca /lartyukh/portfolioWebsite/myMobileSite/jquery.mobile-1.4.2/themes/images/icons-png calendar-white.png
2015.02.27 05:25 B H:\PROJECTS\web\website\portfolioWebsite\myMobileSite\jquery.mobile-1.4.2\themes\images\icons-png\camera-black.png --> studentweb.cencol.ca /lartyukh/portfolioWebsite/myMobileSite/jquery.mobile-1.4.2/themes/images/icons-png camera-black.png
2015.02.27 05:25 B H:\PROJECTS\web\website\portfolioWebsite\myMobileSite\jquery.mobile-1.4.2\themes\images\icons-png\camera-white.png --> studentweb.cencol.ca /lartyukh/portfolioWebsite/myMobileSite/jquery.mobile-1.4.2/themes/images/icons-png camera-white.png
2015.02.27 05:25 B H:\PROJECTS\web\website\portfolioWebsite\myMobileSite\jquery.mobile-1.4.2\themes\images\icons-png\carat-d-black.png --> studentweb.cencol.ca /lartyukh/portfolioWebsite/myMobileSite/jquery.mobile-1.4.2/themes/images/icons-png carat-d-black.png
2015.02.27 05:25 B H:\PROJECTS\web\website\portfolioWebsite\myMobileSite\jquery.mobile-1.4.2\themes\images\icons-png\carat-d-white.png --> studentweb.cencol.ca /lartyukh/portfolioWebsite/myMobileSite/jquery.mobile-1.4.2/themes/images/icons-png carat-d-white.png
2015.02.27 05:25 B H:\PROJECTS\web\website\portfolioWebsite\myMobileSite\jquery.mobile-1.4.2\themes\images\icons-png\carat-l-black.png --> studentweb.cencol.ca /lartyukh/portfolioWebsite/myMobileSite/jquery.mobile-1.4.2/themes/images/icons-png carat-l-black.png
2015.02.27 05:25 B H:\PROJECTS\web\website\portfolioWebsite\myMobileSite\jquery.mobile-1.4.2\themes\images\icons-png\carat-l-white.png --> studentweb.cencol.ca /lartyukh/portfolioWebsite/myMobileSite/jquery.mobile-1.4.2/themes/images/icons-png carat-l-white.png
2015.02.27 05:25 B H:\PROJECTS\web\website\portfolioWebsite\myMobileSite\jquery.mobile-1.4.2\themes\images\icons-png\carat-r-black.png --> studentweb.cencol.ca /lartyukh/portfolioWebsite/myMobileSite/jquery.mobile-1.4.2/themes/images/icons-png carat-r-black.png
2015.02.27 05:25 B H:\PROJECTS\web\website\portfolioWebsite\myMobileSite\jquery.mobile-1.4.2\themes\images\icons-png\carat-r-white.png --> studentweb.cencol.ca /lartyukh/portfolioWebsite/myMobileSite/jquery.mobile-1.4.2/themes/images/icons-png carat-r-white.png
2015.02.27 05:25 B H:\PROJECTS\web\website\portfolioWebsite\myMobileSite\jquery.mobile-1.4.2\themes\images\icons-png\carat-u-black.png --> studentweb.cencol.ca /lartyukh/portfolioWebsite/myMobileSite/jquery.mobile-1.4.2/themes/images/icons-png carat-u-black.png
2015.02.27 05:25 B H:\PROJECTS\web\website\portfolioWebsite\myMobileSite\jquery.mobile-1.4.2\themes\images\icons-png\carat-u-white.png --> studentweb.cencol.ca /lartyukh/portfolioWebsite/myMobileSite/jquery.mobile-1.4.2/themes/images/icons-png carat-u-white.png
2015.02.27 05:25 B H:\PROJECTS\web\website\portfolioWebsite\myMobileSite\jquery.mobile-1.4.2\themes\images\icons-png\check-black.png --> studentweb.cencol.ca /lartyukh/portfolioWebsite/myMobileSite/jquery.mobile-1.4.2/themes/images/icons-png check-black.png
2015.02.27 05:25 B H:\PROJECTS\web\website\portfolioWebsite\myMobileSite\jquery.mobile-1.4.2\themes\images\icons-png\check-white.png --> studentweb.cencol.ca /lartyukh/portfolioWebsite/myMobileSite/jquery.mobile-1.4.2/themes/images/icons-png check-white.png
2015.02.27 05:25 B H:\PROJECTS\web\website\portfolioWebsite\myMobileSite\jquery.mobile-1.4.2\themes\images\icons-png\clock-black.png --> studentweb.cencol.ca /lartyukh/portfolioWebsite/myMobileSite/jquery.mobile-1.4.2/themes/images/icons-png clock-black.png
2015.02.27 05:25 B H:\PROJECTS\web\website\portfolioWebsite\myMobileSite\jquery.mobile-1.4.2\themes\images\icons-png\clock-white.png --> studentweb.cencol.ca /lartyukh/portfolioWebsite/myMobileSite/jquery.mobile-1.4.2/themes/images/icons-png clock-white.png
2015.02.27 05:25 B H:\PROJECTS\web\website\portfolioWebsite\myMobileSite\jquery.mobile-1.4.2\themes\images\icons-png\cloud-black.png --> studentweb.cencol.ca /lartyukh/portfolioWebsite/myMobileSite/jquery.mobile-1.4.2/themes/images/icons-png cloud-black.png
2015.02.27 05:25 B H:\PROJECTS\web\website\portfolioWebsite\myMobileSite\jquery.mobile-1.4.2\themes\images\icons-png\cloud-white.png --> studentweb.cencol.ca /lartyukh/portfolioWebsite/myMobileSite/jquery.mobile-1.4.2/themes/images/icons-png cloud-white.png
2015.02.27 05:25 B H:\PROJECTS\web\website\portfolioWebsite\myMobileSite\jquery.mobile-1.4.2\themes\images\icons-png\comment-black.png --> studentweb.cencol.ca /lartyukh/portfolioWebsite/myMobileSite/jquery.mobile-1.4.2/themes/images/icons-png comment-black.png
2015.02.27 05:25 B H:\PROJECTS\web\website\portfolioWebsite\myMobileSite\jquery.mobile-1.4.2\themes\images\icons-png\comment-white.png --> studentweb.cencol.ca /lartyukh/portfolioWebsite/myMobileSite/jquery.mobile-1.4.2/themes/images/icons-png comment-white.png
2015.02.27 05:25 B H:\PROJECTS\web\website\portfolioWebsite\myMobileSite\jquery.mobile-1.4.2\themes\images\icons-png\delete-black.png --> studentweb.cencol.ca /lartyukh/portfolioWebsite/myMobileSite/jquery.mobile-1.4.2/themes/images/icons-png delete-black.png
2015.02.27 05:25 B H:\PROJECTS\web\website\portfolioWebsite\myMobileSite\jquery.mobile-1.4.2\themes\images\icons-png\delete-white.png --> studentweb.cencol.ca /lartyukh/portfolioWebsite/myMobileSite/jquery.mobile-1.4.2/themes/images/icons-png delete-white.png
2015.02.27 05:25 B H:\PROJECTS\web\website\portfolioWebsite\myMobileSite\jquery.mobile-1.4.2\themes\images\icons-png\edit-black.png --> studentweb.cencol.ca /lartyukh/portfolioWebsite/myMobileSite/jquery.mobile-1.4.2/themes/images/icons-png edit-black.png
2015.02.27 05:25 B H:\PROJECTS\web\website\portfolioWebsite\myMobileSite\jquery.mobile-1.4.2\themes\images\icons-png\edit-white.png --> studentweb.cencol.ca /lartyukh/portfolioWebsite/myMobileSite/jquery.mobile-1.4.2/themes/images/icons-png edit-white.png
2015.02.27 05:25 B H:\PROJECTS\web\website\portfolioWebsite\myMobileSite\jquery.mobile-1.4.2\themes\images\icons-png\eye-black.png --> studentweb.cencol.ca /lartyukh/portfolioWebsite/myMobileSite/jquery.mobile-1.4.2/themes/images/icons-png eye-black.png
2015.02.27 05:25 B H:\PROJECTS\web\website\portfolioWebsite\myMobileSite\jquery.mobile-1.4.2\themes\images\icons-png\eye-white.png --> studentweb.cencol.ca /lartyukh/portfolioWebsite/myMobileSite/jquery.mobile-1.4.2/themes/images/icons-png eye-white.png
2015.02.27 05:25 B H:\PROJECTS\web\website\portfolioWebsite\myMobileSite\jquery.mobile-1.4.2\themes\images\icons-png\forbidden-black.png --> studentweb.cencol.ca /lartyukh/portfolioWebsite/myMobileSite/jquery.mobile-1.4.2/themes/images/icons-png forbidden-black.png
2015.02.27 05:25 B H:\PROJECTS\web\website\portfolioWebsite\myMobileSite\jquery.mobile-1.4.2\themes\images\icons-png\forbidden-white.png --> studentweb.cencol.ca /lartyukh/portfolioWebsite/myMobileSite/jquery.mobile-1.4.2/themes/images/icons-png forbidden-white.png
2015.02.27 05:25 B H:\PROJECTS\web\website\portfolioWebsite\myMobileSite\jquery.mobile-1.4.2\themes\images\icons-png\forward-black.png --> studentweb.cencol.ca /lartyukh/portfolioWebsite/myMobileSite/jquery.mobile-1.4.2/themes/images/icons-png forward-black.png
2015.02.27 05:25 B H:\PROJECTS\web\website\portfolioWebsite\myMobileSite\jquery.mobile-1.4.2\themes\images\icons-png\forward-white.png --> studentweb.cencol.ca /lartyukh/portfolioWebsite/myMobileSite/jquery.mobile-1.4.2/themes/images/icons-png forward-white.png
2015.02.27 05:25 B H:\PROJECTS\web\website\portfolioWebsite\myMobileSite\jquery.mobile-1.4.2\themes\images\icons-png\gear-black.png --> studentweb.cencol.ca /lartyukh/portfolioWebsite/myMobileSite/jquery.mobile-1.4.2/themes/images/icons-png gear-black.png
2015.02.27 05:25 B H:\PROJECTS\web\website\portfolioWebsite\myMobileSite\jquery.mobile-1.4.2\themes\images\icons-png\gear-white.png --> studentweb.cencol.ca /lartyukh/portfolioWebsite/myMobileSite/jquery.mobile-1.4.2/themes/images/icons-png gear-white.png
2015.02.27 05:25 B H:\PROJECTS\web\website\portfolioWebsite\myMobileSite\jquery.mobile-1.4.2\themes\images\icons-png\grid-black.png --> studentweb.cencol.ca /lartyukh/portfolioWebsite/myMobileSite/jquery.mobile-1.4.2/themes/images/icons-png grid-black.png
2015.02.27 05:25 B H:\PROJECTS\web\website\portfolioWebsite\myMobileSite\jquery.mobile-1.4.2\themes\images\icons-png\grid-white.png --> studentweb.cencol.ca /lartyukh/portfolioWebsite/myMobileSite/jquery.mobile-1.4.2/themes/images/icons-png grid-white.png
2015.02.27 05:25 B H:\PROJECTS\web\website\portfolioWebsite\myMobileSite\jquery.mobile-1.4.2\themes\images\icons-png\heart-black.png --> studentweb.cencol.ca /lartyukh/portfolioWebsite/myMobileSite/jquery.mobile-1.4.2/themes/images/icons-png heart-black.png
2015.02.27 05:25 B H:\PROJECTS\web\website\portfolioWebsite\myMobileSite\jquery.mobile-1.4.2\themes\images\icons-png\heart-white.png --> studentweb.cencol.ca /lartyukh/portfolioWebsite/myMobileSite/jquery.mobile-1.4.2/themes/images/icons-png heart-white.png
2015.02.27 05:25 B H:\PROJECTS\web\website\portfolioWebsite\myMobileSite\jquery.mobile-1.4.2\themes\images\icons-png\home-black.png --> studentweb.cencol.ca /lartyukh/portfolioWebsite/myMobileSite/jquery.mobile-1.4.2/themes/images/icons-png home-black.png
2015.02.27 05:25 B H:\PROJECTS\web\website\portfolioWebsite\myMobileSite\jquery.mobile-1.4.2\themes\images\icons-png\home-white.png --> studentweb.cencol.ca /lartyukh/portfolioWebsite/myMobileSite/jquery.mobile-1.4.2/themes/images/icons-png home-white.png
2015.02.27 05:25 B H:\PROJECTS\web\website\portfolioWebsite\myMobileSite\jquery.mobile-1.4.2\themes\images\icons-png\info-black.png --> studentweb.cencol.ca /lartyukh/portfolioWebsite/myMobileSite/jquery.mobile-1.4.2/themes/images/icons-png info-black.png
2015.02.27 05:25 B H:\PROJECTS\web\website\portfolioWebsite\myMobileSite\jquery.mobile-1.4.2\themes\images\icons-png\info-white.png --> studentweb.cencol.ca /lartyukh/portfolioWebsite/myMobileSite/jquery.mobile-1.4.2/themes/images/icons-png info-white.png
2015.02.27 05:25 B H:\PROJECTS\web\website\portfolioWebsite\myMobileSite\jquery.mobile-1.4.2\themes\images\icons-png\location-black.png --> studentweb.cencol.ca /lartyukh/portfolioWebsite/myMobileSite/jquery.mobile-1.4.2/themes/images/icons-png location-black.png
2015.02.27 05:25 B H:\PROJECTS\web\website\portfolioWebsite\myMobileSite\jquery.mobile-1.4.2\themes\images\icons-png\location-white.png --> studentweb.cencol.ca /lartyukh/portfolioWebsite/myMobileSite/jquery.mobile-1.4.2/themes/images/icons-png location-white.png
2015.02.27 05:25 B H:\PROJECTS\web\website\portfolioWebsite\myMobileSite\jquery.mobile-1.4.2\themes\images\icons-png\lock-black.png --> studentweb.cencol.ca /lartyukh/portfolioWebsite/myMobileSite/jquery.mobile-1.4.2/themes/images/icons-png lock-black.png
2015.02.27 05:25 B H:\PROJECTS\web\website\portfolioWebsite\myMobileSite\jquery.mobile-1.4.2\themes\images\icons-png\lock-white.png --> studentweb.cencol.ca /lartyukh/portfolioWebsite/myMobileSite/jquery.mobile-1.4.2/themes/images/icons-png lock-white.png
2015.02.27 05:25 B H:\PROJECTS\web\website\portfolioWebsite\myMobileSite\jquery.mobile-1.4.2\themes\images\icons-png\mail-black.png --> studentweb.cencol.ca /lartyukh/portfolioWebsite/myMobileSite/jquery.mobile-1.4.2/themes/images/icons-png mail-black.png
2015.02.27 05:25 B H:\PROJECTS\web\website\portfolioWebsite\myMobileSite\jquery.mobile-1.4.2\themes\images\icons-png\mail-white.png --> studentweb.cencol.ca /lartyukh/portfolioWebsite/myMobileSite/jquery.mobile-1.4.2/themes/images/icons-png mail-white.png
2015.02.27 05:25 B H:\PROJECTS\web\website\portfolioWebsite\myMobileSite\jquery.mobile-1.4.2\themes\images\icons-png\minus-black.png --> studentweb.cencol.ca /lartyukh/portfolioWebsite/myMobileSite/jquery.mobile-1.4.2/themes/images/icons-png minus-black.png
2015.02.27 05:25 B H:\PROJECTS\web\website\portfolioWebsite\myMobileSite\jquery.mobile-1.4.2\themes\images\icons-png\minus-white.png --> studentweb.cencol.ca /lartyukh/portfolioWebsite/myMobileSite/jquery.mobile-1.4.2/themes/images/icons-png minus-white.png
2015.02.27 05:25 B H:\PROJECTS\web\website\portfolioWebsite\myMobileSite\jquery.mobile-1.4.2\themes\images\icons-png\navigation-black.png --> studentweb.cencol.ca /lartyukh/portfolioWebsite/myMobileSite/jquery.mobile-1.4.2/themes/images/icons-png navigation-black.png
2015.02.27 05:25 B H:\PROJECTS\web\website\portfolioWebsite\myMobileSite\jquery.mobile-1.4.2\themes\images\icons-png\navigation-white.png --> studentweb.cencol.ca /lartyukh/portfolioWebsite/myMobileSite/jquery.mobile-1.4.2/themes/images/icons-png navigation-white.png
2015.02.27 05:25 B H:\PROJECTS\web\website\portfolioWebsite\myMobileSite\jquery.mobile-1.4.2\themes\images\icons-png\phone-black.png --> studentweb.cencol.ca /lartyukh/portfolioWebsite/myMobileSite/jquery.mobile-1.4.2/themes/images/icons-png phone-black.png
2015.02.27 05:25 B H:\PROJECTS\web\website\portfolioWebsite\myMobileSite\jquery.mobile-1.4.2\themes\images\icons-png\phone-white.png --> studentweb.cencol.ca /lartyukh/portfolioWebsite/myMobileSite/jquery.mobile-1.4.2/themes/images/icons-png phone-white.png
2015.02.27 05:25 B H:\PROJECTS\web\website\portfolioWebsite\myMobileSite\jquery.mobile-1.4.2\themes\images\icons-png\plus-black.png --> studentweb.cencol.ca /lartyukh/portfolioWebsite/myMobileSite/jquery.mobile-1.4.2/themes/images/icons-png plus-black.png
2015.02.27 05:25 B H:\PROJECTS\web\website\portfolioWebsite\myMobileSite\jquery.mobile-1.4.2\themes\images\icons-png\plus-white.png --> studentweb.cencol.ca /lartyukh/portfolioWebsite/myMobileSite/jquery.mobile-1.4.2/themes/images/icons-png plus-white.png
2015.02.27 05:25 B H:\PROJECTS\web\website\portfolioWebsite\myMobileSite\jquery.mobile-1.4.2\themes\images\icons-png\power-black.png --> studentweb.cencol.ca /lartyukh/portfolioWebsite/myMobileSite/jquery.mobile-1.4.2/themes/images/icons-png power-black.png
2015.02.27 05:25 B H:\PROJECTS\web\website\portfolioWebsite\myMobileSite\jquery.mobile-1.4.2\themes\images\icons-png\power-white.png --> studentweb.cencol.ca /lartyukh/portfolioWebsite/myMobileSite/jquery.mobile-1.4.2/themes/images/icons-png power-white.png
2015.02.27 05:25 B H:\PROJECTS\web\website\portfolioWebsite\myMobileSite\jquery.mobile-1.4.2\themes\images\icons-png\recycle-black.png --> studentweb.cencol.ca /lartyukh/portfolioWebsite/myMobileSite/jquery.mobile-1.4.2/themes/images/icons-png recycle-black.png
2015.02.27 05:25 B H:\PROJECTS\web\website\portfolioWebsite\myMobileSite\jquery.mobile-1.4.2\themes\images\icons-png\recycle-white.png --> studentweb.cencol.ca /lartyukh/portfolioWebsite/myMobileSite/jquery.mobile-1.4.2/themes/images/icons-png recycle-white.png
2015.02.27 05:25 B H:\PROJECTS\web\website\portfolioWebsite\myMobileSite\jquery.mobile-1.4.2\themes\images\icons-png\refresh-black.png --> studentweb.cencol.ca /lartyukh/portfolioWebsite/myMobileSite/jquery.mobile-1.4.2/themes/images/icons-png refresh-black.png
2015.02.27 05:25 B H:\PROJECTS\web\website\portfolioWebsite\myMobileSite\jquery.mobile-1.4.2\themes\images\icons-png\refresh-white.png --> studentweb.cencol.ca /lartyukh/portfolioWebsite/myMobileSite/jquery.mobile-1.4.2/themes/images/icons-png refresh-white.png
2015.02.27 05:25 B H:\PROJECTS\web\website\portfolioWebsite\myMobileSite\jquery.mobile-1.4.2\themes\images\icons-png\search-black.png --> studentweb.cencol.ca /lartyukh/portfolioWebsite/myMobileSite/jquery.mobile-1.4.2/themes/images/icons-png search-black.png
2015.02.27 05:25 B H:\PROJECTS\web\website\portfolioWebsite\myMobileSite\jquery.mobile-1.4.2\themes\images\icons-png\search-white.png --> studentweb.cencol.ca /lartyukh/portfolioWebsite/myMobileSite/jquery.mobile-1.4.2/themes/images/icons-png search-white.png
2015.02.27 05:25 B H:\PROJECTS\web\website\portfolioWebsite\myMobileSite\jquery.mobile-1.4.2\themes\images\icons-png\shop-black.png --> studentweb.cencol.ca /lartyukh/portfolioWebsite/myMobileSite/jquery.mobile-1.4.2/themes/images/icons-png shop-black.png
2015.02.27 05:25 B H:\PROJECTS\web\website\portfolioWebsite\myMobileSite\jquery.mobile-1.4.2\themes\images\icons-png\shop-white.png --> studentweb.cencol.ca /lartyukh/portfolioWebsite/myMobileSite/jquery.mobile-1.4.2/themes/images/icons-png shop-white.png
2015.02.27 05:25 B H:\PROJECTS\web\website\portfolioWebsite\myMobileSite\jquery.mobile-1.4.2\themes\images\icons-png\star-black.png --> studentweb.cencol.ca /lartyukh/portfolioWebsite/myMobileSite/jquery.mobile-1.4.2/themes/images/icons-png star-black.png
2015.02.27 05:25 B H:\PROJECTS\web\website\portfolioWebsite\myMobileSite\jquery.mobile-1.4.2\themes\images\icons-png\star-white.png --> studentweb.cencol.ca /lartyukh/portfolioWebsite/myMobileSite/jquery.mobile-1.4.2/themes/images/icons-png star-white.png
2015.02.27 05:25 B H:\PROJECTS\web\website\portfolioWebsite\myMobileSite\jquery.mobile-1.4.2\themes\images\icons-png\tag-black.png --> studentweb.cencol.ca /lartyukh/portfolioWebsite/myMobileSite/jquery.mobile-1.4.2/themes/images/icons-png tag-black.png
2015.02.27 05:25 B H:\PROJECTS\web\website\portfolioWebsite\myMobileSite\jquery.mobile-1.4.2\themes\images\icons-png\tag-white.png --> studentweb.cencol.ca /lartyukh/portfolioWebsite/myMobileSite/jquery.mobile-1.4.2/themes/images/icons-png tag-white.png
2015.02.27 05:25 B H:\PROJECTS\web\website\portfolioWebsite\myMobileSite\jquery.mobile-1.4.2\themes\images\icons-png\user-black.png --> studentweb.cencol.ca /lartyukh/portfolioWebsite/myMobileSite/jquery.mobile-1.4.2/themes/images/icons-png user-black.png
2015.02.27 05:25 B H:\PROJECTS\web\website\portfolioWebsite\myMobileSite\jquery.mobile-1.4.2\themes\images\icons-png\user-white.png --> studentweb.cencol.ca /lartyukh/portfolioWebsite/myMobileSite/jquery.mobile-1.4.2/themes/images/icons-png user-white.png
2015.02.27 05:25 B H:\PROJECTS\web\website\portfolioWebsite\myMobileSite\jquery.mobile-1.4.2\themes\images\icons-png\video-black.png --> studentweb.cencol.ca /lartyukh/portfolioWebsite/myMobileSite/jquery.mobile-1.4.2/themes/images/icons-png video-black.png
2015.02.27 05:25 B H:\PROJECTS\web\website\portfolioWebsite\myMobileSite\jquery.mobile-1.4.2\themes\images\icons-png\video-white.png --> studentweb.cencol.ca /lartyukh/portfolioWebsite/myMobileSite/jquery.mobile-1.4.2/themes/images/icons-png video-white.png
