2015.02.27 04:03 B H:\111 winter 2015\Emerging technologies\responsive website\portfolioWebsite\myMobileSite\jquery.mobile-1.4.2\demos\_assets\img\album-af.jpg --> studentweb.cencol.ca /lartyukh/portfolioWebsite/myMobileSite/jquery.mobile-1.4.2/demos/_assets/img album-af.jpg
2015.02.27 04:03 B H:\111 winter 2015\Emerging technologies\responsive website\portfolioWebsite\myMobileSite\jquery.mobile-1.4.2\demos\_assets\img\album-ag.jpg --> studentweb.cencol.ca /lartyukh/portfolioWebsite/myMobileSite/jquery.mobile-1.4.2/demos/_assets/img album-ag.jpg
2015.02.27 04:03 B H:\111 winter 2015\Emerging technologies\responsive website\portfolioWebsite\myMobileSite\jquery.mobile-1.4.2\demos\_assets\img\album-bb.jpg --> studentweb.cencol.ca /lartyukh/portfolioWebsite/myMobileSite/jquery.mobile-1.4.2/demos/_assets/img album-bb.jpg
2015.02.27 04:03 B H:\111 winter 2015\Emerging technologies\responsive website\portfolioWebsite\myMobileSite\jquery.mobile-1.4.2\demos\_assets\img\album-bk.jpg --> studentweb.cencol.ca /lartyukh/portfolioWebsite/myMobileSite/jquery.mobile-1.4.2/demos/_assets/img album-bk.jpg
2015.02.27 04:03 B H:\111 winter 2015\Emerging technologies\responsive website\portfolioWebsite\myMobileSite\jquery.mobile-1.4.2\demos\_assets\img\album-hc.jpg --> studentweb.cencol.ca /lartyukh/portfolioWebsite/myMobileSite/jquery.mobile-1.4.2/demos/_assets/img album-hc.jpg
2015.02.27 04:03 B H:\111 winter 2015\Emerging technologies\responsive website\portfolioWebsite\myMobileSite\jquery.mobile-1.4.2\demos\_assets\img\album-k.jpg --> studentweb.cencol.ca /lartyukh/portfolioWebsite/myMobileSite/jquery.mobile-1.4.2/demos/_assets/img album-k.jpg
2015.02.27 04:03 B H:\111 winter 2015\Emerging technologies\responsive website\portfolioWebsite\myMobileSite\jquery.mobile-1.4.2\demos\_assets\img\album-mg.jpg --> studentweb.cencol.ca /lartyukh/portfolioWebsite/myMobileSite/jquery.mobile-1.4.2/demos/_assets/img album-mg.jpg
2015.02.27 04:03 B H:\111 winter 2015\Emerging technologies\responsive website\portfolioWebsite\myMobileSite\jquery.mobile-1.4.2\demos\_assets\img\album-ok.jpg --> studentweb.cencol.ca /lartyukh/portfolioWebsite/myMobileSite/jquery.mobile-1.4.2/demos/_assets/img album-ok.jpg
2015.02.27 04:03 B H:\111 winter 2015\Emerging technologies\responsive website\portfolioWebsite\myMobileSite\jquery.mobile-1.4.2\demos\_assets\img\album-p.jpg --> studentweb.cencol.ca /lartyukh/portfolioWebsite/myMobileSite/jquery.mobile-1.4.2/demos/_assets/img album-p.jpg
2015.02.27 04:03 B H:\111 winter 2015\Emerging technologies\responsive website\portfolioWebsite\myMobileSite\jquery.mobile-1.4.2\demos\_assets\img\album-rh.jpg --> studentweb.cencol.ca /lartyukh/portfolioWebsite/myMobileSite/jquery.mobile-1.4.2/demos/_assets/img album-rh.jpg
2015.02.27 04:03 B H:\111 winter 2015\Emerging technologies\responsive website\portfolioWebsite\myMobileSite\jquery.mobile-1.4.2\demos\_assets\img\album-ws.jpg --> studentweb.cencol.ca /lartyukh/portfolioWebsite/myMobileSite/jquery.mobile-1.4.2/demos/_assets/img album-ws.jpg
2015.02.27 04:03 B H:\111 winter 2015\Emerging technologies\responsive website\portfolioWebsite\myMobileSite\jquery.mobile-1.4.2\demos\_assets\img\album-xx.jpg --> studentweb.cencol.ca /lartyukh/portfolioWebsite/myMobileSite/jquery.mobile-1.4.2/demos/_assets/img album-xx.jpg
2015.02.27 04:03 B H:\111 winter 2015\Emerging technologies\responsive website\portfolioWebsite\myMobileSite\jquery.mobile-1.4.2\demos\_assets\img\apple.png --> studentweb.cencol.ca /lartyukh/portfolioWebsite/myMobileSite/jquery.mobile-1.4.2/demos/_assets/img apple.png
2015.02.27 04:03 B H:\111 winter 2015\Emerging technologies\responsive website\portfolioWebsite\myMobileSite\jquery.mobile-1.4.2\demos\_assets\img\bg-pattern.png --> studentweb.cencol.ca /lartyukh/portfolioWebsite/myMobileSite/jquery.mobile-1.4.2/demos/_assets/img bg-pattern.png
2015.02.27 04:03 B H:\111 winter 2015\Emerging technologies\responsive website\portfolioWebsite\myMobileSite\jquery.mobile-1.4.2\demos\_assets\img\bike.jpg --> studentweb.cencol.ca /lartyukh/portfolioWebsite/myMobileSite/jquery.mobile-1.4.2/demos/_assets/img bike.jpg
2015.02.27 04:03 B H:\111 winter 2015\Emerging technologies\responsive website\portfolioWebsite\myMobileSite\jquery.mobile-1.4.2\demos\_assets\img\blackberry_10.png --> studentweb.cencol.ca /lartyukh/portfolioWebsite/myMobileSite/jquery.mobile-1.4.2/demos/_assets/img blackberry_10.png
2015.02.27 04:03 B H:\111 winter 2015\Emerging technologies\responsive website\portfolioWebsite\myMobileSite\jquery.mobile-1.4.2\demos\_assets\img\bmw-thumb.jpg --> studentweb.cencol.ca /lartyukh/portfolioWebsite/myMobileSite/jquery.mobile-1.4.2/demos/_assets/img bmw-thumb.jpg
2015.02.27 04:03 B H:\111 winter 2015\Emerging technologies\responsive website\portfolioWebsite\myMobileSite\jquery.mobile-1.4.2\demos\_assets\img\bmw.jpg --> studentweb.cencol.ca /lartyukh/portfolioWebsite/myMobileSite/jquery.mobile-1.4.2/demos/_assets/img bmw.jpg
2015.02.27 04:03 B H:\111 winter 2015\Emerging technologies\responsive website\portfolioWebsite\myMobileSite\jquery.mobile-1.4.2\demos\_assets\img\buenosaires.jpg --> studentweb.cencol.ca /lartyukh/portfolioWebsite/myMobileSite/jquery.mobile-1.4.2/demos/_assets/img buenosaires.jpg
2015.02.27 04:03 B H:\111 winter 2015\Emerging technologies\responsive website\portfolioWebsite\myMobileSite\jquery.mobile-1.4.2\demos\_assets\img\capetown.jpg --> studentweb.cencol.ca /lartyukh/portfolioWebsite/myMobileSite/jquery.mobile-1.4.2/demos/_assets/img capetown.jpg
2015.02.27 04:03 B H:\111 winter 2015\Emerging technologies\responsive website\portfolioWebsite\myMobileSite\jquery.mobile-1.4.2\demos\_assets\img\de.png --> studentweb.cencol.ca /lartyukh/portfolioWebsite/myMobileSite/jquery.mobile-1.4.2/demos/_assets/img de.png
2015.02.27 04:03 B H:\111 winter 2015\Emerging technologies\responsive website\portfolioWebsite\myMobileSite\jquery.mobile-1.4.2\demos\_assets\img\devices.png --> studentweb.cencol.ca /lartyukh/portfolioWebsite/myMobileSite/jquery.mobile-1.4.2/demos/_assets/img devices.png
2015.02.27 04:03 B H:\111 winter 2015\Emerging technologies\responsive website\portfolioWebsite\myMobileSite\jquery.mobile-1.4.2\demos\_assets\img\fi.png --> studentweb.cencol.ca /lartyukh/portfolioWebsite/myMobileSite/jquery.mobile-1.4.2/demos/_assets/img fi.png
2015.02.27 04:03 B H:\111 winter 2015\Emerging technologies\responsive website\portfolioWebsite\myMobileSite\jquery.mobile-1.4.2\demos\_assets\img\firefox-logo.png --> studentweb.cencol.ca /lartyukh/portfolioWebsite/myMobileSite/jquery.mobile-1.4.2/demos/_assets/img firefox-logo.png
2015.02.27 04:03 B H:\111 winter 2015\Emerging technologies\responsive website\portfolioWebsite\myMobileSite\jquery.mobile-1.4.2\demos\_assets\img\firefox_os.png --> studentweb.cencol.ca /lartyukh/portfolioWebsite/myMobileSite/jquery.mobile-1.4.2/demos/_assets/img firefox_os.png
2015.02.27 04:03 B H:\111 winter 2015\Emerging technologies\responsive website\portfolioWebsite\myMobileSite\jquery.mobile-1.4.2\demos\_assets\img\galaxy_express.png --> studentweb.cencol.ca /lartyukh/portfolioWebsite/myMobileSite/jquery.mobile-1.4.2/demos/_assets/img galaxy_express.png
2015.02.27 04:03 B H:\111 winter 2015\Emerging technologies\responsive website\portfolioWebsite\myMobileSite\jquery.mobile-1.4.2\demos\_assets\img\gb.png --> studentweb.cencol.ca /lartyukh/portfolioWebsite/myMobileSite/jquery.mobile-1.4.2/demos/_assets/img gb.png
2015.02.27 04:03 B H:\111 winter 2015\Emerging technologies\responsive website\portfolioWebsite\myMobileSite\jquery.mobile-1.4.2\demos\_assets\img\gf.png --> studentweb.cencol.ca /lartyukh/portfolioWebsite/myMobileSite/jquery.mobile-1.4.2/demos/_assets/img gf.png
2015.02.27 04:03 B H:\111 winter 2015\Emerging technologies\responsive website\portfolioWebsite\myMobileSite\jquery.mobile-1.4.2\demos\_assets\img\jquery-logo.png --> studentweb.cencol.ca /lartyukh/portfolioWebsite/myMobileSite/jquery.mobile-1.4.2/demos/_assets/img jquery-logo.png
2015.02.27 04:03 B H:\111 winter 2015\Emerging technologies\responsive website\portfolioWebsite\myMobileSite\jquery.mobile-1.4.2\demos\_assets\img\landrover-thumb.jpg --> studentweb.cencol.ca /lartyukh/portfolioWebsite/myMobileSite/jquery.mobile-1.4.2/demos/_assets/img landrover-thumb.jpg
2015.02.27 04:04 B H:\111 winter 2015\Emerging technologies\responsive website\portfolioWebsite\myMobileSite\jquery.mobile-1.4.2\demos\_assets\img\landrover.jpg --> studentweb.cencol.ca /lartyukh/portfolioWebsite/myMobileSite/jquery.mobile-1.4.2/demos/_assets/img landrover.jpg
2015.02.27 04:04 B H:\111 winter 2015\Emerging technologies\responsive website\portfolioWebsite\myMobileSite\jquery.mobile-1.4.2\demos\_assets\img\lumia_800.png --> studentweb.cencol.ca /lartyukh/portfolioWebsite/myMobileSite/jquery.mobile-1.4.2/demos/_assets/img lumia_800.png
2015.02.27 04:04 B H:\111 winter 2015\Emerging technologies\responsive website\portfolioWebsite\myMobileSite\jquery.mobile-1.4.2\demos\_assets\img\newyork.jpg --> studentweb.cencol.ca /lartyukh/portfolioWebsite/myMobileSite/jquery.mobile-1.4.2/demos/_assets/img newyork.jpg
2015.02.27 04:04 B H:\111 winter 2015\Emerging technologies\responsive website\portfolioWebsite\myMobileSite\jquery.mobile-1.4.2\demos\_assets\img\nexus_7.png --> studentweb.cencol.ca /lartyukh/portfolioWebsite/myMobileSite/jquery.mobile-1.4.2/demos/_assets/img nexus_7.png
2015.02.27 04:04 B H:\111 winter 2015\Emerging technologies\responsive website\portfolioWebsite\myMobileSite\jquery.mobile-1.4.2\demos\_assets\img\paris.jpg --> studentweb.cencol.ca /lartyukh/portfolioWebsite/myMobileSite/jquery.mobile-1.4.2/demos/_assets/img paris.jpg
2015.02.27 04:04 B H:\111 winter 2015\Emerging technologies\responsive website\portfolioWebsite\myMobileSite\jquery.mobile-1.4.2\demos\_assets\img\phone_galaxy3.png.jpg --> studentweb.cencol.ca /lartyukh/portfolioWebsite/myMobileSite/jquery.mobile-1.4.2/demos/_assets/img phone_galaxy3.png.jpg
2015.02.27 04:04 B H:\111 winter 2015\Emerging technologies\responsive website\portfolioWebsite\myMobileSite\jquery.mobile-1.4.2\demos\_assets\img\phone_iphone5.png.jpg --> studentweb.cencol.ca /lartyukh/portfolioWebsite/myMobileSite/jquery.mobile-1.4.2/demos/_assets/img phone_iphone5.png.jpg
2015.02.27 04:04 B H:\111 winter 2015\Emerging technologies\responsive website\portfolioWebsite\myMobileSite\jquery.mobile-1.4.2\demos\_assets\img\phone_lumia920.png.jpg --> studentweb.cencol.ca /lartyukh/portfolioWebsite/myMobileSite/jquery.mobile-1.4.2/demos/_assets/img phone_lumia920.png.jpg
2015.02.27 04:04 B H:\111 winter 2015\Emerging technologies\responsive website\portfolioWebsite\myMobileSite\jquery.mobile-1.4.2\demos\_assets\img\phone_onex.png.jpg --> studentweb.cencol.ca /lartyukh/portfolioWebsite/myMobileSite/jquery.mobile-1.4.2/demos/_assets/img phone_onex.png.jpg
2015.02.27 04:04 B H:\111 winter 2015\Emerging technologies\responsive website\portfolioWebsite\myMobileSite\jquery.mobile-1.4.2\demos\_assets\img\photo-landscape.jpg --> studentweb.cencol.ca /lartyukh/portfolioWebsite/myMobileSite/jquery.mobile-1.4.2/demos/_assets/img photo-landscape.jpg
2015.02.27 04:04 B H:\111 winter 2015\Emerging technologies\responsive website\portfolioWebsite\myMobileSite\jquery.mobile-1.4.2\demos\_assets\img\photo-portrait.jpg --> studentweb.cencol.ca /lartyukh/portfolioWebsite/myMobileSite/jquery.mobile-1.4.2/demos/_assets/img photo-portrait.jpg
2015.02.27 04:04 B H:\111 winter 2015\Emerging technologies\responsive website\portfolioWebsite\myMobileSite\jquery.mobile-1.4.2\demos\_assets\img\photo-run.jpeg --> studentweb.cencol.ca /lartyukh/portfolioWebsite/myMobileSite/jquery.mobile-1.4.2/demos/_assets/img photo-run.jpeg
2015.02.27 04:04 B H:\111 winter 2015\Emerging technologies\responsive website\portfolioWebsite\myMobileSite\jquery.mobile-1.4.2\demos\_assets\img\seoul.jpg --> studentweb.cencol.ca /lartyukh/portfolioWebsite/myMobileSite/jquery.mobile-1.4.2/demos/_assets/img seoul.jpg
2015.02.27 04:04 B H:\111 winter 2015\Emerging technologies\responsive website\portfolioWebsite\myMobileSite\jquery.mobile-1.4.2\demos\_assets\img\sydney.jpg --> studentweb.cencol.ca /lartyukh/portfolioWebsite/myMobileSite/jquery.mobile-1.4.2/demos/_assets/img sydney.jpg
2015.02.27 04:04 B H:\111 winter 2015\Emerging technologies\responsive website\portfolioWebsite\myMobileSite\jquery.mobile-1.4.2\demos\_assets\img\tesla-thumb.jpg --> studentweb.cencol.ca /lartyukh/portfolioWebsite/myMobileSite/jquery.mobile-1.4.2/demos/_assets/img tesla-thumb.jpg
2015.02.27 04:04 B H:\111 winter 2015\Emerging technologies\responsive website\portfolioWebsite\myMobileSite\jquery.mobile-1.4.2\demos\_assets\img\tesla.jpg --> studentweb.cencol.ca /lartyukh/portfolioWebsite/myMobileSite/jquery.mobile-1.4.2/demos/_assets/img tesla.jpg
2015.02.27 04:04 B H:\111 winter 2015\Emerging technologies\responsive website\portfolioWebsite\myMobileSite\jquery.mobile-1.4.2\demos\_assets\img\tizen.png --> studentweb.cencol.ca /lartyukh/portfolioWebsite/myMobileSite/jquery.mobile-1.4.2/demos/_assets/img tizen.png
2015.02.27 04:04 B H:\111 winter 2015\Emerging technologies\responsive website\portfolioWebsite\myMobileSite\jquery.mobile-1.4.2\demos\_assets\img\us.png --> studentweb.cencol.ca /lartyukh/portfolioWebsite/myMobileSite/jquery.mobile-1.4.2/demos/_assets/img us.png
