2015.02.27 07:11 B H:\PROJECTS\web\website\portfolioWebsite\myMobileSite\myScripts\jquery-1.11.0.js --> studentweb.cencol.ca /lartyukh/portfolioWebsite/myMobileSite/myScripts jquery-1.11.0.js
2015.02.27 07:11 B H:\PROJECTS\web\website\portfolioWebsite\myMobileSite\myScripts\jQueryMyMobileSite.js --> studentweb.cencol.ca /lartyukh/portfolioWebsite/myMobileSite/myScripts jQueryMyMobileSite.js
2015.02.27 07:11 B H:\PROJECTS\web\website\portfolioWebsite\myMobileSite\myScripts\myMobileCSS.cs --> studentweb.cencol.ca /lartyukh/portfolioWebsite/myMobileSite/myScripts myMobileCSS.cs
2015.02.27 07:11 B H:\PROJECTS\web\website\portfolioWebsite\myMobileSite\myScripts\sliderCSS.cs --> studentweb.cencol.ca /lartyukh/portfolioWebsite/myMobileSite/myScripts sliderCSS.cs
2015.02.27 07:11 B H:\PROJECTS\web\website\portfolioWebsite\myMobileSite\myScripts\sliderScipt.js --> studentweb.cencol.ca /lartyukh/portfolioWebsite/myMobileSite/myScripts sliderScipt.js
2015.02.27 07:22 B H:\PROJECTS\web\website\portfolioWebsite\myMobileSite\myScripts\jquery-1.11.0.js --> studentweb.cencol.ca /lartyukh/portfolioWebsite/myMobileSite/myScripts jquery-1.11.0.js
2015.02.27 07:22 B H:\PROJECTS\web\website\portfolioWebsite\myMobileSite\myScripts\WS_FTP.LOG --> studentweb.cencol.ca /lartyukh/portfolioWebsite/myMobileSite/myScripts WS_FTP.LOG
2015.02.28 13:23 B H:\PROJECTS\web\website\portfolioWebsite\myMobileSite\myScripts\jquery-1.11.0.js --> studentweb.cencol.ca /lartyukh/portfolioWebsite/myMobileSite/myScripts jquery-1.11.0.js
2015.02.28 13:23 B H:\PROJECTS\web\website\portfolioWebsite\myMobileSite\myScripts\jQueryMyMobileSite.js --> studentweb.cencol.ca /lartyukh/portfolioWebsite/myMobileSite/myScripts jQueryMyMobileSite.js
2015.02.28 13:23 B H:\PROJECTS\web\website\portfolioWebsite\myMobileSite\myScripts\myMobileCSS.cs --> studentweb.cencol.ca /lartyukh/portfolioWebsite/myMobileSite/myScripts myMobileCSS.cs
2015.02.28 13:23 B H:\PROJECTS\web\website\portfolioWebsite\myMobileSite\myScripts\sliderCSS.cs --> studentweb.cencol.ca /lartyukh/portfolioWebsite/myMobileSite/myScripts sliderCSS.cs
2015.02.28 13:23 B H:\PROJECTS\web\website\portfolioWebsite\myMobileSite\myScripts\sliderScipt.js --> studentweb.cencol.ca /lartyukh/portfolioWebsite/myMobileSite/myScripts sliderScipt.js
2015.02.28 14:54 B H:\PROJECTS\web\website\portfolioWebsite\myMobileSite\myScripts\jquery-1.11.0.js --> studentweb.cencol.ca /lartyukh/portfolioWebsite/myMobileSite/myScripts jquery-1.11.0.js
2015.02.28 14:54 B H:\PROJECTS\web\website\portfolioWebsite\myMobileSite\myScripts\jQueryMyMobileSite.js --> studentweb.cencol.ca /lartyukh/portfolioWebsite/myMobileSite/myScripts jQueryMyMobileSite.js
2015.02.28 14:54 B H:\PROJECTS\web\website\portfolioWebsite\myMobileSite\myScripts\WS_FTP.LOG --> studentweb.cencol.ca /lartyukh/portfolioWebsite/myMobileSite/myScripts WS_FTP.LOG
2015.02.28 15:48 B H:\PROJECTS\web\website\portfolioWebsite\myMobileSite\myScripts\jquery-1.11.0.js --> studentweb.cencol.ca /lartyukh/portfolioWebsite/myMobileSite/myScripts jquery-1.11.0.js
2015.02.28 15:48 B H:\PROJECTS\web\website\portfolioWebsite\myMobileSite\myScripts\jQueryMyMobileSite.js --> studentweb.cencol.ca /lartyukh/portfolioWebsite/myMobileSite/myScripts jQueryMyMobileSite.js
2015.02.28 15:48 B H:\PROJECTS\web\website\portfolioWebsite\myMobileSite\myScripts\sliderScript.js --> studentweb.cencol.ca /lartyukh/portfolioWebsite/myMobileSite/myScripts sliderScript.js
2015.02.28 15:48 B H:\PROJECTS\web\website\portfolioWebsite\myMobileSite\myScripts\WS_FTP.LOG --> studentweb.cencol.ca /lartyukh/portfolioWebsite/myMobileSite/myScripts WS_FTP.LOG
2015.02.28 16:04 B H:\PROJECTS\web\website\portfolioWebsite\myMobileSite\myScripts\jQueryMyMobileSite.js --> studentweb.cencol.ca /lartyukh/portfolioWebsite/myMobileSite/myScripts jQueryMyMobileSite.js
2015.02.28 18:35 B H:\PROJECTS\web\website\portfolioWebsite\myMobileSite\myScripts\sliderCSS.cs --> studentweb.cencol.ca /lartyukh/portfolioWebsite/myMobileSite/myScripts sliderCSS.cs
2015.02.28 18:36 B H:\PROJECTS\web\website\portfolioWebsite\myMobileSite\myScripts\myMobileCSS.cs --> studentweb.cencol.ca /lartyukh/portfolioWebsite/myMobileSite/myScripts myMobileCSS.cs
2015.02.28 18:36 B H:\PROJECTS\web\website\portfolioWebsite\myMobileSite\myScripts\sliderCSS.cs --> studentweb.cencol.ca /lartyukh/portfolioWebsite/myMobileSite/myScripts sliderCSS.cs
2015.02.28 23:01 B H:\PROJECTS\web\website\portfolioWebsite\myMobileSite\myScripts\jquery-1.11.0.js --> studentweb.cencol.ca /lartyukh/portfolioWebsite/myMobileSite/myScripts jquery-1.11.0.js
2015.02.28 23:01 B H:\PROJECTS\web\website\portfolioWebsite\myMobileSite\myScripts\jQueryMyMobileSite.js --> studentweb.cencol.ca /lartyukh/portfolioWebsite/myMobileSite/myScripts jQueryMyMobileSite.js
2015.02.28 23:01 B H:\PROJECTS\web\website\portfolioWebsite\myMobileSite\myScripts\myMobileCSS.cs --> studentweb.cencol.ca /lartyukh/portfolioWebsite/myMobileSite/myScripts myMobileCSS.cs
2015.02.28 23:01 B H:\PROJECTS\web\website\portfolioWebsite\myMobileSite\myScripts\sliderCSS.cs --> studentweb.cencol.ca /lartyukh/portfolioWebsite/myMobileSite/myScripts sliderCSS.cs
2015.02.28 23:01 B H:\PROJECTS\web\website\portfolioWebsite\myMobileSite\myScripts\sliderScript.js --> studentweb.cencol.ca /lartyukh/portfolioWebsite/myMobileSite/myScripts sliderScript.js
2015.02.28 23:11 B H:\PROJECTS\web\website\portfolioWebsite\myMobileSite\myScripts\jquery-1.11.0.js --> studentweb.cencol.ca /lartyukh/portfolioWebsite/scripts jquery-1.11.0.js
2015.02.28 23:11 B H:\PROJECTS\web\website\portfolioWebsite\myMobileSite\myScripts\jQueryMyMobileSite.js --> studentweb.cencol.ca /lartyukh/portfolioWebsite/scripts jQueryMyMobileSite.js
2015.02.28 23:11 B H:\PROJECTS\web\website\portfolioWebsite\myMobileSite\myScripts\myMobileCSS.cs --> studentweb.cencol.ca /lartyukh/portfolioWebsite/scripts myMobileCSS.cs
2015.02.28 23:11 B H:\PROJECTS\web\website\portfolioWebsite\myMobileSite\myScripts\sliderCSS.cs --> studentweb.cencol.ca /lartyukh/portfolioWebsite/scripts sliderCSS.cs
2015.02.28 23:11 B H:\PROJECTS\web\website\portfolioWebsite\myMobileSite\myScripts\sliderScript.js --> studentweb.cencol.ca /lartyukh/portfolioWebsite/scripts sliderScript.js
2015.02.28 23:11 B H:\PROJECTS\web\website\portfolioWebsite\myMobileSite\myScripts\jquery-1.11.0.js --> studentweb.cencol.ca /lartyukh/portfolioWebsite/myMobileSite/myScripts jquery-1.11.0.js
2015.02.28 23:11 B H:\PROJECTS\web\website\portfolioWebsite\myMobileSite\myScripts\jQueryMyMobileSite.js --> studentweb.cencol.ca /lartyukh/portfolioWebsite/myMobileSite/myScripts jQueryMyMobileSite.js
2015.02.28 23:11 B H:\PROJECTS\web\website\portfolioWebsite\myMobileSite\myScripts\myMobileCSS.cs --> studentweb.cencol.ca /lartyukh/portfolioWebsite/myMobileSite/myScripts myMobileCSS.cs
2015.02.28 23:11 B H:\PROJECTS\web\website\portfolioWebsite\myMobileSite\myScripts\sliderCSS.cs --> studentweb.cencol.ca /lartyukh/portfolioWebsite/myMobileSite/myScripts sliderCSS.cs
2015.02.28 23:11 B H:\PROJECTS\web\website\portfolioWebsite\myMobileSite\myScripts\sliderScript.js --> studentweb.cencol.ca /lartyukh/portfolioWebsite/myMobileSite/myScripts sliderScript.js
2015.03.01 10:11 B H:\PROJECTS\web\website\portfolioWebsite\myMobileSite\myScripts\jquery-1.11.0.js --> studentweb.cencol.ca /lartyukh/portfolioWebsite/myMobileSite/myScripts jquery-1.11.0.js
2015.03.01 10:11 B H:\PROJECTS\web\website\portfolioWebsite\myMobileSite\myScripts\jQueryMyMobileSite.js --> studentweb.cencol.ca /lartyukh/portfolioWebsite/myMobileSite/myScripts jQueryMyMobileSite.js
2015.03.01 10:11 B H:\PROJECTS\web\website\portfolioWebsite\myMobileSite\myScripts\myMobileCSS.css --> studentweb.cencol.ca /lartyukh/portfolioWebsite/myMobileSite/myScripts myMobileCSS.css
2015.03.01 10:11 B H:\PROJECTS\web\website\portfolioWebsite\myMobileSite\myScripts\sliderCSS.css --> studentweb.cencol.ca /lartyukh/portfolioWebsite/myMobileSite/myScripts sliderCSS.css
2015.03.01 10:11 B H:\PROJECTS\web\website\portfolioWebsite\myMobileSite\myScripts\WS_FTP.LOG --> studentweb.cencol.ca /lartyukh/portfolioWebsite/myMobileSite/myScripts WS_FTP.LOG
2015.03.01 10:25 B H:\PROJECTS\web\website\portfolioWebsite\myMobileSite\myScripts\myMobileCSS.css --> studentweb.cencol.ca /lartyukh/portfolioWebsite/myMobileSite/myScripts myMobileCSS.css
2015.03.01 10:46 B H:\PROJECTS\web\website\portfolioWebsite\myMobileSite\myScripts\sliderScript.js --> studentweb.cencol.ca /lartyukh/portfolioWebsite/myMobileSite sliderScript.js
2015.03.01 11:09 B H:\PROJECTS\web\website\portfolioWebsite\myMobileSite\myScripts\jquery-1.11.0.js --> studentweb.cencol.ca /lartyukh/portfolioWebsite/myMobileSite/myScripts jquery-1.11.0.js
2015.03.01 11:09 B H:\PROJECTS\web\website\portfolioWebsite\myMobileSite\myScripts\jQueryMyMobileSite.js --> studentweb.cencol.ca /lartyukh/portfolioWebsite/myMobileSite/myScripts jQueryMyMobileSite.js
2015.03.01 11:09 B H:\PROJECTS\web\website\portfolioWebsite\myMobileSite\myScripts\sliderScript.js --> studentweb.cencol.ca /lartyukh/portfolioWebsite/myMobileSite/myScripts sliderScript.js
2015.03.01 11:09 B H:\PROJECTS\web\website\portfolioWebsite\myMobileSite\myScripts\sliderScript1.js --> studentweb.cencol.ca /lartyukh/portfolioWebsite/myMobileSite/myScripts sliderScript1.js
2015.03.01 11:09 B H:\PROJECTS\web\website\portfolioWebsite\myMobileSite\myScripts\WS_FTP.LOG --> studentweb.cencol.ca /lartyukh/portfolioWebsite/myMobileSite/myScripts WS_FTP.LOG
2015.03.01 11:11 B H:\PROJECTS\web\website\portfolioWebsite\myMobileSite\myScripts\jQueryMyMobileSite.js --> studentweb.cencol.ca /lartyukh/portfolioWebsite/myMobileSite/myScripts jQueryMyMobileSite.js
2015.03.01 11:31 B H:\PROJECTS\web\website\portfolioWebsite\myMobileSite\myScripts\myMobileCSS.css --> studentweb.cencol.ca /lartyukh/portfolioWebsite/myMobileSite/myScripts myMobileCSS.css
2015.03.01 11:32 B H:\PROJECTS\web\website\portfolioWebsite\myMobileSite\myScripts\jQueryMyMobileSite.js --> studentweb.cencol.ca /lartyukh/portfolioWebsite/myMobileSite/myScripts jQueryMyMobileSite.js
2015.03.01 11:40 B H:\PROJECTS\web\website\portfolioWebsite\myMobileSite\myScripts\jQueryMyMobileSite.js --> studentweb.cencol.ca /lartyukh/portfolioWebsite/myMobileSite/myScripts jQueryMyMobileSite.js
2015.03.22 02:56 B H:\PROJECTS\web\website\portfolioWebsite\myMobileSite\myScripts\jQueryMyMobileSite.js --> studentweb.cencol.ca /lartyukh/portfolioWebsite/myMobileSite/myScripts jQueryMyMobileSite.js
2015.03.22 09:07 B H:\PROJECTS\web\website\portfolioWebsite\myMobileSite\myScripts\jQueryMyMobileSite.js --> studentweb.cencol.ca /lartyukh/portfolioWebsite/myMobileSite/myScripts jQueryMyMobileSite.js
2015.03.22 09:07 B H:\PROJECTS\web\website\portfolioWebsite\myMobileSite\myScripts\myMobileCSS.css --> studentweb.cencol.ca /lartyukh/portfolioWebsite/myMobileSite/myScripts myMobileCSS.css
2015.03.22 09:07 B H:\PROJECTS\web\website\portfolioWebsite\myMobileSite\myScripts\WS_FTP.LOG --> studentweb.cencol.ca /lartyukh/portfolioWebsite/myMobileSite/myScripts WS_FTP.LOG
2015.03.22 12:14 B H:\PROJECTS\web\website\portfolioWebsite\myMobileSite\myScripts\modernizr-2.6.2.min.js --> studentweb.cencol.ca /lartyukh/portfolioWebsite/myMobileSite/myScripts modernizr-2.6.2.min.js
2015.03.22 16:27 B H:\PROJECTS\web\website\portfolioWebsite\myMobileSite\myScripts\jQueryMyMobileSite.js --> studentweb.cencol.ca /lartyukh/portfolioWebsite/myMobileSite/myScripts jQueryMyMobileSite.js
2015.03.22 16:27 B H:\PROJECTS\web\website\portfolioWebsite\myMobileSite\myScripts\myMobileCSS.css --> studentweb.cencol.ca /lartyukh/portfolioWebsite/myMobileSite/myScripts myMobileCSS.css
2015.03.22 16:27 B H:\PROJECTS\web\website\portfolioWebsite\myMobileSite\myScripts\WS_FTP.LOG --> studentweb.cencol.ca /lartyukh/portfolioWebsite/myMobileSite/myScripts WS_FTP.LOG
2015.03.22 18:54 B H:\PROJECTS\web\website\portfolioWebsite\myMobileSite\myScripts\myMobileCSS.css --> studentweb.cencol.ca /lartyukh/portfolioWebsite/myMobileSite/myScripts myMobileCSS.css
2015.03.22 18:54 B H:\PROJECTS\web\website\portfolioWebsite\myMobileSite\myScripts\WS_FTP.LOG --> studentweb.cencol.ca /lartyukh/portfolioWebsite/myMobileSite/myScripts WS_FTP.LOG
2015.03.22 19:18 B H:\PROJECTS\web\website\portfolioWebsite\myMobileSite\myScripts\myMobileCSS.css --> studentweb.cencol.ca /lartyukh/portfolioWebsite/myMobileSite/myScripts myMobileCSS.css
2015.03.22 19:18 B H:\PROJECTS\web\website\portfolioWebsite\myMobileSite\myScripts\WS_FTP.LOG --> studentweb.cencol.ca /lartyukh/portfolioWebsite/myMobileSite/myScripts WS_FTP.LOG
2015.03.22 19:39 B H:\PROJECTS\web\website\portfolioWebsite\myMobileSite\myScripts\jQueryMyMobileSite.js --> studentweb.cencol.ca /lartyukh/portfolioWebsite/myMobileSite/myScripts jQueryMyMobileSite.js
2015.03.22 19:39 B H:\PROJECTS\web\website\portfolioWebsite\myMobileSite\myScripts\WS_FTP.LOG --> studentweb.cencol.ca /lartyukh/portfolioWebsite/myMobileSite/myScripts WS_FTP.LOG
2015.03.22 19:58 B H:\PROJECTS\web\website\portfolioWebsite\myMobileSite\myScripts\jQueryMyMobileSite.js --> studentweb.cencol.ca /lartyukh/portfolioWebsite/myMobileSite/myScripts jQueryMyMobileSite.js
2015.03.22 19:58 B H:\PROJECTS\web\website\portfolioWebsite\myMobileSite\myScripts\WS_FTP.LOG --> studentweb.cencol.ca /lartyukh/portfolioWebsite/myMobileSite/myScripts WS_FTP.LOG
2015.03.22 20:13 B H:\PROJECTS\web\website\portfolioWebsite\myMobileSite\myScripts\jQueryMyMobileSite.js --> studentweb.cencol.ca /lartyukh/portfolioWebsite/myMobileSite/myScripts jQueryMyMobileSite.js
2015.03.22 20:13 B H:\PROJECTS\web\website\portfolioWebsite\myMobileSite\myScripts\WS_FTP.LOG --> studentweb.cencol.ca /lartyukh/portfolioWebsite/myMobileSite/myScripts WS_FTP.LOG
2015.03.22 20:14 B H:\PROJECTS\web\website\portfolioWebsite\myMobileSite\myScripts\WS_FTP.LOG --> studentweb.cencol.ca /lartyukh/portfolioWebsite/myMobileSite/myScripts WS_FTP.LOG
2015.03.22 20:18 B H:\PROJECTS\web\website\portfolioWebsite\myMobileSite\myScripts\WS_FTP.LOG --> studentweb.cencol.ca /lartyukh/portfolioWebsite/myMobileSite/myScripts WS_FTP.LOG
2015.03.22 20:22 B H:\PROJECTS\web\website\portfolioWebsite\myMobileSite\myScripts\jQueryMyMobileSite.js --> studentweb.cencol.ca /lartyukh/portfolioWebsite/myMobileSite/myScripts jQueryMyMobileSite.js
2015.03.22 20:22 B H:\PROJECTS\web\website\portfolioWebsite\myMobileSite\myScripts\WS_FTP.LOG --> studentweb.cencol.ca /lartyukh/portfolioWebsite/myMobileSite/myScripts WS_FTP.LOG
2015.03.22 21:16 B H:\PROJECTS\web\website\portfolioWebsite\myMobileSite\myScripts\jQueryMyMobileSite.js --> studentweb.cencol.ca /lartyukh/portfolioWebsite/myMobileSite/myScripts jQueryMyMobileSite.js
2015.03.22 21:16 B H:\PROJECTS\web\website\portfolioWebsite\myMobileSite\myScripts\WS_FTP.LOG --> studentweb.cencol.ca /lartyukh/portfolioWebsite/myMobileSite/myScripts WS_FTP.LOG
2015.03.22 21:18 B H:\PROJECTS\web\website\portfolioWebsite\myMobileSite\myScripts\WS_FTP.LOG --> studentweb.cencol.ca /lartyukh/portfolioWebsite/myMobileSite/myScripts WS_FTP.LOG
2015.03.22 21:39 B H:\PROJECTS\web\website\portfolioWebsite\myMobileSite\myScripts\WS_FTP.LOG --> studentweb.cencol.ca /lartyukh/portfolioWebsite/myMobileSite/myScripts WS_FTP.LOG
2015.03.22 21:40 B H:\PROJECTS\web\website\portfolioWebsite\myMobileSite\myScripts\WS_FTP.LOG --> studentweb.cencol.ca /lartyukh/portfolioWebsite/myMobileSite/myScripts WS_FTP.LOG
2015.03.22 21:46 B H:\PROJECTS\web\website\portfolioWebsite\myMobileSite\myScripts\WS_FTP.LOG --> studentweb.cencol.ca /lartyukh/portfolioWebsite/myMobileSite/myScripts WS_FTP.LOG
2015.03.22 21:49 B H:\PROJECTS\web\website\portfolioWebsite\myMobileSite\myScripts\WS_FTP.LOG --> studentweb.cencol.ca /lartyukh/portfolioWebsite/myMobileSite/myScripts WS_FTP.LOG
2015.03.22 21:54 B H:\PROJECTS\web\website\portfolioWebsite\myMobileSite\myScripts\WS_FTP.LOG --> studentweb.cencol.ca /lartyukh/portfolioWebsite/myMobileSite/myScripts WS_FTP.LOG
2015.03.22 22:36 B H:\PROJECTS\web\website\portfolioWebsite\myMobileSite\myScripts\WS_FTP.LOG --> studentweb.cencol.ca /lartyukh/portfolioWebsite/myMobileSite/myScripts WS_FTP.LOG
2015.03.22 22:46 B H:\PROJECTS\web\website\portfolioWebsite\myMobileSite\myScripts\WS_FTP.LOG --> studentweb.cencol.ca /lartyukh/portfolioWebsite/myMobileSite/myScripts WS_FTP.LOG
2015.04.27 09:10 B C:\Users\Liliya\Documents\1111 - semester 5 from ecentennial\my portfolio website\portfolioWebsite\myMobileSite\myScripts\WS_FTP.LOG <-- lil /lartyukh/portfolioWebsite/myMobileSite/myScripts WS_FTP.LOG
