2015.02.27 04:08 B H:\111 winter 2015\Emerging technologies\responsive website\portfolioWebsite\myMobileSite\jquery.mobile-1.4.2\images\icons-svg\action-black.svg --> studentweb.cencol.ca /lartyukh/portfolioWebsite/myMobileSite/jquery.mobile-1.4.2/images/icons-svg action-black.svg
2015.02.27 04:08 B H:\111 winter 2015\Emerging technologies\responsive website\portfolioWebsite\myMobileSite\jquery.mobile-1.4.2\images\icons-svg\action-white.svg --> studentweb.cencol.ca /lartyukh/portfolioWebsite/myMobileSite/jquery.mobile-1.4.2/images/icons-svg action-white.svg
2015.02.27 04:08 B H:\111 winter 2015\Emerging technologies\responsive website\portfolioWebsite\myMobileSite\jquery.mobile-1.4.2\images\icons-svg\alert-black.svg --> studentweb.cencol.ca /lartyukh/portfolioWebsite/myMobileSite/jquery.mobile-1.4.2/images/icons-svg alert-black.svg
2015.02.27 04:08 B H:\111 winter 2015\Emerging technologies\responsive website\portfolioWebsite\myMobileSite\jquery.mobile-1.4.2\images\icons-svg\alert-white.svg --> studentweb.cencol.ca /lartyukh/portfolioWebsite/myMobileSite/jquery.mobile-1.4.2/images/icons-svg alert-white.svg
2015.02.27 04:08 B H:\111 winter 2015\Emerging technologies\responsive website\portfolioWebsite\myMobileSite\jquery.mobile-1.4.2\images\icons-svg\arrow-d-black.svg --> studentweb.cencol.ca /lartyukh/portfolioWebsite/myMobileSite/jquery.mobile-1.4.2/images/icons-svg arrow-d-black.svg
2015.02.27 04:08 B H:\111 winter 2015\Emerging technologies\responsive website\portfolioWebsite\myMobileSite\jquery.mobile-1.4.2\images\icons-svg\arrow-d-l-black.svg --> studentweb.cencol.ca /lartyukh/portfolioWebsite/myMobileSite/jquery.mobile-1.4.2/images/icons-svg arrow-d-l-black.svg
2015.02.27 04:08 B H:\111 winter 2015\Emerging technologies\responsive website\portfolioWebsite\myMobileSite\jquery.mobile-1.4.2\images\icons-svg\arrow-d-l-white.svg --> studentweb.cencol.ca /lartyukh/portfolioWebsite/myMobileSite/jquery.mobile-1.4.2/images/icons-svg arrow-d-l-white.svg
2015.02.27 04:08 B H:\111 winter 2015\Emerging technologies\responsive website\portfolioWebsite\myMobileSite\jquery.mobile-1.4.2\images\icons-svg\arrow-d-r-black.svg --> studentweb.cencol.ca /lartyukh/portfolioWebsite/myMobileSite/jquery.mobile-1.4.2/images/icons-svg arrow-d-r-black.svg
2015.02.27 04:08 B H:\111 winter 2015\Emerging technologies\responsive website\portfolioWebsite\myMobileSite\jquery.mobile-1.4.2\images\icons-svg\arrow-d-r-white.svg --> studentweb.cencol.ca /lartyukh/portfolioWebsite/myMobileSite/jquery.mobile-1.4.2/images/icons-svg arrow-d-r-white.svg
2015.02.27 04:08 B H:\111 winter 2015\Emerging technologies\responsive website\portfolioWebsite\myMobileSite\jquery.mobile-1.4.2\images\icons-svg\arrow-d-white.svg --> studentweb.cencol.ca /lartyukh/portfolioWebsite/myMobileSite/jquery.mobile-1.4.2/images/icons-svg arrow-d-white.svg
2015.02.27 04:08 B H:\111 winter 2015\Emerging technologies\responsive website\portfolioWebsite\myMobileSite\jquery.mobile-1.4.2\images\icons-svg\arrow-l-black.svg --> studentweb.cencol.ca /lartyukh/portfolioWebsite/myMobileSite/jquery.mobile-1.4.2/images/icons-svg arrow-l-black.svg
2015.02.27 04:08 B H:\111 winter 2015\Emerging technologies\responsive website\portfolioWebsite\myMobileSite\jquery.mobile-1.4.2\images\icons-svg\arrow-l-white.svg --> studentweb.cencol.ca /lartyukh/portfolioWebsite/myMobileSite/jquery.mobile-1.4.2/images/icons-svg arrow-l-white.svg
2015.02.27 04:08 B H:\111 winter 2015\Emerging technologies\responsive website\portfolioWebsite\myMobileSite\jquery.mobile-1.4.2\images\icons-svg\arrow-r-black.svg --> studentweb.cencol.ca /lartyukh/portfolioWebsite/myMobileSite/jquery.mobile-1.4.2/images/icons-svg arrow-r-black.svg
2015.02.27 04:08 B H:\111 winter 2015\Emerging technologies\responsive website\portfolioWebsite\myMobileSite\jquery.mobile-1.4.2\images\icons-svg\arrow-r-white.svg --> studentweb.cencol.ca /lartyukh/portfolioWebsite/myMobileSite/jquery.mobile-1.4.2/images/icons-svg arrow-r-white.svg
2015.02.27 04:08 B H:\111 winter 2015\Emerging technologies\responsive website\portfolioWebsite\myMobileSite\jquery.mobile-1.4.2\images\icons-svg\arrow-u-black.svg --> studentweb.cencol.ca /lartyukh/portfolioWebsite/myMobileSite/jquery.mobile-1.4.2/images/icons-svg arrow-u-black.svg
2015.02.27 04:08 B H:\111 winter 2015\Emerging technologies\responsive website\portfolioWebsite\myMobileSite\jquery.mobile-1.4.2\images\icons-svg\arrow-u-l-black.svg --> studentweb.cencol.ca /lartyukh/portfolioWebsite/myMobileSite/jquery.mobile-1.4.2/images/icons-svg arrow-u-l-black.svg
2015.02.27 04:08 B H:\111 winter 2015\Emerging technologies\responsive website\portfolioWebsite\myMobileSite\jquery.mobile-1.4.2\images\icons-svg\arrow-u-l-white.svg --> studentweb.cencol.ca /lartyukh/portfolioWebsite/myMobileSite/jquery.mobile-1.4.2/images/icons-svg arrow-u-l-white.svg
2015.02.27 04:08 B H:\111 winter 2015\Emerging technologies\responsive website\portfolioWebsite\myMobileSite\jquery.mobile-1.4.2\images\icons-svg\arrow-u-r-black.svg --> studentweb.cencol.ca /lartyukh/portfolioWebsite/myMobileSite/jquery.mobile-1.4.2/images/icons-svg arrow-u-r-black.svg
2015.02.27 04:08 B H:\111 winter 2015\Emerging technologies\responsive website\portfolioWebsite\myMobileSite\jquery.mobile-1.4.2\images\icons-svg\arrow-u-r-white.svg --> studentweb.cencol.ca /lartyukh/portfolioWebsite/myMobileSite/jquery.mobile-1.4.2/images/icons-svg arrow-u-r-white.svg
2015.02.27 04:08 B H:\111 winter 2015\Emerging technologies\responsive website\portfolioWebsite\myMobileSite\jquery.mobile-1.4.2\images\icons-svg\arrow-u-white.svg --> studentweb.cencol.ca /lartyukh/portfolioWebsite/myMobileSite/jquery.mobile-1.4.2/images/icons-svg arrow-u-white.svg
2015.02.27 04:08 B H:\111 winter 2015\Emerging technologies\responsive website\portfolioWebsite\myMobileSite\jquery.mobile-1.4.2\images\icons-svg\audio-black.svg --> studentweb.cencol.ca /lartyukh/portfolioWebsite/myMobileSite/jquery.mobile-1.4.2/images/icons-svg audio-black.svg
2015.02.27 04:08 B H:\111 winter 2015\Emerging technologies\responsive website\portfolioWebsite\myMobileSite\jquery.mobile-1.4.2\images\icons-svg\audio-white.svg --> studentweb.cencol.ca /lartyukh/portfolioWebsite/myMobileSite/jquery.mobile-1.4.2/images/icons-svg audio-white.svg
2015.02.27 04:08 B H:\111 winter 2015\Emerging technologies\responsive website\portfolioWebsite\myMobileSite\jquery.mobile-1.4.2\images\icons-svg\back-black.svg --> studentweb.cencol.ca /lartyukh/portfolioWebsite/myMobileSite/jquery.mobile-1.4.2/images/icons-svg back-black.svg
2015.02.27 04:08 B H:\111 winter 2015\Emerging technologies\responsive website\portfolioWebsite\myMobileSite\jquery.mobile-1.4.2\images\icons-svg\back-white.svg --> studentweb.cencol.ca /lartyukh/portfolioWebsite/myMobileSite/jquery.mobile-1.4.2/images/icons-svg back-white.svg
2015.02.27 04:08 B H:\111 winter 2015\Emerging technologies\responsive website\portfolioWebsite\myMobileSite\jquery.mobile-1.4.2\images\icons-svg\bars-black.svg --> studentweb.cencol.ca /lartyukh/portfolioWebsite/myMobileSite/jquery.mobile-1.4.2/images/icons-svg bars-black.svg
2015.02.27 04:08 B H:\111 winter 2015\Emerging technologies\responsive website\portfolioWebsite\myMobileSite\jquery.mobile-1.4.2\images\icons-svg\bars-white.svg --> studentweb.cencol.ca /lartyukh/portfolioWebsite/myMobileSite/jquery.mobile-1.4.2/images/icons-svg bars-white.svg
2015.02.27 04:08 B H:\111 winter 2015\Emerging technologies\responsive website\portfolioWebsite\myMobileSite\jquery.mobile-1.4.2\images\icons-svg\bullets-black.svg --> studentweb.cencol.ca /lartyukh/portfolioWebsite/myMobileSite/jquery.mobile-1.4.2/images/icons-svg bullets-black.svg
2015.02.27 04:08 B H:\111 winter 2015\Emerging technologies\responsive website\portfolioWebsite\myMobileSite\jquery.mobile-1.4.2\images\icons-svg\bullets-white.svg --> studentweb.cencol.ca /lartyukh/portfolioWebsite/myMobileSite/jquery.mobile-1.4.2/images/icons-svg bullets-white.svg
2015.02.27 04:08 B H:\111 winter 2015\Emerging technologies\responsive website\portfolioWebsite\myMobileSite\jquery.mobile-1.4.2\images\icons-svg\calendar-black.svg --> studentweb.cencol.ca /lartyukh/portfolioWebsite/myMobileSite/jquery.mobile-1.4.2/images/icons-svg calendar-black.svg
2015.02.27 04:08 B H:\111 winter 2015\Emerging technologies\responsive website\portfolioWebsite\myMobileSite\jquery.mobile-1.4.2\images\icons-svg\calendar-white.svg --> studentweb.cencol.ca /lartyukh/portfolioWebsite/myMobileSite/jquery.mobile-1.4.2/images/icons-svg calendar-white.svg
2015.02.27 04:08 B H:\111 winter 2015\Emerging technologies\responsive website\portfolioWebsite\myMobileSite\jquery.mobile-1.4.2\images\icons-svg\camera-black.svg --> studentweb.cencol.ca /lartyukh/portfolioWebsite/myMobileSite/jquery.mobile-1.4.2/images/icons-svg camera-black.svg
2015.02.27 04:08 B H:\111 winter 2015\Emerging technologies\responsive website\portfolioWebsite\myMobileSite\jquery.mobile-1.4.2\images\icons-svg\camera-white.svg --> studentweb.cencol.ca /lartyukh/portfolioWebsite/myMobileSite/jquery.mobile-1.4.2/images/icons-svg camera-white.svg
2015.02.27 04:08 B H:\111 winter 2015\Emerging technologies\responsive website\portfolioWebsite\myMobileSite\jquery.mobile-1.4.2\images\icons-svg\carat-d-black.svg --> studentweb.cencol.ca /lartyukh/portfolioWebsite/myMobileSite/jquery.mobile-1.4.2/images/icons-svg carat-d-black.svg
2015.02.27 04:08 B H:\111 winter 2015\Emerging technologies\responsive website\portfolioWebsite\myMobileSite\jquery.mobile-1.4.2\images\icons-svg\carat-d-white.svg --> studentweb.cencol.ca /lartyukh/portfolioWebsite/myMobileSite/jquery.mobile-1.4.2/images/icons-svg carat-d-white.svg
2015.02.27 04:08 B H:\111 winter 2015\Emerging technologies\responsive website\portfolioWebsite\myMobileSite\jquery.mobile-1.4.2\images\icons-svg\carat-l-black.svg --> studentweb.cencol.ca /lartyukh/portfolioWebsite/myMobileSite/jquery.mobile-1.4.2/images/icons-svg carat-l-black.svg
2015.02.27 04:08 B H:\111 winter 2015\Emerging technologies\responsive website\portfolioWebsite\myMobileSite\jquery.mobile-1.4.2\images\icons-svg\carat-l-white.svg --> studentweb.cencol.ca /lartyukh/portfolioWebsite/myMobileSite/jquery.mobile-1.4.2/images/icons-svg carat-l-white.svg
2015.02.27 04:08 B H:\111 winter 2015\Emerging technologies\responsive website\portfolioWebsite\myMobileSite\jquery.mobile-1.4.2\images\icons-svg\carat-r-black.svg --> studentweb.cencol.ca /lartyukh/portfolioWebsite/myMobileSite/jquery.mobile-1.4.2/images/icons-svg carat-r-black.svg
2015.02.27 04:08 B H:\111 winter 2015\Emerging technologies\responsive website\portfolioWebsite\myMobileSite\jquery.mobile-1.4.2\images\icons-svg\carat-r-white.svg --> studentweb.cencol.ca /lartyukh/portfolioWebsite/myMobileSite/jquery.mobile-1.4.2/images/icons-svg carat-r-white.svg
2015.02.27 04:08 B H:\111 winter 2015\Emerging technologies\responsive website\portfolioWebsite\myMobileSite\jquery.mobile-1.4.2\images\icons-svg\carat-u-black.svg --> studentweb.cencol.ca /lartyukh/portfolioWebsite/myMobileSite/jquery.mobile-1.4.2/images/icons-svg carat-u-black.svg
2015.02.27 04:08 B H:\111 winter 2015\Emerging technologies\responsive website\portfolioWebsite\myMobileSite\jquery.mobile-1.4.2\images\icons-svg\carat-u-white.svg --> studentweb.cencol.ca /lartyukh/portfolioWebsite/myMobileSite/jquery.mobile-1.4.2/images/icons-svg carat-u-white.svg
2015.02.27 04:08 B H:\111 winter 2015\Emerging technologies\responsive website\portfolioWebsite\myMobileSite\jquery.mobile-1.4.2\images\icons-svg\check-black.svg --> studentweb.cencol.ca /lartyukh/portfolioWebsite/myMobileSite/jquery.mobile-1.4.2/images/icons-svg check-black.svg
2015.02.27 04:08 B H:\111 winter 2015\Emerging technologies\responsive website\portfolioWebsite\myMobileSite\jquery.mobile-1.4.2\images\icons-svg\check-white.svg --> studentweb.cencol.ca /lartyukh/portfolioWebsite/myMobileSite/jquery.mobile-1.4.2/images/icons-svg check-white.svg
2015.02.27 04:08 B H:\111 winter 2015\Emerging technologies\responsive website\portfolioWebsite\myMobileSite\jquery.mobile-1.4.2\images\icons-svg\clock-black.svg --> studentweb.cencol.ca /lartyukh/portfolioWebsite/myMobileSite/jquery.mobile-1.4.2/images/icons-svg clock-black.svg
2015.02.27 04:08 B H:\111 winter 2015\Emerging technologies\responsive website\portfolioWebsite\myMobileSite\jquery.mobile-1.4.2\images\icons-svg\clock-white.svg --> studentweb.cencol.ca /lartyukh/portfolioWebsite/myMobileSite/jquery.mobile-1.4.2/images/icons-svg clock-white.svg
2015.02.27 04:08 B H:\111 winter 2015\Emerging technologies\responsive website\portfolioWebsite\myMobileSite\jquery.mobile-1.4.2\images\icons-svg\cloud-black.svg --> studentweb.cencol.ca /lartyukh/portfolioWebsite/myMobileSite/jquery.mobile-1.4.2/images/icons-svg cloud-black.svg
2015.02.27 04:08 B H:\111 winter 2015\Emerging technologies\responsive website\portfolioWebsite\myMobileSite\jquery.mobile-1.4.2\images\icons-svg\cloud-white.svg --> studentweb.cencol.ca /lartyukh/portfolioWebsite/myMobileSite/jquery.mobile-1.4.2/images/icons-svg cloud-white.svg
2015.02.27 04:08 B H:\111 winter 2015\Emerging technologies\responsive website\portfolioWebsite\myMobileSite\jquery.mobile-1.4.2\images\icons-svg\comment-black.svg --> studentweb.cencol.ca /lartyukh/portfolioWebsite/myMobileSite/jquery.mobile-1.4.2/images/icons-svg comment-black.svg
2015.02.27 04:08 B H:\111 winter 2015\Emerging technologies\responsive website\portfolioWebsite\myMobileSite\jquery.mobile-1.4.2\images\icons-svg\comment-white.svg --> studentweb.cencol.ca /lartyukh/portfolioWebsite/myMobileSite/jquery.mobile-1.4.2/images/icons-svg comment-white.svg
2015.02.27 04:08 B H:\111 winter 2015\Emerging technologies\responsive website\portfolioWebsite\myMobileSite\jquery.mobile-1.4.2\images\icons-svg\delete-black.svg --> studentweb.cencol.ca /lartyukh/portfolioWebsite/myMobileSite/jquery.mobile-1.4.2/images/icons-svg delete-black.svg
2015.02.27 04:08 B H:\111 winter 2015\Emerging technologies\responsive website\portfolioWebsite\myMobileSite\jquery.mobile-1.4.2\images\icons-svg\delete-white.svg --> studentweb.cencol.ca /lartyukh/portfolioWebsite/myMobileSite/jquery.mobile-1.4.2/images/icons-svg delete-white.svg
2015.02.27 04:08 B H:\111 winter 2015\Emerging technologies\responsive website\portfolioWebsite\myMobileSite\jquery.mobile-1.4.2\images\icons-svg\edit-black.svg --> studentweb.cencol.ca /lartyukh/portfolioWebsite/myMobileSite/jquery.mobile-1.4.2/images/icons-svg edit-black.svg
2015.02.27 04:08 B H:\111 winter 2015\Emerging technologies\responsive website\portfolioWebsite\myMobileSite\jquery.mobile-1.4.2\images\icons-svg\edit-white.svg --> studentweb.cencol.ca /lartyukh/portfolioWebsite/myMobileSite/jquery.mobile-1.4.2/images/icons-svg edit-white.svg
2015.02.27 04:08 B H:\111 winter 2015\Emerging technologies\responsive website\portfolioWebsite\myMobileSite\jquery.mobile-1.4.2\images\icons-svg\eye-black.svg --> studentweb.cencol.ca /lartyukh/portfolioWebsite/myMobileSite/jquery.mobile-1.4.2/images/icons-svg eye-black.svg
2015.02.27 04:08 B H:\111 winter 2015\Emerging technologies\responsive website\portfolioWebsite\myMobileSite\jquery.mobile-1.4.2\images\icons-svg\eye-white.svg --> studentweb.cencol.ca /lartyukh/portfolioWebsite/myMobileSite/jquery.mobile-1.4.2/images/icons-svg eye-white.svg
2015.02.27 04:08 B H:\111 winter 2015\Emerging technologies\responsive website\portfolioWebsite\myMobileSite\jquery.mobile-1.4.2\images\icons-svg\forbidden-black.svg --> studentweb.cencol.ca /lartyukh/portfolioWebsite/myMobileSite/jquery.mobile-1.4.2/images/icons-svg forbidden-black.svg
2015.02.27 04:08 B H:\111 winter 2015\Emerging technologies\responsive website\portfolioWebsite\myMobileSite\jquery.mobile-1.4.2\images\icons-svg\forbidden-white.svg --> studentweb.cencol.ca /lartyukh/portfolioWebsite/myMobileSite/jquery.mobile-1.4.2/images/icons-svg forbidden-white.svg
2015.02.27 04:08 B H:\111 winter 2015\Emerging technologies\responsive website\portfolioWebsite\myMobileSite\jquery.mobile-1.4.2\images\icons-svg\forward-black.svg --> studentweb.cencol.ca /lartyukh/portfolioWebsite/myMobileSite/jquery.mobile-1.4.2/images/icons-svg forward-black.svg
2015.02.27 04:08 B H:\111 winter 2015\Emerging technologies\responsive website\portfolioWebsite\myMobileSite\jquery.mobile-1.4.2\images\icons-svg\forward-white.svg --> studentweb.cencol.ca /lartyukh/portfolioWebsite/myMobileSite/jquery.mobile-1.4.2/images/icons-svg forward-white.svg
2015.02.27 04:08 B H:\111 winter 2015\Emerging technologies\responsive website\portfolioWebsite\myMobileSite\jquery.mobile-1.4.2\images\icons-svg\gear-black.svg --> studentweb.cencol.ca /lartyukh/portfolioWebsite/myMobileSite/jquery.mobile-1.4.2/images/icons-svg gear-black.svg
2015.02.27 04:08 B H:\111 winter 2015\Emerging technologies\responsive website\portfolioWebsite\myMobileSite\jquery.mobile-1.4.2\images\icons-svg\gear-white.svg --> studentweb.cencol.ca /lartyukh/portfolioWebsite/myMobileSite/jquery.mobile-1.4.2/images/icons-svg gear-white.svg
2015.02.27 04:08 B H:\111 winter 2015\Emerging technologies\responsive website\portfolioWebsite\myMobileSite\jquery.mobile-1.4.2\images\icons-svg\grid-black.svg --> studentweb.cencol.ca /lartyukh/portfolioWebsite/myMobileSite/jquery.mobile-1.4.2/images/icons-svg grid-black.svg
2015.02.27 04:08 B H:\111 winter 2015\Emerging technologies\responsive website\portfolioWebsite\myMobileSite\jquery.mobile-1.4.2\images\icons-svg\grid-white.svg --> studentweb.cencol.ca /lartyukh/portfolioWebsite/myMobileSite/jquery.mobile-1.4.2/images/icons-svg grid-white.svg
2015.02.27 04:08 B H:\111 winter 2015\Emerging technologies\responsive website\portfolioWebsite\myMobileSite\jquery.mobile-1.4.2\images\icons-svg\heart-black.svg --> studentweb.cencol.ca /lartyukh/portfolioWebsite/myMobileSite/jquery.mobile-1.4.2/images/icons-svg heart-black.svg
2015.02.27 04:08 B H:\111 winter 2015\Emerging technologies\responsive website\portfolioWebsite\myMobileSite\jquery.mobile-1.4.2\images\icons-svg\heart-white.svg --> studentweb.cencol.ca /lartyukh/portfolioWebsite/myMobileSite/jquery.mobile-1.4.2/images/icons-svg heart-white.svg
2015.02.27 04:08 B H:\111 winter 2015\Emerging technologies\responsive website\portfolioWebsite\myMobileSite\jquery.mobile-1.4.2\images\icons-svg\home-black.svg --> studentweb.cencol.ca /lartyukh/portfolioWebsite/myMobileSite/jquery.mobile-1.4.2/images/icons-svg home-black.svg
2015.02.27 04:08 B H:\111 winter 2015\Emerging technologies\responsive website\portfolioWebsite\myMobileSite\jquery.mobile-1.4.2\images\icons-svg\home-white.svg --> studentweb.cencol.ca /lartyukh/portfolioWebsite/myMobileSite/jquery.mobile-1.4.2/images/icons-svg home-white.svg
2015.02.27 04:08 B H:\111 winter 2015\Emerging technologies\responsive website\portfolioWebsite\myMobileSite\jquery.mobile-1.4.2\images\icons-svg\info-black.svg --> studentweb.cencol.ca /lartyukh/portfolioWebsite/myMobileSite/jquery.mobile-1.4.2/images/icons-svg info-black.svg
2015.02.27 04:08 B H:\111 winter 2015\Emerging technologies\responsive website\portfolioWebsite\myMobileSite\jquery.mobile-1.4.2\images\icons-svg\info-white.svg --> studentweb.cencol.ca /lartyukh/portfolioWebsite/myMobileSite/jquery.mobile-1.4.2/images/icons-svg info-white.svg
2015.02.27 04:08 B H:\111 winter 2015\Emerging technologies\responsive website\portfolioWebsite\myMobileSite\jquery.mobile-1.4.2\images\icons-svg\location-black.svg --> studentweb.cencol.ca /lartyukh/portfolioWebsite/myMobileSite/jquery.mobile-1.4.2/images/icons-svg location-black.svg
2015.02.27 04:08 B H:\111 winter 2015\Emerging technologies\responsive website\portfolioWebsite\myMobileSite\jquery.mobile-1.4.2\images\icons-svg\location-white.svg --> studentweb.cencol.ca /lartyukh/portfolioWebsite/myMobileSite/jquery.mobile-1.4.2/images/icons-svg location-white.svg
2015.02.27 04:08 B H:\111 winter 2015\Emerging technologies\responsive website\portfolioWebsite\myMobileSite\jquery.mobile-1.4.2\images\icons-svg\lock-black.svg --> studentweb.cencol.ca /lartyukh/portfolioWebsite/myMobileSite/jquery.mobile-1.4.2/images/icons-svg lock-black.svg
2015.02.27 04:08 B H:\111 winter 2015\Emerging technologies\responsive website\portfolioWebsite\myMobileSite\jquery.mobile-1.4.2\images\icons-svg\lock-white.svg --> studentweb.cencol.ca /lartyukh/portfolioWebsite/myMobileSite/jquery.mobile-1.4.2/images/icons-svg lock-white.svg
2015.02.27 04:08 B H:\111 winter 2015\Emerging technologies\responsive website\portfolioWebsite\myMobileSite\jquery.mobile-1.4.2\images\icons-svg\mail-black.svg --> studentweb.cencol.ca /lartyukh/portfolioWebsite/myMobileSite/jquery.mobile-1.4.2/images/icons-svg mail-black.svg
2015.02.27 04:08 B H:\111 winter 2015\Emerging technologies\responsive website\portfolioWebsite\myMobileSite\jquery.mobile-1.4.2\images\icons-svg\mail-white.svg --> studentweb.cencol.ca /lartyukh/portfolioWebsite/myMobileSite/jquery.mobile-1.4.2/images/icons-svg mail-white.svg
2015.02.27 04:08 B H:\111 winter 2015\Emerging technologies\responsive website\portfolioWebsite\myMobileSite\jquery.mobile-1.4.2\images\icons-svg\minus-black.svg --> studentweb.cencol.ca /lartyukh/portfolioWebsite/myMobileSite/jquery.mobile-1.4.2/images/icons-svg minus-black.svg
2015.02.27 04:08 B H:\111 winter 2015\Emerging technologies\responsive website\portfolioWebsite\myMobileSite\jquery.mobile-1.4.2\images\icons-svg\minus-white.svg --> studentweb.cencol.ca /lartyukh/portfolioWebsite/myMobileSite/jquery.mobile-1.4.2/images/icons-svg minus-white.svg
2015.02.27 04:08 B H:\111 winter 2015\Emerging technologies\responsive website\portfolioWebsite\myMobileSite\jquery.mobile-1.4.2\images\icons-svg\navigation-black.svg --> studentweb.cencol.ca /lartyukh/portfolioWebsite/myMobileSite/jquery.mobile-1.4.2/images/icons-svg navigation-black.svg
2015.02.27 04:08 B H:\111 winter 2015\Emerging technologies\responsive website\portfolioWebsite\myMobileSite\jquery.mobile-1.4.2\images\icons-svg\navigation-white.svg --> studentweb.cencol.ca /lartyukh/portfolioWebsite/myMobileSite/jquery.mobile-1.4.2/images/icons-svg navigation-white.svg
2015.02.27 04:08 B H:\111 winter 2015\Emerging technologies\responsive website\portfolioWebsite\myMobileSite\jquery.mobile-1.4.2\images\icons-svg\phone-black.svg --> studentweb.cencol.ca /lartyukh/portfolioWebsite/myMobileSite/jquery.mobile-1.4.2/images/icons-svg phone-black.svg
2015.02.27 04:08 B H:\111 winter 2015\Emerging technologies\responsive website\portfolioWebsite\myMobileSite\jquery.mobile-1.4.2\images\icons-svg\phone-white.svg --> studentweb.cencol.ca /lartyukh/portfolioWebsite/myMobileSite/jquery.mobile-1.4.2/images/icons-svg phone-white.svg
2015.02.27 04:08 B H:\111 winter 2015\Emerging technologies\responsive website\portfolioWebsite\myMobileSite\jquery.mobile-1.4.2\images\icons-svg\plus-black.svg --> studentweb.cencol.ca /lartyukh/portfolioWebsite/myMobileSite/jquery.mobile-1.4.2/images/icons-svg plus-black.svg
2015.02.27 04:08 B H:\111 winter 2015\Emerging technologies\responsive website\portfolioWebsite\myMobileSite\jquery.mobile-1.4.2\images\icons-svg\plus-white.svg --> studentweb.cencol.ca /lartyukh/portfolioWebsite/myMobileSite/jquery.mobile-1.4.2/images/icons-svg plus-white.svg
2015.02.27 04:08 B H:\111 winter 2015\Emerging technologies\responsive website\portfolioWebsite\myMobileSite\jquery.mobile-1.4.2\images\icons-svg\power-black.svg --> studentweb.cencol.ca /lartyukh/portfolioWebsite/myMobileSite/jquery.mobile-1.4.2/images/icons-svg power-black.svg
2015.02.27 04:08 B H:\111 winter 2015\Emerging technologies\responsive website\portfolioWebsite\myMobileSite\jquery.mobile-1.4.2\images\icons-svg\power-white.svg --> studentweb.cencol.ca /lartyukh/portfolioWebsite/myMobileSite/jquery.mobile-1.4.2/images/icons-svg power-white.svg
2015.02.27 04:08 B H:\111 winter 2015\Emerging technologies\responsive website\portfolioWebsite\myMobileSite\jquery.mobile-1.4.2\images\icons-svg\recycle-black.svg --> studentweb.cencol.ca /lartyukh/portfolioWebsite/myMobileSite/jquery.mobile-1.4.2/images/icons-svg recycle-black.svg
2015.02.27 04:08 B H:\111 winter 2015\Emerging technologies\responsive website\portfolioWebsite\myMobileSite\jquery.mobile-1.4.2\images\icons-svg\recycle-white.svg --> studentweb.cencol.ca /lartyukh/portfolioWebsite/myMobileSite/jquery.mobile-1.4.2/images/icons-svg recycle-white.svg
2015.02.27 04:08 B H:\111 winter 2015\Emerging technologies\responsive website\portfolioWebsite\myMobileSite\jquery.mobile-1.4.2\images\icons-svg\refresh-black.svg --> studentweb.cencol.ca /lartyukh/portfolioWebsite/myMobileSite/jquery.mobile-1.4.2/images/icons-svg refresh-black.svg
2015.02.27 04:08 B H:\111 winter 2015\Emerging technologies\responsive website\portfolioWebsite\myMobileSite\jquery.mobile-1.4.2\images\icons-svg\refresh-white.svg --> studentweb.cencol.ca /lartyukh/portfolioWebsite/myMobileSite/jquery.mobile-1.4.2/images/icons-svg refresh-white.svg
2015.02.27 04:08 B H:\111 winter 2015\Emerging technologies\responsive website\portfolioWebsite\myMobileSite\jquery.mobile-1.4.2\images\icons-svg\search-black.svg --> studentweb.cencol.ca /lartyukh/portfolioWebsite/myMobileSite/jquery.mobile-1.4.2/images/icons-svg search-black.svg
2015.02.27 04:08 B H:\111 winter 2015\Emerging technologies\responsive website\portfolioWebsite\myMobileSite\jquery.mobile-1.4.2\images\icons-svg\search-white.svg --> studentweb.cencol.ca /lartyukh/portfolioWebsite/myMobileSite/jquery.mobile-1.4.2/images/icons-svg search-white.svg
2015.02.27 04:08 B H:\111 winter 2015\Emerging technologies\responsive website\portfolioWebsite\myMobileSite\jquery.mobile-1.4.2\images\icons-svg\shop-black.svg --> studentweb.cencol.ca /lartyukh/portfolioWebsite/myMobileSite/jquery.mobile-1.4.2/images/icons-svg shop-black.svg
2015.02.27 04:08 B H:\111 winter 2015\Emerging technologies\responsive website\portfolioWebsite\myMobileSite\jquery.mobile-1.4.2\images\icons-svg\shop-white.svg --> studentweb.cencol.ca /lartyukh/portfolioWebsite/myMobileSite/jquery.mobile-1.4.2/images/icons-svg shop-white.svg
2015.02.27 04:08 B H:\111 winter 2015\Emerging technologies\responsive website\portfolioWebsite\myMobileSite\jquery.mobile-1.4.2\images\icons-svg\star-black.svg --> studentweb.cencol.ca /lartyukh/portfolioWebsite/myMobileSite/jquery.mobile-1.4.2/images/icons-svg star-black.svg
2015.02.27 04:08 B H:\111 winter 2015\Emerging technologies\responsive website\portfolioWebsite\myMobileSite\jquery.mobile-1.4.2\images\icons-svg\star-white.svg --> studentweb.cencol.ca /lartyukh/portfolioWebsite/myMobileSite/jquery.mobile-1.4.2/images/icons-svg star-white.svg
2015.02.27 04:08 B H:\111 winter 2015\Emerging technologies\responsive website\portfolioWebsite\myMobileSite\jquery.mobile-1.4.2\images\icons-svg\tag-black.svg --> studentweb.cencol.ca /lartyukh/portfolioWebsite/myMobileSite/jquery.mobile-1.4.2/images/icons-svg tag-black.svg
2015.02.27 04:08 B H:\111 winter 2015\Emerging technologies\responsive website\portfolioWebsite\myMobileSite\jquery.mobile-1.4.2\images\icons-svg\tag-white.svg --> studentweb.cencol.ca /lartyukh/portfolioWebsite/myMobileSite/jquery.mobile-1.4.2/images/icons-svg tag-white.svg
2015.02.27 04:08 B H:\111 winter 2015\Emerging technologies\responsive website\portfolioWebsite\myMobileSite\jquery.mobile-1.4.2\images\icons-svg\user-black.svg --> studentweb.cencol.ca /lartyukh/portfolioWebsite/myMobileSite/jquery.mobile-1.4.2/images/icons-svg user-black.svg
2015.02.27 04:08 B H:\111 winter 2015\Emerging technologies\responsive website\portfolioWebsite\myMobileSite\jquery.mobile-1.4.2\images\icons-svg\user-white.svg --> studentweb.cencol.ca /lartyukh/portfolioWebsite/myMobileSite/jquery.mobile-1.4.2/images/icons-svg user-white.svg
2015.02.27 04:08 B H:\111 winter 2015\Emerging technologies\responsive website\portfolioWebsite\myMobileSite\jquery.mobile-1.4.2\images\icons-svg\video-black.svg --> studentweb.cencol.ca /lartyukh/portfolioWebsite/myMobileSite/jquery.mobile-1.4.2/images/icons-svg video-black.svg
2015.02.27 04:08 B H:\111 winter 2015\Emerging technologies\responsive website\portfolioWebsite\myMobileSite\jquery.mobile-1.4.2\images\icons-svg\video-white.svg --> studentweb.cencol.ca /lartyukh/portfolioWebsite/myMobileSite/jquery.mobile-1.4.2/images/icons-svg video-white.svg
